<?xml version="1.0" encoding="UTF-8"?>
<!-- Generated by org.testng.reporters.JUnitXMLReporter -->
<testsuite hostname="ShishirDwivedi" name="SeamlessStoreCard" tests="1" failures="0" timestamp="11 Nov 2014 09:59:24 GMT" time="318.773" errors="0">
  <testcase name="@AfterTest tearDown" time="0.0" classname="Test.AdminPanel.Filters.TestBlackListing">
    <failure type="java.lang.AssertionError" message="The following asserts failed:
&amp;lt;font color=&amp;apos;Red&amp;apos;&amp;gt;Browser could not be opened&amp;lt;/font&amp;gt;&amp;lt;/br&amp;gt;This is generated by soft asset">
      <![CDATA[java.lang.AssertionError: The following asserts failed:
<font color='Red'>Browser could not be opened</font></br>This is generated by soft asset
	at Utils.TestBase.tearDown(TestBase.java:132)
... Removed 29 stack frames]]>
    </failure>
  </testcase> <!-- @AfterTest tearDown -->
  <testcase name="blackListedPhoneNoGlobal" time="318.738" classname="Test.AdminPanel.Filters.TestBlackListing">
    <skipped/>
  </testcase> <!-- blackListedPhoneNoGlobal -->
</testsuite> <!-- SeamlessStoreCard -->
