<?xml version="1.0" encoding="UTF-8" ?>
<testsuite tests="12" failures="10" name="TestSuite" time="721.465" errors="0" skipped="0">
  <properties>
[...]
</properties>
  <testcase classname="Test.AdminPanel.Payments.TestSeamlessStoreCard" name="testTransactionSavedSeamlessStoredcard" time="108.968">
    <failure message="Timed out after 40 seconds waiting for visibility of Proxy element for: org.openqa.selenium.support.pagefactory.DefaultElementLocator@1236f234
Build info: version: &apos;2.44.0&apos;, revision: &apos;76d78cf323ce037c5f92db6c1bba601c2ac43ad8&apos;, time: &apos;2014-10-23 13:11:40&apos;
System info: host: &apos;ShishirDwivedi&apos;, ip: &apos;192.168.1.101&apos;, os.name: &apos;Windows 7&apos;, os.arch: &apos;amd64&apos;, os.version: &apos;6.1&apos;, java.version: &apos;1.8.0_11&apos;
Driver info: org.openqa.selenium.firefox.FirefoxDriver
Capabilities [{applicationCacheEnabled=true, rotatable=false, handlesAlerts=true, databaseEnabled=true, version=29.0, platform=WINDOWS, browserConnectionEnabled=true, nativeEvents=false, acceptSslCerts=true, webStorageEnabled=true, locationContextEnabled=true, browserName=firefox, takesScreenshot=true, javascriptEnabled=true, cssSelectorsEnabled=true}]
Session ID: 808d99f7-893c-4a8b-8712-f285d42e1f2e" type="org.openqa.selenium.TimeoutException">org.openqa.selenium.TimeoutException: Timed out after 40 seconds waiting for visibility of Proxy element for: org.openqa.selenium.support.pagefactory.DefaultElementLocator@1236f234
Build info: version: &apos;2.44.0&apos;, revision: &apos;76d78cf323ce037c5f92db6c1bba601c2ac43ad8&apos;, time: &apos;2014-10-23 13:11:40&apos;
System info: host: &apos;ShishirDwivedi&apos;, ip: &apos;192.168.1.101&apos;, os.name: &apos;Windows 7&apos;, os.arch: &apos;amd64&apos;, os.version: &apos;6.1&apos;, java.version: &apos;1.8.0_11&apos;
Driver info: org.openqa.selenium.firefox.FirefoxDriver
Capabilities [{applicationCacheEnabled=true, rotatable=false, handlesAlerts=true, databaseEnabled=true, version=29.0, platform=WINDOWS, browserConnectionEnabled=true, nativeEvents=false, acceptSslCerts=true, webStorageEnabled=true, locationContextEnabled=true, browserName=firefox, takesScreenshot=true, javascriptEnabled=true, cssSelectorsEnabled=true}]
Session ID: 808d99f7-893c-4a8b-8712-f285d42e1f2e
	at org.openqa.selenium.support.ui.WebDriverWait.timeoutException(WebDriverWait.java:79)
	at org.openqa.selenium.support.ui.FluentWait.until(FluentWait.java:228)
	at Utils.Browser.waitForPageLoad(Browser.java:563)
	at PageObject.AdminPanel.Home.AdminPage.&lt;init&gt;(AdminPage.java:26)
	at Test.AdminPanel.Payments.TransactionHelper.DoLogin(TransactionHelper.java:142)
	at Test.AdminPanel.Payments.TestSeamlessStoreCard.testTransactionSavedSeamlessStoredcard(TestSeamlessStoreCard.java:370)
Caused by: org.openqa.selenium.NoSuchElementException: Unable to locate element: {&quot;method&quot;:&quot;link text&quot;,&quot;selector&quot;:&quot;Admin Login&quot;}
Command duration or timeout: 30.07 seconds
For documentation on this error, please visit: http://seleniumhq.org/exceptions/no_such_element.html
Build info: version: &apos;2.44.0&apos;, revision: &apos;76d78cf323ce037c5f92db6c1bba601c2ac43ad8&apos;, time: &apos;2014-10-23 13:11:40&apos;
System info: host: &apos;ShishirDwivedi&apos;, ip: &apos;192.168.1.101&apos;, os.name: &apos;Windows 7&apos;, os.arch: &apos;amd64&apos;, os.version: &apos;6.1&apos;, java.version: &apos;1.8.0_11&apos;
Driver info: org.openqa.selenium.firefox.FirefoxDriver
Capabilities [{applicationCacheEnabled=true, rotatable=false, handlesAlerts=true, databaseEnabled=true, version=29.0, platform=WINDOWS, browserConnectionEnabled=true, nativeEvents=false, acceptSslCerts=true, webStorageEnabled=true, locationContextEnabled=true, browserName=firefox, takesScreenshot=true, javascriptEnabled=true, cssSelectorsEnabled=true}]
Session ID: 808d99f7-893c-4a8b-8712-f285d42e1f2e
	at sun.reflect.NativeConstructorAccessorImpl.newInstance0(Native Method)
	at sun.reflect.NativeConstructorAccessorImpl.newInstance(NativeConstructorAccessorImpl.java:62)
	at sun.reflect.DelegatingConstructorAccessorImpl.newInstance(DelegatingConstructorAccessorImpl.java:45)
	at java.lang.reflect.Constructor.newInstance(Constructor.java:408)
	at org.openqa.selenium.remote.ErrorHandler.createThrowable(ErrorHandler.java:204)
	at org.openqa.selenium.remote.ErrorHandler.throwIfResponseFailed(ErrorHandler.java:156)
	at org.openqa.selenium.remote.RemoteWebDriver.execute(RemoteWebDriver.java:599)
	at org.openqa.selenium.remote.RemoteWebDriver.findElement(RemoteWebDriver.java:352)
	at org.openqa.selenium.remote.RemoteWebDriver.findElementByLinkText(RemoteWebDriver.java:401)
	at org.openqa.selenium.By$ByLinkText.findElement(By.java:242)
	at org.openqa.selenium.remote.RemoteWebDriver.findElement(RemoteWebDriver.java:344)
	at org.openqa.selenium.support.pagefactory.DefaultElementLocator.findElement(DefaultElementLocator.java:59)
	at org.openqa.selenium.support.pagefactory.internal.LocatingElementHandler.invoke(LocatingElementHandler.java:37)
	at com.sun.proxy.$Proxy9.isDisplayed(Unknown Source)
	at org.openqa.selenium.support.ui.ExpectedConditions.elementIfVisible(ExpectedConditions.java:227)
	at org.openqa.selenium.support.ui.ExpectedConditions.access$100(ExpectedConditions.java:39)
	at org.openqa.selenium.support.ui.ExpectedConditions$7.apply(ExpectedConditions.java:213)
	at org.openqa.selenium.support.ui.ExpectedConditions$7.apply(ExpectedConditions.java:210)
	at org.openqa.selenium.support.ui.FluentWait.until(FluentWait.java:208)
	... 16 more
Caused by: org.openqa.selenium.NoSuchElementException: Unable to locate element: {&quot;method&quot;:&quot;link text&quot;,&quot;selector&quot;:&quot;Admin Login&quot;}
For documentation on this error, please visit: http://seleniumhq.org/exceptions/no_such_element.html
Build info: version: &apos;2.44.0&apos;, revision: &apos;76d78cf323ce037c5f92db6c1bba601c2ac43ad8&apos;, time: &apos;2014-10-23 13:11:40&apos;
System info: host: &apos;ShishirDwivedi&apos;, ip: &apos;192.168.1.101&apos;, os.name: &apos;Windows 7&apos;, os.arch: &apos;amd64&apos;, os.version: &apos;6.1&apos;, java.version: &apos;1.8.0_11&apos;
Driver info: driver.version: unknown
	at &lt;anonymous class&gt;.FirefoxDriver.prototype.findElementInternal_(file:///C:/Users/SHISHI~1.DWI/AppData/Local/Temp/anonymous8478796089914106627webdriver-profile/extensions/fxdriver@googlecode.com/components/driver-component.js:9641)
	at &lt;anonymous class&gt;.fxdriver.Timer.prototype.setTimeout/&lt;.notify(file:///C:/Users/SHISHI~1.DWI/AppData/Local/Temp/anonymous8478796089914106627webdriver-profile/extensions/fxdriver@googlecode.com/components/driver-component.js:548)
</failure>
    <system-out>Get TestData Excel:-&apos;ProductTestData.xls&apos;, Sheet:- &apos;PaymentType&apos;
Get TestData Excel:-&apos;ProductTestData.xls&apos;, Sheet:- &apos;TransactionDetails&apos;
Navigate to web page- &apos;https://admin.payu.in/home&apos;
Added the cookie - Name: &apos;test_name&apos; Value: &apos;Test.AdminPanel.Payments.TestSeamlessStoreCard.SavedDebitCardTransaction&apos; Domain: &apos;.payu.in&apos; Expiry: &apos;Sun Nov 16 19:08:14 IST 2014&apos;
Wait for page load by waiting for element [oxy element for: org.openqa.selenium.support.pagefactory.DefaultElementLocator@1236f234
Added the cookie - Name: &apos;test_name&apos; Value: &apos;Test.AdminPanel.Payments.TestSeamlessStoreCard.Save_new_store_DCcard&apos; Domain: &apos;.payu.in&apos; Expiry: &apos;Sun Nov 16 19:08:31 IST 2014&apos;
Wait for page load by waiting for element [oxy element for: org.openqa.selenium.support.pagefactory.DefaultElementLocator@2483c9b7
Wait for page load by waiting for element [oxy element for: org.openqa.selenium.support.pagefactory.DefaultElementLocator@5feb2b12
&lt;B&gt;Page URL&lt;/B&gt;:- https://admin.payu.in/home
&lt;B&gt;Screenshot&lt;/B&gt;:- &lt;a href=html/2014-11-15_19-09-55_Test.AdminPanel.Payments.TestSeamlessStoreCard.testTransactionSavedSeamlessStoredcard.png target=&apos;_blank&apos; &gt;2014-11-15_19-09-55_Test.AdminPanel.Payments.TestSeamlessStoreCard.testTransactionSavedSeamlessStoredcard.png&lt;/a&gt;
org.openqa.selenium.TimeoutException: Timed out after 40 seconds waiting for visibility of Proxy element for: org.openqa.selenium.support.pagefactory.DefaultElementLocator@1236f234
Build info: version: &apos;2.44.0&apos;, revision: &apos;76d78cf323ce037c5f92db6c1bba601c2ac43ad8&apos;, time: &apos;2014-10-23 13:11:40&apos;
System info: host: &apos;ShishirDwivedi&apos;, ip: &apos;192.168.1.101&apos;, os.name: &apos;Windows 7&apos;, os.arch: &apos;amd64&apos;, os.version: &apos;6.1&apos;, java.version: &apos;1.8.0_11&apos;
Driver info: org.openqa.selenium.firefox.FirefoxDriver
Capabilities [{applicationCacheEnabled=true, rotatable=false, handlesAlerts=true, databaseEnabled=true, version=29.0, platform=WINDOWS, browserConnectionEnabled=true, nativeEvents=false, acceptSslCerts=true, webStorageEnabled=true, locationContextEnabled=true, browserName=firefox, takesScreenshot=true, javascriptEnabled=true, cssSelectorsEnabled=true}]
Session ID: 808d99f7-893c-4a8b-8712-f285d42e1f2e
</system-out>
  </testcase>
  <testcase classname="Test.AdminPanel.Payments.TestSeamlessStoreCard" name="SavedDebitCardTransaction" time="127.7">
    <failure message="Timed out after 40 seconds waiting for visibility of Proxy element for: org.openqa.selenium.support.pagefactory.DefaultElementLocator@2483c9b7
Build info: version: &apos;2.44.0&apos;, revision: &apos;76d78cf323ce037c5f92db6c1bba601c2ac43ad8&apos;, time: &apos;2014-10-23 13:11:40&apos;
System info: host: &apos;ShishirDwivedi&apos;, ip: &apos;192.168.1.101&apos;, os.name: &apos;Windows 7&apos;, os.arch: &apos;amd64&apos;, os.version: &apos;6.1&apos;, java.version: &apos;1.8.0_11&apos;
Driver info: org.openqa.selenium.firefox.FirefoxDriver
Capabilities [{applicationCacheEnabled=true, rotatable=false, handlesAlerts=true, databaseEnabled=true, version=29.0, platform=WINDOWS, browserConnectionEnabled=true, nativeEvents=false, acceptSslCerts=true, webStorageEnabled=true, locationContextEnabled=true, browserName=firefox, takesScreenshot=true, javascriptEnabled=true, cssSelectorsEnabled=true}]
Session ID: 0d121897-3cd5-4000-bbc1-bcf54b78fc6d" type="org.openqa.selenium.TimeoutException">org.openqa.selenium.TimeoutException: Timed out after 40 seconds waiting for visibility of Proxy element for: org.openqa.selenium.support.pagefactory.DefaultElementLocator@2483c9b7
Build info: version: &apos;2.44.0&apos;, revision: &apos;76d78cf323ce037c5f92db6c1bba601c2ac43ad8&apos;, time: &apos;2014-10-23 13:11:40&apos;
System info: host: &apos;ShishirDwivedi&apos;, ip: &apos;192.168.1.101&apos;, os.name: &apos;Windows 7&apos;, os.arch: &apos;amd64&apos;, os.version: &apos;6.1&apos;, java.version: &apos;1.8.0_11&apos;
Driver info: org.openqa.selenium.firefox.FirefoxDriver
Capabilities [{applicationCacheEnabled=true, rotatable=false, handlesAlerts=true, databaseEnabled=true, version=29.0, platform=WINDOWS, browserConnectionEnabled=true, nativeEvents=false, acceptSslCerts=true, webStorageEnabled=true, locationContextEnabled=true, browserName=firefox, takesScreenshot=true, javascriptEnabled=true, cssSelectorsEnabled=true}]
Session ID: 0d121897-3cd5-4000-bbc1-bcf54b78fc6d
	at org.openqa.selenium.support.ui.WebDriverWait.timeoutException(WebDriverWait.java:79)
	at org.openqa.selenium.support.ui.FluentWait.until(FluentWait.java:228)
	at Utils.Browser.waitForPageLoad(Browser.java:563)
	at PageObject.AdminPanel.Home.AdminPage.&lt;init&gt;(AdminPage.java:26)
	at Test.AdminPanel.Payments.TransactionHelper.DoLogin(TransactionHelper.java:142)
	at Test.AdminPanel.Payments.TestSeamlessStoreCard.SavedDebitCardTransaction(TestSeamlessStoreCard.java:350)
Caused by: org.openqa.selenium.NoSuchElementException: Unable to locate element: {&quot;method&quot;:&quot;link text&quot;,&quot;selector&quot;:&quot;Admin Login&quot;}
Command duration or timeout: 30.07 seconds
For documentation on this error, please visit: http://seleniumhq.org/exceptions/no_such_element.html
Build info: version: &apos;2.44.0&apos;, revision: &apos;76d78cf323ce037c5f92db6c1bba601c2ac43ad8&apos;, time: &apos;2014-10-23 13:11:40&apos;
System info: host: &apos;ShishirDwivedi&apos;, ip: &apos;192.168.1.101&apos;, os.name: &apos;Windows 7&apos;, os.arch: &apos;amd64&apos;, os.version: &apos;6.1&apos;, java.version: &apos;1.8.0_11&apos;
Driver info: org.openqa.selenium.firefox.FirefoxDriver
Capabilities [{applicationCacheEnabled=true, rotatable=false, handlesAlerts=true, databaseEnabled=true, version=29.0, platform=WINDOWS, browserConnectionEnabled=true, nativeEvents=false, acceptSslCerts=true, webStorageEnabled=true, locationContextEnabled=true, browserName=firefox, takesScreenshot=true, javascriptEnabled=true, cssSelectorsEnabled=true}]
Session ID: 0d121897-3cd5-4000-bbc1-bcf54b78fc6d
	at sun.reflect.NativeConstructorAccessorImpl.newInstance0(Native Method)
	at sun.reflect.NativeConstructorAccessorImpl.newInstance(NativeConstructorAccessorImpl.java:62)
	at sun.reflect.DelegatingConstructorAccessorImpl.newInstance(DelegatingConstructorAccessorImpl.java:45)
	at java.lang.reflect.Constructor.newInstance(Constructor.java:408)
	at org.openqa.selenium.remote.ErrorHandler.createThrowable(ErrorHandler.java:204)
	at org.openqa.selenium.remote.ErrorHandler.throwIfResponseFailed(ErrorHandler.java:156)
	at org.openqa.selenium.remote.RemoteWebDriver.execute(RemoteWebDriver.java:599)
	at org.openqa.selenium.remote.RemoteWebDriver.findElement(RemoteWebDriver.java:352)
	at org.openqa.selenium.remote.RemoteWebDriver.findElementByLinkText(RemoteWebDriver.java:401)
	at org.openqa.selenium.By$ByLinkText.findElement(By.java:242)
	at org.openqa.selenium.remote.RemoteWebDriver.findElement(RemoteWebDriver.java:344)
	at org.openqa.selenium.support.pagefactory.DefaultElementLocator.findElement(DefaultElementLocator.java:59)
	at org.openqa.selenium.support.pagefactory.internal.LocatingElementHandler.invoke(LocatingElementHandler.java:37)
	at com.sun.proxy.$Proxy9.isDisplayed(Unknown Source)
	at org.openqa.selenium.support.ui.ExpectedConditions.elementIfVisible(ExpectedConditions.java:227)
	at org.openqa.selenium.support.ui.ExpectedConditions.access$100(ExpectedConditions.java:39)
	at org.openqa.selenium.support.ui.ExpectedConditions$7.apply(ExpectedConditions.java:213)
	at org.openqa.selenium.support.ui.ExpectedConditions$7.apply(ExpectedConditions.java:210)
	at org.openqa.selenium.support.ui.FluentWait.until(FluentWait.java:208)
	... 16 more
Caused by: org.openqa.selenium.NoSuchElementException: Unable to locate element: {&quot;method&quot;:&quot;link text&quot;,&quot;selector&quot;:&quot;Admin Login&quot;}
For documentation on this error, please visit: http://seleniumhq.org/exceptions/no_such_element.html
Build info: version: &apos;2.44.0&apos;, revision: &apos;76d78cf323ce037c5f92db6c1bba601c2ac43ad8&apos;, time: &apos;2014-10-23 13:11:40&apos;
System info: host: &apos;ShishirDwivedi&apos;, ip: &apos;192.168.1.101&apos;, os.name: &apos;Windows 7&apos;, os.arch: &apos;amd64&apos;, os.version: &apos;6.1&apos;, java.version: &apos;1.8.0_11&apos;
Driver info: driver.version: unknown
	at &lt;anonymous class&gt;.FirefoxDriver.prototype.findElementInternal_(file:///C:/Users/SHISHI~1.DWI/AppData/Local/Temp/anonymous3759229522390991861webdriver-profile/extensions/fxdriver@googlecode.com/components/driver-component.js:9641)
	at &lt;anonymous class&gt;.fxdriver.Timer.prototype.setTimeout/&lt;.notify(file:///C:/Users/SHISHI~1.DWI/AppData/Local/Temp/anonymous3759229522390991861webdriver-profile/extensions/fxdriver@googlecode.com/components/driver-component.js:548)
</failure>
    <system-out>Get TestData Excel:-&apos;ProductTestData.xls&apos;, Sheet:- &apos;PaymentType&apos;
Get TestData Excel:-&apos;ProductTestData.xls&apos;, Sheet:- &apos;TransactionDetails&apos;
Navigate to web page- &apos;https://admin.payu.in/home&apos;
Added the cookie - Name: &apos;test_name&apos; Value: &apos;Test.AdminPanel.Payments.TestSeamlessStoreCard.SavedDebitCardTransaction&apos; Domain: &apos;.payu.in&apos; Expiry: &apos;Sun Nov 16 19:08:14 IST 2014&apos;
Wait for page load by waiting for element [oxy element for: org.openqa.selenium.support.pagefactory.DefaultElementLocator@1236f234
Added the cookie - Name: &apos;test_name&apos; Value: &apos;Test.AdminPanel.Payments.TestSeamlessStoreCard.Save_new_store_DCcard&apos; Domain: &apos;.payu.in&apos; Expiry: &apos;Sun Nov 16 19:08:31 IST 2014&apos;
Wait for page load by waiting for element [oxy element for: org.openqa.selenium.support.pagefactory.DefaultElementLocator@2483c9b7
Wait for page load by waiting for element [oxy element for: org.openqa.selenium.support.pagefactory.DefaultElementLocator@5feb2b12
&lt;B&gt;Page URL&lt;/B&gt;:- https://admin.payu.in/home
&lt;B&gt;Screenshot&lt;/B&gt;:- &lt;a href=html/2014-11-15_19-09-55_Test.AdminPanel.Payments.TestSeamlessStoreCard.testTransactionSavedSeamlessStoredcard.png target=&apos;_blank&apos; &gt;2014-11-15_19-09-55_Test.AdminPanel.Payments.TestSeamlessStoreCard.testTransactionSavedSeamlessStoredcard.png&lt;/a&gt;
org.openqa.selenium.TimeoutException: Timed out after 40 seconds waiting for visibility of Proxy element for: org.openqa.selenium.support.pagefactory.DefaultElementLocator@1236f234
Build info: version: &apos;2.44.0&apos;, revision: &apos;76d78cf323ce037c5f92db6c1bba601c2ac43ad8&apos;, time: &apos;2014-10-23 13:11:40&apos;
System info: host: &apos;ShishirDwivedi&apos;, ip: &apos;192.168.1.101&apos;, os.name: &apos;Windows 7&apos;, os.arch: &apos;amd64&apos;, os.version: &apos;6.1&apos;, java.version: &apos;1.8.0_11&apos;
Driver info: org.openqa.selenium.firefox.FirefoxDriver
Capabilities [{applicationCacheEnabled=true, rotatable=false, handlesAlerts=true, databaseEnabled=true, version=29.0, platform=WINDOWS, browserConnectionEnabled=true, nativeEvents=false, acceptSslCerts=true, webStorageEnabled=true, locationContextEnabled=true, browserName=firefox, takesScreenshot=true, javascriptEnabled=true, cssSelectorsEnabled=true}]
Session ID: 808d99f7-893c-4a8b-8712-f285d42e1f2e
</system-out>
  </testcase>
  <testcase classname="Test.AdminPanel.Payments.TestSeamlessStoreCard" name="Save_new_store_DCcard" time="143.992">
    <failure message="Timed out after 40 seconds waiting for visibility of Proxy element for: org.openqa.selenium.support.pagefactory.DefaultElementLocator@5feb2b12
Build info: version: &apos;2.44.0&apos;, revision: &apos;76d78cf323ce037c5f92db6c1bba601c2ac43ad8&apos;, time: &apos;2014-10-23 13:11:40&apos;
System info: host: &apos;ShishirDwivedi&apos;, ip: &apos;192.168.1.101&apos;, os.name: &apos;Windows 7&apos;, os.arch: &apos;amd64&apos;, os.version: &apos;6.1&apos;, java.version: &apos;1.8.0_11&apos;
Driver info: org.openqa.selenium.firefox.FirefoxDriver
Capabilities [{applicationCacheEnabled=true, rotatable=false, handlesAlerts=true, databaseEnabled=true, version=29.0, platform=WINDOWS, browserConnectionEnabled=true, nativeEvents=false, acceptSslCerts=true, webStorageEnabled=true, locationContextEnabled=true, browserName=firefox, takesScreenshot=true, javascriptEnabled=true, cssSelectorsEnabled=true}]
Session ID: 2c72bd8a-2c13-43bf-9388-fde9e29e20e9" type="org.openqa.selenium.TimeoutException">org.openqa.selenium.TimeoutException: Timed out after 40 seconds waiting for visibility of Proxy element for: org.openqa.selenium.support.pagefactory.DefaultElementLocator@5feb2b12
Build info: version: &apos;2.44.0&apos;, revision: &apos;76d78cf323ce037c5f92db6c1bba601c2ac43ad8&apos;, time: &apos;2014-10-23 13:11:40&apos;
System info: host: &apos;ShishirDwivedi&apos;, ip: &apos;192.168.1.101&apos;, os.name: &apos;Windows 7&apos;, os.arch: &apos;amd64&apos;, os.version: &apos;6.1&apos;, java.version: &apos;1.8.0_11&apos;
Driver info: org.openqa.selenium.firefox.FirefoxDriver
Capabilities [{applicationCacheEnabled=true, rotatable=false, handlesAlerts=true, databaseEnabled=true, version=29.0, platform=WINDOWS, browserConnectionEnabled=true, nativeEvents=false, acceptSslCerts=true, webStorageEnabled=true, locationContextEnabled=true, browserName=firefox, takesScreenshot=true, javascriptEnabled=true, cssSelectorsEnabled=true}]
Session ID: 2c72bd8a-2c13-43bf-9388-fde9e29e20e9
	at org.openqa.selenium.support.ui.WebDriverWait.timeoutException(WebDriverWait.java:79)
	at org.openqa.selenium.support.ui.FluentWait.until(FluentWait.java:228)
	at Utils.Browser.waitForPageLoad(Browser.java:563)
	at PageObject.AdminPanel.Home.AdminPage.&lt;init&gt;(AdminPage.java:26)
	at Test.AdminPanel.Payments.TransactionHelper.DoLogin(TransactionHelper.java:142)
	at Test.AdminPanel.Payments.TestSeamlessStoreCard.Save_new_store_DCcard(TestSeamlessStoreCard.java:37)
Caused by: org.openqa.selenium.NoSuchElementException: Unable to locate element: {&quot;method&quot;:&quot;link text&quot;,&quot;selector&quot;:&quot;Admin Login&quot;}
Command duration or timeout: 30.07 seconds
For documentation on this error, please visit: http://seleniumhq.org/exceptions/no_such_element.html
Build info: version: &apos;2.44.0&apos;, revision: &apos;76d78cf323ce037c5f92db6c1bba601c2ac43ad8&apos;, time: &apos;2014-10-23 13:11:40&apos;
System info: host: &apos;ShishirDwivedi&apos;, ip: &apos;192.168.1.101&apos;, os.name: &apos;Windows 7&apos;, os.arch: &apos;amd64&apos;, os.version: &apos;6.1&apos;, java.version: &apos;1.8.0_11&apos;
Driver info: org.openqa.selenium.firefox.FirefoxDriver
Capabilities [{applicationCacheEnabled=true, rotatable=false, handlesAlerts=true, databaseEnabled=true, version=29.0, platform=WINDOWS, browserConnectionEnabled=true, nativeEvents=false, acceptSslCerts=true, webStorageEnabled=true, locationContextEnabled=true, browserName=firefox, takesScreenshot=true, javascriptEnabled=true, cssSelectorsEnabled=true}]
Session ID: 2c72bd8a-2c13-43bf-9388-fde9e29e20e9
	at sun.reflect.NativeConstructorAccessorImpl.newInstance0(Native Method)
	at sun.reflect.NativeConstructorAccessorImpl.newInstance(NativeConstructorAccessorImpl.java:62)
	at sun.reflect.DelegatingConstructorAccessorImpl.newInstance(DelegatingConstructorAccessorImpl.java:45)
	at java.lang.reflect.Constructor.newInstance(Constructor.java:408)
	at org.openqa.selenium.remote.ErrorHandler.createThrowable(ErrorHandler.java:204)
	at org.openqa.selenium.remote.ErrorHandler.throwIfResponseFailed(ErrorHandler.java:156)
	at org.openqa.selenium.remote.RemoteWebDriver.execute(RemoteWebDriver.java:599)
	at org.openqa.selenium.remote.RemoteWebDriver.findElement(RemoteWebDriver.java:352)
	at org.openqa.selenium.remote.RemoteWebDriver.findElementByLinkText(RemoteWebDriver.java:401)
	at org.openqa.selenium.By$ByLinkText.findElement(By.java:242)
	at org.openqa.selenium.remote.RemoteWebDriver.findElement(RemoteWebDriver.java:344)
	at org.openqa.selenium.support.pagefactory.DefaultElementLocator.findElement(DefaultElementLocator.java:59)
	at org.openqa.selenium.support.pagefactory.internal.LocatingElementHandler.invoke(LocatingElementHandler.java:37)
	at com.sun.proxy.$Proxy9.isDisplayed(Unknown Source)
	at org.openqa.selenium.support.ui.ExpectedConditions.elementIfVisible(ExpectedConditions.java:227)
	at org.openqa.selenium.support.ui.ExpectedConditions.access$100(ExpectedConditions.java:39)
	at org.openqa.selenium.support.ui.ExpectedConditions$7.apply(ExpectedConditions.java:213)
	at org.openqa.selenium.support.ui.ExpectedConditions$7.apply(ExpectedConditions.java:210)
	at org.openqa.selenium.support.ui.FluentWait.until(FluentWait.java:208)
	... 16 more
Caused by: org.openqa.selenium.NoSuchElementException: Unable to locate element: {&quot;method&quot;:&quot;link text&quot;,&quot;selector&quot;:&quot;Admin Login&quot;}
For documentation on this error, please visit: http://seleniumhq.org/exceptions/no_such_element.html
Build info: version: &apos;2.44.0&apos;, revision: &apos;76d78cf323ce037c5f92db6c1bba601c2ac43ad8&apos;, time: &apos;2014-10-23 13:11:40&apos;
System info: host: &apos;ShishirDwivedi&apos;, ip: &apos;192.168.1.101&apos;, os.name: &apos;Windows 7&apos;, os.arch: &apos;amd64&apos;, os.version: &apos;6.1&apos;, java.version: &apos;1.8.0_11&apos;
Driver info: driver.version: unknown
	at &lt;anonymous class&gt;.FirefoxDriver.prototype.findElementInternal_(file:///C:/Users/SHISHI~1.DWI/AppData/Local/Temp/anonymous632558720331228893webdriver-profile/extensions/fxdriver@googlecode.com/components/driver-component.js:9641)
	at &lt;anonymous class&gt;.fxdriver.Timer.prototype.setTimeout/&lt;.notify(file:///C:/Users/SHISHI~1.DWI/AppData/Local/Temp/anonymous632558720331228893webdriver-profile/extensions/fxdriver@googlecode.com/components/driver-component.js:548)
</failure>
    <system-out>Get TestData Excel:-&apos;ProductTestData.xls&apos;, Sheet:- &apos;PaymentType&apos;
Get TestData Excel:-&apos;ProductTestData.xls&apos;, Sheet:- &apos;TransactionDetails&apos;
Navigate to web page- &apos;https://admin.payu.in/home&apos;
Added the cookie - Name: &apos;test_name&apos; Value: &apos;Test.AdminPanel.Payments.TestSeamlessStoreCard.SavedDebitCardTransaction&apos; Domain: &apos;.payu.in&apos; Expiry: &apos;Sun Nov 16 19:08:14 IST 2014&apos;
Wait for page load by waiting for element [oxy element for: org.openqa.selenium.support.pagefactory.DefaultElementLocator@1236f234
Added the cookie - Name: &apos;test_name&apos; Value: &apos;Test.AdminPanel.Payments.TestSeamlessStoreCard.Save_new_store_DCcard&apos; Domain: &apos;.payu.in&apos; Expiry: &apos;Sun Nov 16 19:08:31 IST 2014&apos;
Wait for page load by waiting for element [oxy element for: org.openqa.selenium.support.pagefactory.DefaultElementLocator@2483c9b7
Wait for page load by waiting for element [oxy element for: org.openqa.selenium.support.pagefactory.DefaultElementLocator@5feb2b12
&lt;B&gt;Page URL&lt;/B&gt;:- https://admin.payu.in/home
&lt;B&gt;Screenshot&lt;/B&gt;:- &lt;a href=html/2014-11-15_19-09-55_Test.AdminPanel.Payments.TestSeamlessStoreCard.testTransactionSavedSeamlessStoredcard.png target=&apos;_blank&apos; &gt;2014-11-15_19-09-55_Test.AdminPanel.Payments.TestSeamlessStoreCard.testTransactionSavedSeamlessStoredcard.png&lt;/a&gt;
org.openqa.selenium.TimeoutException: Timed out after 40 seconds waiting for visibility of Proxy element for: org.openqa.selenium.support.pagefactory.DefaultElementLocator@1236f234
Build info: version: &apos;2.44.0&apos;, revision: &apos;76d78cf323ce037c5f92db6c1bba601c2ac43ad8&apos;, time: &apos;2014-10-23 13:11:40&apos;
System info: host: &apos;ShishirDwivedi&apos;, ip: &apos;192.168.1.101&apos;, os.name: &apos;Windows 7&apos;, os.arch: &apos;amd64&apos;, os.version: &apos;6.1&apos;, java.version: &apos;1.8.0_11&apos;
Driver info: org.openqa.selenium.firefox.FirefoxDriver
Capabilities [{applicationCacheEnabled=true, rotatable=false, handlesAlerts=true, databaseEnabled=true, version=29.0, platform=WINDOWS, browserConnectionEnabled=true, nativeEvents=false, acceptSslCerts=true, webStorageEnabled=true, locationContextEnabled=true, browserName=firefox, takesScreenshot=true, javascriptEnabled=true, cssSelectorsEnabled=true}]
Session ID: 808d99f7-893c-4a8b-8712-f285d42e1f2e
</system-out>
  </testcase>
  <testcase classname="Test.AdminPanel.Payments.TestTransactionNB" name="test_NB_AXISNB" time="48.94"/>
  <testcase classname="Test.AdminPanel.Payments.TestTransactionSeamlessNB" name="test_Seamless_NB_AXISNB" time="34.721"/>
  <testcase classname="Test.AdminPanel.Payments.TestSeamlessRSA" name="test_CC_RSA" time="68.429">
    <failure message="expected [true] but found [false]" type="java.lang.AssertionError">java.lang.AssertionError: expected [true] but found [false]
	at org.testng.Assert.fail(Assert.java:94)
	at org.testng.Assert.failNotEquals(Assert.java:494)
	at org.testng.Assert.assertTrue(Assert.java:42)
	at org.testng.Assert.assertTrue(Assert.java:52)
	at Test.AdminPanel.Payments.TestSeamlessRSA.test_CC_RSA(TestSeamlessRSA.java:41)
</failure>
    <system-out>Get TestData Excel:-&apos;ProductTestData.xls&apos;, Sheet:- &apos;PaymentType&apos;
Get TestData Excel:-&apos;ProductTestData.xls&apos;, Sheet:- &apos;TransactionDetails&apos;
Navigate to web page- &apos;https://admin.payu.in/home&apos;
Added the cookie - Name: &apos;test_name&apos; Value: &apos;Test.AdminPanel.Payments.TestSeamlessRSA.test_CC_RSA&apos; Domain: &apos;.payu.in&apos; Expiry: &apos;Sun Nov 16 19:12:25 IST 2014&apos;
Wait for page load by waiting for element [link text: Admin Login]
Click on &apos;Admin Login link&apos;
Wait for page load by waiting for element [id: username]
Enter the User name as &apos;qc2&apos;
Enter the Password as &apos;Password2&apos;
Click on &apos;Submit Button&apos;
Wait for page load by waiting for element [link text: Test Transaction]
Navigate to web page- &apos;https://admin.payu.in/home&apos;
Added the cookie - Name: &apos;test_name&apos; Value: &apos;Test.AdminPanel.Payments.TestSeamlessRSA.test_CC_RSA&apos; Domain: &apos;.payu.in&apos; Expiry: &apos;Sun Nov 16 19:12:30 IST 2014&apos;
Wait for page load by waiting for element [link text: Test Transaction]
Click on &apos;Test Transaction Link&apos;
Wait for page load by waiting for element [name: amount]
Get TestData Excel:-&apos;ProductTestData.xls&apos;, Sheet:- &apos;PGInfo&apos;
Get TestData Excel:-&apos;ProductTestData.xls&apos;, Sheet:- &apos;SQL&apos;
Executing the query - &apos;select count(*) cnt from merchant_payment_type mpt where mpt.merchantid=&apos;5910&apos; and mpt.ibibo_code = &apos;CC&apos; and mpt.pg_id = &apos;&apos; and mpt.active=1;&apos;
Connecting to OFFLINE db:-jdbc:mysql://10.50.23.45/payu
Connection succeeded
&lt;B&gt;Page URL&lt;/B&gt;:- https://admin.payu.in/testpay
&lt;B&gt;Screenshot&lt;/B&gt;:- &lt;a href=html/2014-11-15_19-12-33_Test.AdminPanel.Payments.TestSeamlessRSA.test_CC_RSA.png target=&apos;_blank&apos; &gt;2014-11-15_19-12-33_Test.AdminPanel.Payments.TestSeamlessRSA.test_CC_RSA.png&lt;/a&gt;
Payment type CC with pg_gateway_id  is NOT present for merchantid 5910
Get TestData Excel:-&apos;ProductTestData.xls&apos;, Sheet:- &apos;TransactionDetails&apos;
Click on &apos;Merchant Drop Down&apos;
Wait for &apos;1&apos; seconds
Enter the Search Merchant Key as &apos; - QBKSbB&apos;
Wait for &apos;2&apos; seconds
Get the WebElement with xPath://label/span[contains(text(),&apos; - QBKSbB&apos;)]
Click on &apos;Merchant&apos;
Enter the Amount as &apos;1.00&apos;
Enter the Email as &apos;payu.testing@gmail.com&apos;
Enter the First Name as &apos;TestingFirst&apos;
Enter the Public Key as &apos;publickey1234&apos;
Get TestData Excel:-&apos;ProductTestData.xls&apos;, Sheet:- &apos;PaymentType&apos;
Enter the PG Code as &apos;CC&apos;
Enter the Ibibo Code as &apos;CC&apos;
Get TestData Excel:-&apos;ProductTestData.xls&apos;, Sheet:- &apos;CardDetails&apos;
Enter the Name on Card as &apos;Test Card&apos;
Enter the Card Number as &apos;5123456789012346&apos;
Enter the CVV as &apos;123&apos;
Enter the Expiry month as &apos;05&apos;
Enter the Expiry year as &apos;2017&apos;
Click on &apos;Transaction&apos;
Wait for &apos;15&apos; seconds
Wait for page load by waiting for element [tag name: pre]
Verified &apos;Processing Page URL for Seamless RSA&apos; as :-&apos;https://secure.payu.in/_seamless_payment&apos;
Verified &apos;Count of Response Parameters&apos; as :-&apos;50&apos;
Get TestData Excel:-&apos;ProductTestData.xls&apos;, Sheet:- &apos;TestResponse&apos;
Get TestData Excel:-&apos;ProductTestData.xls&apos;, Sheet:- &apos;SQL&apos;
Executing the query - &apos;select max(id) as mihpayid, merchantid, bank_ref_no as bank_ref_num, field9 as field9 from transaction where txnid = &apos;d9b2e38d056bce7a15a5&apos;;&apos;
Connecting to OFFLINE db:-jdbc:mysql://10.50.23.45/payu
Connection succeeded
Get TestData Excel:-&apos;ProductTestData.xls&apos;, Sheet:- &apos;SQL&apos;
Executing the query - &apos;select card_token from txn_info where payu_id=&apos;403993715510413240&apos;;&apos;
Connecting to OFFLINE db:-jdbc:mysql://10.50.23.45/payu
Connection succeeded
Verified &apos;Response Param &apos;amount&apos;&apos; as :-&apos;1.00&apos;
Get TestData Excel:-&apos;ProductTestData.xls&apos;, Sheet:- &apos;PGInfo&apos;
Expected &apos;Response Param &apos;PG_TYPE&apos;&apos; was :-&apos;&apos;. But actual is &apos;AXISPG&apos;
Verified &apos;Response Param &apos;mode&apos;&apos; as :-&apos;CC&apos;
Skipping the verification of Response Param &apos;phone&apos; as &apos;1234567890&apos;
Skipping the verification of Response Param &apos;productinfo&apos; as &apos;Product Info&apos;
Verified &apos;Response Param &apos;discount&apos;&apos; as :-&apos;0.00&apos;
Verified &apos;Response Param &apos;addedon&apos;&apos; as :-&apos;2014-11-15 19:12:41&apos;
Verified &apos;Response Param &apos;unmappedstatus&apos;&apos; as :-&apos;captured&apos;
Verified &apos;Response Param &apos;mihpayid&apos;&apos; as :-&apos;403993715510413240&apos;
Skipping the verification of Response Param &apos;address2&apos; as &apos;&apos;
Skipping the verification of Response Param &apos;address1&apos; as &apos;&apos;
Skipping the verification of Response Param &apos;city&apos; as &apos;&apos;
Verified &apos;Response Param &apos;key&apos;&apos; as :-&apos;QBKSbB&apos;
Verified &apos;Response Param &apos;bank_ref_num&apos;&apos; as :-&apos;199740&apos;
Verified &apos;Response Param &apos;txnid&apos;&apos; as :-&apos;d9b2e38d056bce7a15a5&apos;
Verified &apos;Response Param &apos;email&apos;&apos; as :-&apos;payu.testing@gmail.com&apos;
Verified &apos;Response Param &apos;bankcode&apos;&apos; as :-&apos;CC&apos;
Verified &apos;Response Param &apos;error&apos;&apos; as :-&apos;E000&apos;
Verified &apos;Response Param &apos;error_Message&apos;&apos; as :-&apos;No Error&apos;
Skipping the verification of Response Param &apos;udf1&apos; as &apos;&apos;
Skipping the verification of Response Param &apos;udf2&apos; as &apos;&apos;
Skipping the verification of Response Param &apos;udf3&apos; as &apos;&apos;
Skipping the verification of Response Param &apos;udf4&apos; as &apos;&apos;
Skipping the verification of Response Param &apos;udf5&apos; as &apos;&apos;
Verified &apos;Response Param &apos;udf6&apos;&apos; as :-&apos;&apos;
Verified &apos;Response Param &apos;udf7&apos;&apos; as :-&apos;&apos;
Verified &apos;Response Param &apos;udf8&apos;&apos; as :-&apos;&apos;
Verified &apos;Response Param &apos;udf9&apos;&apos; as :-&apos;&apos;
Verified &apos;Response Param &apos;udf10&apos;&apos; as :-&apos;&apos;
Verified &apos;Response Param &apos;status&apos;&apos; as :-&apos;success&apos;
Verified &apos;Response Param &apos;cardhash&apos;&apos; as :-&apos;This field is no longer supported in postback params.&apos;
Verified &apos;Response Param &apos;cardnum&apos;&apos; as :-&apos;512345XXXXXX2346&apos;
Skipping the verification of Response Param &apos;lastname&apos; as &apos;&apos;
Skipping the verification of Response Param &apos;field1&apos; as &apos;199740&apos;
Skipping the verification of Response Param &apos;field2&apos; as &apos;432000397180&apos;
Skipping the verification of Response Param &apos;field3&apos; as &apos;20141116&apos;
Verified &apos;Response Param &apos;field4&apos;&apos; as :-&apos;MC&apos;
Skipping the verification of Response Param &apos;field5&apos; as &apos;397180&apos;
Verified &apos;Response Param &apos;field6&apos;&apos; as :-&apos;00&apos;
Verified &apos;Response Param &apos;field7&apos;&apos; as :-&apos;0&apos;
Verified &apos;Response Param &apos;field8&apos;&apos; as :-&apos;3DS&apos;
Skipping the verification of Response Param &apos;field9&apos; as &apos;Successful Verification of Secure Hash:  -- Approved -- Transaction Successful -- Unable to be determined--E219&apos;
Skipping the verification of Response Param &apos;country&apos; as &apos;&apos;
Skipping the verification of Response Param &apos;hash&apos; as &apos;571f54e7d68f4236e2ece65fddeacb2e4795b6591f4a825cb38539cf75cf2ddf2ee8900474eced2c73d274c4ae8d215c22934c96672311fd8ac5a9686d6e6c9f&apos;
Verified &apos;Response Param &apos;firstname&apos;&apos; as :-&apos;TestingFirst&apos;
Skipping the verification of Response Param &apos;zipcode&apos; as &apos;&apos;
Skipping the verification of Response Param &apos;state&apos; as &apos;&apos;
Skipping the verification of Response Param &apos;name_on_card&apos; as &apos;Test Card&apos;
Verified &apos;Response Param &apos;net_amount_debit&apos;&apos; as :-&apos;1&apos;
Skipping the verification of Response Param &apos;payment_source&apos; as &apos;payu&apos;
&lt;B&gt;Page URL&lt;/B&gt;:- https://admin.payu.in/test_response
&lt;B&gt;Screenshot&lt;/B&gt;:- &lt;a href=html/2014-11-15_19-13-29_Test.AdminPanel.Payments.TestSeamlessRSA.test_CC_RSA.png target=&apos;_blank&apos; &gt;2014-11-15_19-13-29_Test.AdminPanel.Payments.TestSeamlessRSA.test_CC_RSA.png&lt;/a&gt;
Failed to verify Test Response
</system-out>
  </testcase>
  <testcase classname="Test.AdminPanel.Payments.TestTransactionDC" name="test_DC_HDFC2" time="16.114">
    <failure type="java.lang.NullPointerException">java.lang.NullPointerException
	at Test.AdminPanel.Payments.TransactionHelper.MakeGatewayAsStatusUp(TransactionHelper.java:968)
	at Test.AdminPanel.Payments.TransactionHelper.VerifyIbiboCodePresentForMerchant(TransactionHelper.java:1087)
	at Test.AdminPanel.Payments.TransactionHelper.DoTestTransaction(TransactionHelper.java:788)
	at Test.AdminPanel.Payments.TransactionHelper.DoTestTransaction(TransactionHelper.java:764)
	at Test.AdminPanel.Payments.TestTransactionDC.test_DC_HDFC2(TestTransactionDC.java:777)
</failure>
    <system-out>Get TestData Excel:-&apos;ProductTestData.xls&apos;, Sheet:- &apos;PaymentType&apos;
Get TestData Excel:-&apos;ProductTestData.xls&apos;, Sheet:- &apos;TransactionDetails&apos;
Navigate to web page- &apos;https://admin.payu.in/home&apos;
Added the cookie - Name: &apos;test_name&apos; Value: &apos;Test.AdminPanel.Payments.TestTransactionDC.test_DC_HDFC2&apos; Domain: &apos;.payu.in&apos; Expiry: &apos;Sun Nov 16 19:13:42 IST 2014&apos;
Wait for page load by waiting for element [link text: Admin Login]
Click on &apos;Admin Login link&apos;
Wait for page load by waiting for element [id: username]
Enter the User name as &apos;qc2&apos;
Enter the Password as &apos;Password2&apos;
Click on &apos;Submit Button&apos;
Wait for page load by waiting for element [link text: Test Transaction]
Navigate to web page- &apos;https://admin.payu.in/home&apos;
Added the cookie - Name: &apos;test_name&apos; Value: &apos;Test.AdminPanel.Payments.TestTransactionDC.test_DC_HDFC2&apos; Domain: &apos;.payu.in&apos; Expiry: &apos;Sun Nov 16 19:13:46 IST 2014&apos;
Wait for page load by waiting for element [link text: Test Transaction]
Click on &apos;Test Transaction Link&apos;
Wait for page load by waiting for element [name: amount]
Get TestData Excel:-&apos;ProductTestData.xls&apos;, Sheet:- &apos;PGInfo&apos;
Get TestData Excel:-&apos;ProductTestData.xls&apos;, Sheet:- &apos;SQL&apos;
Executing the query - &apos;select count(*) cnt from merchant_payment_type mpt where mpt.merchantid=&apos;5912&apos; and mpt.ibibo_code = &apos;MAST&apos; and mpt.pg_id = &apos;&apos; and mpt.active=1;&apos;
Connecting to OFFLINE db:-jdbc:mysql://10.50.23.45/payu
Connection succeeded
&lt;B&gt;Page URL&lt;/B&gt;:- https://admin.payu.in/testpay
&lt;B&gt;Screenshot&lt;/B&gt;:- &lt;a href=html/2014-11-15_19-13-50_Test.AdminPanel.Payments.TestTransactionDC.test_DC_HDFC2.png target=&apos;_blank&apos; &gt;2014-11-15_19-13-50_Test.AdminPanel.Payments.TestTransactionDC.test_DC_HDFC2.png&lt;/a&gt;
Payment type MAST with pg_gateway_id  is NOT present for merchantid 5912
Get TestData Excel:-&apos;ProductTestData.xls&apos;, Sheet:- &apos;SQL&apos;
Executing the query - &apos;select * from paymentgateway pg where pg.key = &apos;HDFCPG&apos; and pg.isactive=1;&apos;
Connecting to OFFLINE db:-jdbc:mysql://10.50.23.45/payu
Connection succeeded
No data was returned for this query
</system-out>
  </testcase>
  <testcase classname="Test.AdminPanel.IframePayments.TestIframeTransactionCC" name="test_IframeCC_HDFC2" time="50.756">
    <failure message="expected [true] but found [false]" type="java.lang.AssertionError">java.lang.AssertionError: expected [true] but found [false]
	at org.testng.Assert.fail(Assert.java:94)
	at org.testng.Assert.failNotEquals(Assert.java:494)
	at org.testng.Assert.assertTrue(Assert.java:42)
	at org.testng.Assert.assertTrue(Assert.java:52)
	at Test.AdminPanel.IframePayments.TestIframeTransactionCC.test_IframeCC_HDFC2(TestIframeTransactionCC.java:86)
</failure>
    <system-out>Get TestData Excel:-&apos;ProductTestData.xls&apos;, Sheet:- &apos;PaymentType&apos;
Get TestData Excel:-&apos;ProductTestData.xls&apos;, Sheet:- &apos;TransactionDetails&apos;
Navigate to web page- &apos;https://admin.payu.in/home&apos;
Added the cookie - Name: &apos;test_name&apos; Value: &apos;Test.AdminPanel.IframePayments.TestIframeTransactionCC.test_IframeCC_HDFC2&apos; Domain: &apos;.payu.in&apos; Expiry: &apos;Sun Nov 16 19:14:10 IST 2014&apos;
Wait for page load by waiting for element [link text: Admin Login]
Click on &apos;Admin Login link&apos;
Wait for page load by waiting for element [id: username]
Enter the User name as &apos;qc2&apos;
Enter the Password as &apos;Password2&apos;
Click on &apos;Submit Button&apos;
Wait for page load by waiting for element [link text: Test Transaction]
Navigate to web page- &apos;https://admin.payu.in/home&apos;
Added the cookie - Name: &apos;test_name&apos; Value: &apos;Test.AdminPanel.IframePayments.TestIframeTransactionCC.test_IframeCC_HDFC2&apos; Domain: &apos;.payu.in&apos; Expiry: &apos;Sun Nov 16 19:14:14 IST 2014&apos;
Wait for page load by waiting for element [link text: Test Transaction]
Click on &apos;Test Merchant Transaction Link&apos;
Wait for page load by waiting for element [name: amount]
Get TestData Excel:-&apos;ProductTestData.xls&apos;, Sheet:- &apos;PGInfo&apos;
Get TestData Excel:-&apos;ProductTestData.xls&apos;, Sheet:- &apos;SQL&apos;
Executing the query - &apos;select count(*) cnt from merchant_payment_type mpt where mpt.merchantid=&apos;6356&apos; and mpt.ibibo_code = &apos;CC&apos; and mpt.pg_id = &apos;&apos; and mpt.active=1;&apos;
Connecting to OFFLINE db:-jdbc:mysql://10.50.23.45/payu
Connection succeeded
&lt;B&gt;Page URL&lt;/B&gt;:- https://admin.payu.in/testpay?merchant_transaction=true
&lt;B&gt;Screenshot&lt;/B&gt;:- &lt;a href=html/2014-11-15_19-14-18_Test.AdminPanel.IframePayments.TestIframeTransactionCC.test_IframeCC_HDFC2.png target=&apos;_blank&apos; &gt;2014-11-15_19-14-18_Test.AdminPanel.IframePayments.TestIframeTransactionCC.test_IframeCC_HDFC2.png&lt;/a&gt;
Payment type CC with pg_gateway_id  is NOT present for merchantid 6356
Get TestData Excel:-&apos;ProductTestData.xls&apos;, Sheet:- &apos;TransactionDetails&apos;
Click on &apos;Merchant Drop Down&apos;
Wait for &apos;1&apos; seconds
Enter the Search Merchant Key as &apos; - gTFtsb&apos;
Wait for &apos;2&apos; seconds
Get the WebElement with xPath://label/span[contains(text(),&apos; - gTFtsb&apos;)]
Click on &apos;Merchant&apos;
Enter the Amount as &apos;1.00&apos;
Enter the Email as &apos;payu.testing@gmail.com&apos;
Enter the First Name as &apos;TestingFirst&apos;
Get TestData Excel:-&apos;ProductTestData.xls&apos;, Sheet:- &apos;TransactionDetails&apos;
Click on &apos;Merchant Drop Down&apos;
Wait for &apos;1&apos; seconds
Enter the Search Merchant Key as &apos; - gTFtsb&apos;
Wait for &apos;2&apos; seconds
Get the WebElement with xPath://label/span[contains(text(),&apos; - gTFtsb&apos;)]
Click on &apos;Merchant&apos;
Enter the Amount as &apos;1.00&apos;
Enter the Email as &apos;payu.testing@gmail.com&apos;
Enter the First Name as &apos;TestingFirst&apos;
Submit &apos;Transaction&apos;
Get the WebElement with css:input[type=&apos;submit&apos;]
Get the WebElement with css:a
Click on &apos;Credit Card Tab&apos;
Wait for page load by waiting for element [xpath: //input[@value=&apos;Make Payment&apos;]]
Get TestData Excel:-&apos;ProductTestData.xls&apos;, Sheet:- &apos;CardDetails&apos;
Enter the Card Number as &apos;5123456789012346&apos;
Enter the Name on Card as &apos;Test Card&apos;
Enter the CVV as &apos;123&apos;
Select the Expiry month dropdown value &apos;05&apos;
Select the Expiry year dropdown value &apos;2017&apos;
Press the key &apos;?&apos; on CreditCard MakePayment
Wait for &apos;15&apos; seconds
Wait for page load by waiting for element [tag name: pre]
Verified &apos;Count of Response Parameters&apos; as :-&apos;50&apos;
Get TestData Excel:-&apos;ProductTestData.xls&apos;, Sheet:- &apos;TestResponse&apos;
Get TestData Excel:-&apos;ProductTestData.xls&apos;, Sheet:- &apos;SQL&apos;
Executing the query - &apos;select max(id) as mihpayid, merchantid, bank_ref_no as bank_ref_num, field9 as field9 from transaction where txnid = &apos;ca663465e1d1ce8eb04c&apos;;&apos;
Connecting to OFFLINE db:-jdbc:mysql://10.50.23.45/payu
Connection succeeded
Get TestData Excel:-&apos;ProductTestData.xls&apos;, Sheet:- &apos;SQL&apos;
Executing the query - &apos;select card_token from txn_info where payu_id=&apos;403993715510413250&apos;;&apos;
Connecting to OFFLINE db:-jdbc:mysql://10.50.23.45/payu
Connection succeeded
Verified &apos;Response Param &apos;amount&apos;&apos; as :-&apos;1.00&apos;
Get TestData Excel:-&apos;ProductTestData.xls&apos;, Sheet:- &apos;PGInfo&apos;
Expected &apos;Response Param &apos;PG_TYPE&apos;&apos; was :-&apos;&apos;. But actual is &apos;HDFCPG&apos;
Verified &apos;Response Param &apos;mode&apos;&apos; as :-&apos;CC&apos;
Skipping the verification of Response Param &apos;phone&apos; as &apos;1234567890&apos;
Skipping the verification of Response Param &apos;productinfo&apos; as &apos;Product Info&apos;
Verified &apos;Response Param &apos;discount&apos;&apos; as :-&apos;0.00&apos;
Verified &apos;Response Param &apos;addedon&apos;&apos; as :-&apos;2014-11-15 19:14:27&apos;
Verified &apos;Response Param &apos;unmappedstatus&apos;&apos; as :-&apos;captured&apos;
Verified &apos;Response Param &apos;mihpayid&apos;&apos; as :-&apos;403993715510413250&apos;
Skipping the verification of Response Param &apos;address2&apos; as &apos;&apos;
Skipping the verification of Response Param &apos;address1&apos; as &apos;&apos;
Skipping the verification of Response Param &apos;city&apos; as &apos;&apos;
Verified &apos;Response Param &apos;key&apos;&apos; as :-&apos;gTFtsb&apos;
Verified &apos;Response Param &apos;bank_ref_num&apos;&apos; as :-&apos;1130600141943191&apos;
Verified &apos;Response Param &apos;txnid&apos;&apos; as :-&apos;ca663465e1d1ce8eb04c&apos;
Verified &apos;Response Param &apos;email&apos;&apos; as :-&apos;payu.testing@gmail.com&apos;
Verified &apos;Response Param &apos;bankcode&apos;&apos; as :-&apos;CC&apos;
Verified &apos;Response Param &apos;error&apos;&apos; as :-&apos;E000&apos;
Verified &apos;Response Param &apos;error_Message&apos;&apos; as :-&apos;No Error&apos;
Skipping the verification of Response Param &apos;udf1&apos; as &apos;&apos;
Skipping the verification of Response Param &apos;udf2&apos; as &apos;&apos;
Skipping the verification of Response Param &apos;udf3&apos; as &apos;&apos;
Skipping the verification of Response Param &apos;udf4&apos; as &apos;&apos;
Skipping the verification of Response Param &apos;udf5&apos; as &apos;&apos;
Verified &apos;Response Param &apos;udf6&apos;&apos; as :-&apos;&apos;
Verified &apos;Response Param &apos;udf7&apos;&apos; as :-&apos;&apos;
Verified &apos;Response Param &apos;udf8&apos;&apos; as :-&apos;&apos;
Verified &apos;Response Param &apos;udf9&apos;&apos; as :-&apos;&apos;
Verified &apos;Response Param &apos;udf10&apos;&apos; as :-&apos;&apos;
Verified &apos;Response Param &apos;status&apos;&apos; as :-&apos;success&apos;
Verified &apos;Response Param &apos;cardhash&apos;&apos; as :-&apos;This field is no longer supported in postback params.&apos;
Verified &apos;Response Param &apos;cardnum&apos;&apos; as :-&apos;512345XXXXXX2346&apos;
Skipping the verification of Response Param &apos;lastname&apos; as &apos;&apos;
Skipping the verification of Response Param &apos;field1&apos; as &apos;431964187860&apos;
Verified &apos;Response Param &apos;field2&apos;&apos; as :-&apos;999999&apos;
Skipping the verification of Response Param &apos;field3&apos; as &apos;1130600141943191&apos;
Verified &apos;Response Param &apos;field4&apos;&apos; as :-&apos;-1&apos;
Verified &apos;Response Param &apos;field5&apos;&apos; as :-&apos;&apos;
Verified &apos;Response Param &apos;field6&apos;&apos; as :-&apos;&apos;
Verified &apos;Response Param &apos;field7&apos;&apos; as :-&apos;&apos;
Verified &apos;Response Param &apos;field8&apos;&apos; as :-&apos;&apos;
Skipping the verification of Response Param &apos;field9&apos; as &apos;SUCCESS&apos;
Skipping the verification of Response Param &apos;country&apos; as &apos;&apos;
Skipping the verification of Response Param &apos;hash&apos; as &apos;cffa0f119374c9ab0112b7f1a2f465e1d5d60fb980b968910264178e4430d802053cb0e6ae3c9b1c2901e6fd14a63d0118230c7cdb5a3fd2c5a5cbc7311f1002&apos;
Verified &apos;Response Param &apos;firstname&apos;&apos; as :-&apos;TestingFirst&apos;
Skipping the verification of Response Param &apos;zipcode&apos; as &apos;&apos;
Skipping the verification of Response Param &apos;state&apos; as &apos;&apos;
Skipping the verification of Response Param &apos;name_on_card&apos; as &apos;Test Card&apos;
Verified &apos;Response Param &apos;net_amount_debit&apos;&apos; as :-&apos;1&apos;
Skipping the verification of Response Param &apos;payment_source&apos; as &apos;payu&apos;
&lt;B&gt;Page URL&lt;/B&gt;:- https://admin.payu.in/test_response
&lt;B&gt;Screenshot&lt;/B&gt;:- &lt;a href=html/2014-11-15_19-14-55_Test.AdminPanel.IframePayments.TestIframeTransactionCC.test_IframeCC_HDFC2.png target=&apos;_blank&apos; &gt;2014-11-15_19-14-55_Test.AdminPanel.IframePayments.TestIframeTransactionCC.test_IframeCC_HDFC2.png&lt;/a&gt;
Failed to verify Test Response
</system-out>
  </testcase>
  <testcase classname="Test.AdminPanel.Payments.TestTransactionSeamless" name="test_CC_AXIS" time="72.6">
    <failure message="expected [true] but found [false]" type="java.lang.AssertionError">java.lang.AssertionError: expected [true] but found [false]
	at org.testng.Assert.fail(Assert.java:94)
	at org.testng.Assert.failNotEquals(Assert.java:494)
	at org.testng.Assert.assertTrue(Assert.java:42)
	at org.testng.Assert.assertTrue(Assert.java:52)
	at Test.AdminPanel.Payments.TestTransactionSeamless.test_CC_AXIS(TestTransactionSeamless.java:303)
</failure>
    <system-out>Get TestData Excel:-&apos;ProductTestData.xls&apos;, Sheet:- &apos;PaymentType&apos;
Get TestData Excel:-&apos;ProductTestData.xls&apos;, Sheet:- &apos;TransactionDetails&apos;
Navigate to web page- &apos;https://admin.payu.in/home&apos;
Added the cookie - Name: &apos;test_name&apos; Value: &apos;Test.AdminPanel.Payments.TestTransactionSeamless.test_CC_AXIS&apos; Domain: &apos;.payu.in&apos; Expiry: &apos;Sun Nov 16 19:15:11 IST 2014&apos;
Wait for page load by waiting for element [link text: Admin Login]
Click on &apos;Admin Login link&apos;
Wait for page load by waiting for element [id: username]
Enter the User name as &apos;qc2&apos;
Enter the Password as &apos;Password2&apos;
Click on &apos;Submit Button&apos;
Wait for page load by waiting for element [link text: Test Transaction]
Navigate to web page- &apos;https://admin.payu.in/home&apos;
Added the cookie - Name: &apos;test_name&apos; Value: &apos;Test.AdminPanel.Payments.TestTransactionSeamless.test_CC_AXIS&apos; Domain: &apos;.payu.in&apos; Expiry: &apos;Sun Nov 16 19:15:14 IST 2014&apos;
Wait for page load by waiting for element [link text: Test Transaction]
Click on &apos;Test Transaction Link&apos;
Wait for page load by waiting for element [name: amount]
Get TestData Excel:-&apos;ProductTestData.xls&apos;, Sheet:- &apos;PGInfo&apos;
Get TestData Excel:-&apos;ProductTestData.xls&apos;, Sheet:- &apos;SQL&apos;
Executing the query - &apos;select count(*) cnt from merchant_payment_type mpt where mpt.merchantid=&apos;5910&apos; and mpt.ibibo_code = &apos;CC&apos; and mpt.pg_id = &apos;&apos; and mpt.active=1;&apos;
Connecting to OFFLINE db:-jdbc:mysql://10.50.23.45/payu
Connection succeeded
&lt;B&gt;Page URL&lt;/B&gt;:- https://admin.payu.in/testpay
&lt;B&gt;Screenshot&lt;/B&gt;:- &lt;a href=html/2014-11-15_19-15-19_Test.AdminPanel.Payments.TestTransactionSeamless.test_CC_AXIS.png target=&apos;_blank&apos; &gt;2014-11-15_19-15-19_Test.AdminPanel.Payments.TestTransactionSeamless.test_CC_AXIS.png&lt;/a&gt;
Payment type CC with pg_gateway_id  is NOT present for merchantid 5910
Get TestData Excel:-&apos;ProductTestData.xls&apos;, Sheet:- &apos;TransactionDetails&apos;
Click on &apos;Merchant Drop Down&apos;
Wait for &apos;1&apos; seconds
Enter the Search Merchant Key as &apos; - QBKSbB&apos;
Wait for &apos;2&apos; seconds
Get the WebElement with xPath://label/span[contains(text(),&apos; - QBKSbB&apos;)]
Click on &apos;Merchant&apos;
Enter the Amount as &apos;1.00&apos;
Enter the Email as &apos;payu.testing@gmail.com&apos;
Enter the First Name as &apos;TestingFirst&apos;
Get TestData Excel:-&apos;ProductTestData.xls&apos;, Sheet:- &apos;PaymentType&apos;
Enter the PG Code as &apos;CC&apos;
Enter the Ibibo Code as &apos;CC&apos;
Get TestData Excel:-&apos;ProductTestData.xls&apos;, Sheet:- &apos;CardDetails&apos;
Enter the Name on Card as &apos;Test Card&apos;
Enter the Card Number as &apos;5123456789012346&apos;
Enter the CVV as &apos;123&apos;
Enter the Expiry month as &apos;05&apos;
Enter the Expiry year as &apos;2017&apos;
Submit &apos;Transaction&apos;
Wait for &apos;15&apos; seconds
Wait for page load by waiting for element [tag name: pre]
Verified &apos;Count of Response Parameters&apos; as :-&apos;50&apos;
Get TestData Excel:-&apos;ProductTestData.xls&apos;, Sheet:- &apos;TestResponse&apos;
Get TestData Excel:-&apos;ProductTestData.xls&apos;, Sheet:- &apos;SQL&apos;
Executing the query - &apos;select max(id) as mihpayid, merchantid, bank_ref_no as bank_ref_num, field9 as field9 from transaction where txnid = &apos;d0abc5ed335871a3cf8a&apos;;&apos;
Connecting to OFFLINE db:-jdbc:mysql://10.50.23.45/payu
Connection succeeded
Get TestData Excel:-&apos;ProductTestData.xls&apos;, Sheet:- &apos;SQL&apos;
Executing the query - &apos;select card_token from txn_info where payu_id=&apos;403993715510413254&apos;;&apos;
Connecting to OFFLINE db:-jdbc:mysql://10.50.23.45/payu
Connection succeeded
Verified &apos;Response Param &apos;amount&apos;&apos; as :-&apos;1.00&apos;
Get TestData Excel:-&apos;ProductTestData.xls&apos;, Sheet:- &apos;PGInfo&apos;
Expected &apos;Response Param &apos;PG_TYPE&apos;&apos; was :-&apos;&apos;. But actual is &apos;AXISPG&apos;
Verified &apos;Response Param &apos;mode&apos;&apos; as :-&apos;CC&apos;
Skipping the verification of Response Param &apos;phone&apos; as &apos;1234567890&apos;
Skipping the verification of Response Param &apos;productinfo&apos; as &apos;Product Info&apos;
Verified &apos;Response Param &apos;discount&apos;&apos; as :-&apos;0.00&apos;
Verified &apos;Response Param &apos;addedon&apos;&apos; as :-&apos;2014-11-15 19:15:28&apos;
Verified &apos;Response Param &apos;unmappedstatus&apos;&apos; as :-&apos;captured&apos;
Verified &apos;Response Param &apos;mihpayid&apos;&apos; as :-&apos;403993715510413254&apos;
Skipping the verification of Response Param &apos;address2&apos; as &apos;&apos;
Skipping the verification of Response Param &apos;address1&apos; as &apos;&apos;
Skipping the verification of Response Param &apos;city&apos; as &apos;&apos;
Verified &apos;Response Param &apos;key&apos;&apos; as :-&apos;QBKSbB&apos;
Verified &apos;Response Param &apos;bank_ref_num&apos;&apos; as :-&apos;199742&apos;
Verified &apos;Response Param &apos;txnid&apos;&apos; as :-&apos;d0abc5ed335871a3cf8a&apos;
Verified &apos;Response Param &apos;email&apos;&apos; as :-&apos;payu.testing@gmail.com&apos;
Verified &apos;Response Param &apos;bankcode&apos;&apos; as :-&apos;CC&apos;
Verified &apos;Response Param &apos;error&apos;&apos; as :-&apos;E000&apos;
Verified &apos;Response Param &apos;error_Message&apos;&apos; as :-&apos;No Error&apos;
Skipping the verification of Response Param &apos;udf1&apos; as &apos;&apos;
Skipping the verification of Response Param &apos;udf2&apos; as &apos;&apos;
Skipping the verification of Response Param &apos;udf3&apos; as &apos;&apos;
Skipping the verification of Response Param &apos;udf4&apos; as &apos;&apos;
Skipping the verification of Response Param &apos;udf5&apos; as &apos;&apos;
Verified &apos;Response Param &apos;udf6&apos;&apos; as :-&apos;&apos;
Verified &apos;Response Param &apos;udf7&apos;&apos; as :-&apos;&apos;
Verified &apos;Response Param &apos;udf8&apos;&apos; as :-&apos;&apos;
Verified &apos;Response Param &apos;udf9&apos;&apos; as :-&apos;&apos;
Verified &apos;Response Param &apos;udf10&apos;&apos; as :-&apos;&apos;
Verified &apos;Response Param &apos;status&apos;&apos; as :-&apos;success&apos;
Verified &apos;Response Param &apos;cardhash&apos;&apos; as :-&apos;This field is no longer supported in postback params.&apos;
Verified &apos;Response Param &apos;cardnum&apos;&apos; as :-&apos;512345XXXXXX2346&apos;
Skipping the verification of Response Param &apos;lastname&apos; as &apos;&apos;
Skipping the verification of Response Param &apos;field1&apos; as &apos;199742&apos;
Skipping the verification of Response Param &apos;field2&apos; as &apos;432000397298&apos;
Skipping the verification of Response Param &apos;field3&apos; as &apos;20141116&apos;
Verified &apos;Response Param &apos;field4&apos;&apos; as :-&apos;MC&apos;
Skipping the verification of Response Param &apos;field5&apos; as &apos;397298&apos;
Verified &apos;Response Param &apos;field6&apos;&apos; as :-&apos;00&apos;
Verified &apos;Response Param &apos;field7&apos;&apos; as :-&apos;0&apos;
Verified &apos;Response Param &apos;field8&apos;&apos; as :-&apos;3DS&apos;
Skipping the verification of Response Param &apos;field9&apos; as &apos;Successful Verification of Secure Hash:  -- Approved -- Transaction Successful -- Unable to be determined--E219&apos;
Skipping the verification of Response Param &apos;country&apos; as &apos;&apos;
Skipping the verification of Response Param &apos;hash&apos; as &apos;2e9d457c899abee26bd009bc79e6e80a3652041cfbd129f18ec074d31b16a5bb088cb3008b3526d5144a85e53ee521ce18b9616e779c3ef7fd3fb78dc186ea06&apos;
Verified &apos;Response Param &apos;firstname&apos;&apos; as :-&apos;TestingFirst&apos;
Skipping the verification of Response Param &apos;zipcode&apos; as &apos;&apos;
Skipping the verification of Response Param &apos;state&apos; as &apos;&apos;
Skipping the verification of Response Param &apos;name_on_card&apos; as &apos;Test Card&apos;
Verified &apos;Response Param &apos;net_amount_debit&apos;&apos; as :-&apos;1&apos;
Skipping the verification of Response Param &apos;payment_source&apos; as &apos;payu&apos;
&lt;B&gt;Page URL&lt;/B&gt;:- https://admin.payu.in/test_response
&lt;B&gt;Screenshot&lt;/B&gt;:- &lt;a href=html/2014-11-15_19-16-17_Test.AdminPanel.Payments.TestTransactionSeamless.test_CC_AXIS.png target=&apos;_blank&apos; &gt;2014-11-15_19-16-17_Test.AdminPanel.Payments.TestTransactionSeamless.test_CC_AXIS.png&lt;/a&gt;
Failed to verify Test Response
</system-out>
  </testcase>
  <testcase classname="Test.AdminPanel.Payments.TestTransactionSeamlessDC" name="test_DC_HDFC2" time="15.338">
    <failure type="java.lang.NullPointerException">java.lang.NullPointerException
	at Test.AdminPanel.Payments.TransactionHelper.MakeGatewayAsStatusUp(TransactionHelper.java:968)
	at Test.AdminPanel.Payments.TransactionHelper.VerifyIbiboCodePresentForMerchant(TransactionHelper.java:1087)
	at Test.AdminPanel.Payments.TransactionHelper.DoTestTransaction(TransactionHelper.java:788)
	at Test.AdminPanel.Payments.TransactionHelper.DoTestTransaction(TransactionHelper.java:764)
	at Test.AdminPanel.Payments.TestTransactionSeamlessDC.test_DC_HDFC2(TestTransactionSeamlessDC.java:110)
</failure>
    <system-out>Get TestData Excel:-&apos;ProductTestData.xls&apos;, Sheet:- &apos;PaymentType&apos;
Get TestData Excel:-&apos;ProductTestData.xls&apos;, Sheet:- &apos;TransactionDetails&apos;
Navigate to web page- &apos;https://admin.payu.in/home&apos;
Added the cookie - Name: &apos;test_name&apos; Value: &apos;Test.AdminPanel.Payments.TestTransactionSeamlessDC.test_DC_HDFC2&apos; Domain: &apos;.payu.in&apos; Expiry: &apos;Sun Nov 16 19:16:31 IST 2014&apos;
Wait for page load by waiting for element [link text: Admin Login]
Click on &apos;Admin Login link&apos;
Wait for page load by waiting for element [id: username]
Enter the User name as &apos;qc2&apos;
Enter the Password as &apos;Password2&apos;
Click on &apos;Submit Button&apos;
Wait for page load by waiting for element [link text: Test Transaction]
Navigate to web page- &apos;https://admin.payu.in/home&apos;
Added the cookie - Name: &apos;test_name&apos; Value: &apos;Test.AdminPanel.Payments.TestTransactionSeamlessDC.test_DC_HDFC2&apos; Domain: &apos;.payu.in&apos; Expiry: &apos;Sun Nov 16 19:16:34 IST 2014&apos;
Wait for page load by waiting for element [link text: Test Transaction]
Click on &apos;Test Transaction Link&apos;
Wait for page load by waiting for element [name: amount]
Get TestData Excel:-&apos;ProductTestData.xls&apos;, Sheet:- &apos;PGInfo&apos;
Get TestData Excel:-&apos;ProductTestData.xls&apos;, Sheet:- &apos;SQL&apos;
Executing the query - &apos;select count(*) cnt from merchant_payment_type mpt where mpt.merchantid=&apos;5912&apos; and mpt.ibibo_code = &apos;MAST&apos; and mpt.pg_id = &apos;&apos; and mpt.active=1;&apos;
Connecting to OFFLINE db:-jdbc:mysql://10.50.23.45/payu
Connection succeeded
&lt;B&gt;Page URL&lt;/B&gt;:- https://admin.payu.in/testpay
&lt;B&gt;Screenshot&lt;/B&gt;:- &lt;a href=html/2014-11-15_19-16-38_Test.AdminPanel.Payments.TestTransactionSeamlessDC.test_DC_HDFC2.png target=&apos;_blank&apos; &gt;2014-11-15_19-16-38_Test.AdminPanel.Payments.TestTransactionSeamlessDC.test_DC_HDFC2.png&lt;/a&gt;
Payment type MAST with pg_gateway_id  is NOT present for merchantid 5912
Get TestData Excel:-&apos;ProductTestData.xls&apos;, Sheet:- &apos;SQL&apos;
Executing the query - &apos;select * from paymentgateway pg where pg.key = &apos;HDFCPG&apos; and pg.isactive=1;&apos;
Connecting to OFFLINE db:-jdbc:mysql://10.50.23.45/payu
Connection succeeded
No data was returned for this query
</system-out>
  </testcase>
  <testcase classname="Test.AdminPanel.Payments.TestTransactionCC" name="test_CC_AXIS" time="75.717">
    <failure message="expected [true] but found [false]" type="java.lang.AssertionError">java.lang.AssertionError: expected [true] but found [false]
	at org.testng.Assert.fail(Assert.java:94)
	at org.testng.Assert.failNotEquals(Assert.java:494)
	at org.testng.Assert.assertTrue(Assert.java:42)
	at org.testng.Assert.assertTrue(Assert.java:52)
	at Test.AdminPanel.Payments.TestTransactionCC.test_CC_AXIS(TestTransactionCC.java:472)
</failure>
    <system-out>Get TestData Excel:-&apos;ProductTestData.xls&apos;, Sheet:- &apos;PaymentType&apos;
Get TestData Excel:-&apos;ProductTestData.xls&apos;, Sheet:- &apos;TransactionDetails&apos;
Navigate to web page- &apos;https://admin.payu.in/home&apos;
Added the cookie - Name: &apos;test_name&apos; Value: &apos;Test.AdminPanel.Payments.TestTransactionCC.test_CC_AXIS&apos; Domain: &apos;.payu.in&apos; Expiry: &apos;Sun Nov 16 19:16:59 IST 2014&apos;
Wait for page load by waiting for element [link text: Admin Login]
Click on &apos;Admin Login link&apos;
Wait for page load by waiting for element [id: username]
Enter the User name as &apos;qc2&apos;
Enter the Password as &apos;Password2&apos;
Click on &apos;Submit Button&apos;
Wait for page load by waiting for element [link text: Test Transaction]
Navigate to web page- &apos;https://admin.payu.in/home&apos;
Added the cookie - Name: &apos;test_name&apos; Value: &apos;Test.AdminPanel.Payments.TestTransactionCC.test_CC_AXIS&apos; Domain: &apos;.payu.in&apos; Expiry: &apos;Sun Nov 16 19:17:03 IST 2014&apos;
Wait for page load by waiting for element [link text: Test Transaction]
Click on &apos;Test Transaction Link&apos;
Wait for page load by waiting for element [name: amount]
Get TestData Excel:-&apos;ProductTestData.xls&apos;, Sheet:- &apos;PGInfo&apos;
Get TestData Excel:-&apos;ProductTestData.xls&apos;, Sheet:- &apos;SQL&apos;
Executing the query - &apos;select count(*) cnt from merchant_payment_type mpt where mpt.merchantid=&apos;5910&apos; and mpt.ibibo_code = &apos;CC&apos; and mpt.pg_id = &apos;&apos; and mpt.active=1;&apos;
Connecting to OFFLINE db:-jdbc:mysql://10.50.23.45/payu
Connection succeeded
&lt;B&gt;Page URL&lt;/B&gt;:- https://admin.payu.in/testpay
&lt;B&gt;Screenshot&lt;/B&gt;:- &lt;a href=html/2014-11-15_19-17-06_Test.AdminPanel.Payments.TestTransactionCC.test_CC_AXIS.png target=&apos;_blank&apos; &gt;2014-11-15_19-17-06_Test.AdminPanel.Payments.TestTransactionCC.test_CC_AXIS.png&lt;/a&gt;
Payment type CC with pg_gateway_id  is NOT present for merchantid 5910
Get TestData Excel:-&apos;ProductTestData.xls&apos;, Sheet:- &apos;TransactionDetails&apos;
Click on &apos;Merchant Drop Down&apos;
Wait for &apos;1&apos; seconds
Enter the Search Merchant Key as &apos; - QBKSbB&apos;
Wait for &apos;2&apos; seconds
Get the WebElement with xPath://label/span[contains(text(),&apos; - QBKSbB&apos;)]
Click on &apos;Merchant&apos;
Enter the Amount as &apos;1.00&apos;
Enter the Email as &apos;payu.testing@gmail.com&apos;
Enter the First Name as &apos;TestingFirst&apos;
Submit &apos;Transaction&apos;
Wait for page load by waiting for element [xpath: //p[@id=&apos;amountdiv&apos;]/span]
Click on &apos;Credit Card Tab&apos;
Wait for page load by waiting for element [id: cname_on_card]
Click on &apos;Visa Master Card&apos;
Wait for &apos;1&apos; seconds
Get TestData Excel:-&apos;ProductTestData.xls&apos;, Sheet:- &apos;CardDetails&apos;
Enter the Name on Card as &apos;Test Card&apos;
Enter the Card Number as &apos;5&apos;
Enter the Card Number as &apos;1&apos;
Enter the Card Number as &apos;2&apos;
Enter the Card Number as &apos;3&apos;
Enter the Card Number as &apos;4&apos;
Enter the Card Number as &apos;5&apos;
Enter the Card Number as &apos;6&apos;
Enter the Card Number as &apos;7&apos;
Enter the Card Number as &apos;8&apos;
Enter the Card Number as &apos;9&apos;
Enter the Card Number as &apos;0&apos;
Enter the Card Number as &apos;1&apos;
Enter the Card Number as &apos;2&apos;
Enter the Card Number as &apos;3&apos;
Enter the Card Number as &apos;4&apos;
Enter the Card Number as &apos;6&apos;
Enter the CVV as &apos;123&apos;
Select the Expiry month dropdown value &apos;05&apos;
Select the Expiry year dropdown value &apos;2017&apos;
Click on &apos;Pay Now&apos;
Wait for &apos;15&apos; seconds
Wait for page load by waiting for element [tag name: pre]
Verified &apos;Count of Response Parameters&apos; as :-&apos;50&apos;
Get TestData Excel:-&apos;ProductTestData.xls&apos;, Sheet:- &apos;TestResponse&apos;
Get TestData Excel:-&apos;ProductTestData.xls&apos;, Sheet:- &apos;SQL&apos;
Executing the query - &apos;select max(id) as mihpayid, merchantid, bank_ref_no as bank_ref_num, field9 as field9 from transaction where txnid = &apos;eb9b53050088b1eb5e45&apos;;&apos;
Connecting to OFFLINE db:-jdbc:mysql://10.50.23.45/payu
Connection succeeded
Get TestData Excel:-&apos;ProductTestData.xls&apos;, Sheet:- &apos;SQL&apos;
Executing the query - &apos;select card_token from txn_info where payu_id=&apos;403993715510413260&apos;;&apos;
Connecting to OFFLINE db:-jdbc:mysql://10.50.23.45/payu
Connection succeeded
Verified &apos;Response Param &apos;amount&apos;&apos; as :-&apos;1.00&apos;
Get TestData Excel:-&apos;ProductTestData.xls&apos;, Sheet:- &apos;PGInfo&apos;
Expected &apos;Response Param &apos;PG_TYPE&apos;&apos; was :-&apos;&apos;. But actual is &apos;AXISPG&apos;
Verified &apos;Response Param &apos;mode&apos;&apos; as :-&apos;CC&apos;
Skipping the verification of Response Param &apos;phone&apos; as &apos;1234567890&apos;
Skipping the verification of Response Param &apos;productinfo&apos; as &apos;Product Info&apos;
Verified &apos;Response Param &apos;discount&apos;&apos; as :-&apos;0.00&apos;
Verified &apos;Response Param &apos;addedon&apos;&apos; as :-&apos;2014-11-15 19:17:14&apos;
Verified &apos;Response Param &apos;unmappedstatus&apos;&apos; as :-&apos;captured&apos;
Verified &apos;Response Param &apos;mihpayid&apos;&apos; as :-&apos;403993715510413260&apos;
Skipping the verification of Response Param &apos;address2&apos; as &apos;&apos;
Skipping the verification of Response Param &apos;address1&apos; as &apos;&apos;
Skipping the verification of Response Param &apos;city&apos; as &apos;&apos;
Verified &apos;Response Param &apos;key&apos;&apos; as :-&apos;QBKSbB&apos;
Verified &apos;Response Param &apos;bank_ref_num&apos;&apos; as :-&apos;199743&apos;
Verified &apos;Response Param &apos;txnid&apos;&apos; as :-&apos;eb9b53050088b1eb5e45&apos;
Verified &apos;Response Param &apos;email&apos;&apos; as :-&apos;payu.testing@gmail.com&apos;
Verified &apos;Response Param &apos;bankcode&apos;&apos; as :-&apos;CC&apos;
Verified &apos;Response Param &apos;error&apos;&apos; as :-&apos;E000&apos;
Verified &apos;Response Param &apos;error_Message&apos;&apos; as :-&apos;No Error&apos;
Skipping the verification of Response Param &apos;udf1&apos; as &apos;&apos;
Skipping the verification of Response Param &apos;udf2&apos; as &apos;&apos;
Skipping the verification of Response Param &apos;udf3&apos; as &apos;&apos;
Skipping the verification of Response Param &apos;udf4&apos; as &apos;&apos;
Skipping the verification of Response Param &apos;udf5&apos; as &apos;&apos;
Verified &apos;Response Param &apos;udf6&apos;&apos; as :-&apos;&apos;
Verified &apos;Response Param &apos;udf7&apos;&apos; as :-&apos;&apos;
Verified &apos;Response Param &apos;udf8&apos;&apos; as :-&apos;&apos;
Verified &apos;Response Param &apos;udf9&apos;&apos; as :-&apos;&apos;
Verified &apos;Response Param &apos;udf10&apos;&apos; as :-&apos;&apos;
Verified &apos;Response Param &apos;status&apos;&apos; as :-&apos;success&apos;
Verified &apos;Response Param &apos;cardhash&apos;&apos; as :-&apos;This field is no longer supported in postback params.&apos;
Verified &apos;Response Param &apos;cardnum&apos;&apos; as :-&apos;512345XXXXXX2346&apos;
Skipping the verification of Response Param &apos;lastname&apos; as &apos;&apos;
Skipping the verification of Response Param &apos;field1&apos; as &apos;199743&apos;
Skipping the verification of Response Param &apos;field2&apos; as &apos;432000397379&apos;
Skipping the verification of Response Param &apos;field3&apos; as &apos;20141116&apos;
Verified &apos;Response Param &apos;field4&apos;&apos; as :-&apos;MC&apos;
Skipping the verification of Response Param &apos;field5&apos; as &apos;397379&apos;
Verified &apos;Response Param &apos;field6&apos;&apos; as :-&apos;00&apos;
Verified &apos;Response Param &apos;field7&apos;&apos; as :-&apos;0&apos;
Verified &apos;Response Param &apos;field8&apos;&apos; as :-&apos;3DS&apos;
Skipping the verification of Response Param &apos;field9&apos; as &apos;Successful Verification of Secure Hash:  -- Approved -- Transaction Successful -- Unable to be determined--E219&apos;
Skipping the verification of Response Param &apos;country&apos; as &apos;&apos;
Skipping the verification of Response Param &apos;hash&apos; as &apos;4ee2e27d4847a03af1fec089aa2274cfb7794f885c4d912b6184a132b8b09b687c2bcffd321738282b969fa30a09d87fcd73534cdfc88ac7c01e9dae314feaf0&apos;
Verified &apos;Response Param &apos;firstname&apos;&apos; as :-&apos;TestingFirst&apos;
Skipping the verification of Response Param &apos;zipcode&apos; as &apos;&apos;
Skipping the verification of Response Param &apos;state&apos; as &apos;&apos;
Skipping the verification of Response Param &apos;name_on_card&apos; as &apos;Test Card&apos;
Verified &apos;Response Param &apos;net_amount_debit&apos;&apos; as :-&apos;1&apos;
Skipping the verification of Response Param &apos;payment_source&apos; as &apos;payu&apos;
&lt;B&gt;Page URL&lt;/B&gt;:- https://admin.payu.in/test_response
&lt;B&gt;Screenshot&lt;/B&gt;:- &lt;a href=html/2014-11-15_19-18-07_Test.AdminPanel.Payments.TestTransactionCC.test_CC_AXIS.png target=&apos;_blank&apos; &gt;2014-11-15_19-18-07_Test.AdminPanel.Payments.TestTransactionCC.test_CC_AXIS.png&lt;/a&gt;
Failed to verify Test Response
</system-out>
  </testcase>
  <testcase classname="Test.MerchantPanel.Offers.TestOffers" name="test_VerifyValidOfferPaymentTypeCCAndDC" time="43.788">
    <failure type="java.lang.NullPointerException">java.lang.NullPointerException
	at Test.AdminPanel.Payments.TransactionHelper.MakeGatewayAsStatusUp(TransactionHelper.java:968)
	at Test.AdminPanel.Payments.TransactionHelper.VerifyIbiboCodePresentForMerchant(TransactionHelper.java:1087)
	at Test.AdminPanel.Payments.TransactionHelper.DoTestTransaction(TransactionHelper.java:788)
	at Test.AdminPanel.Payments.TransactionHelper.DoTestTransaction(TransactionHelper.java:764)
	at Test.MerchantPanel.Offers.TestOffers.test_VerifyValidOfferPaymentTypeCCAndDC(TestOffers.java:297)
</failure>
    <system-out>Navigate to web page- &apos;https://www.payu.in/index&apos;
Added the cookie - Name: &apos;test_name&apos; Value: &apos;Test.MerchantPanel.Offers.TestOffers.test_VerifyValidOfferPaymentTypeCCAndDC&apos; Domain: &apos;.payu.in&apos; Expiry: &apos;Sun Nov 16 19:18:34 IST 2014&apos;
Wait for page load by waiting for element [id: sign_in]
Click on &apos;Signin&apos;
Enter the User name as &apos;super&apos;
Get TestData Excel:-&apos;ProductTestData.xls&apos;, Sheet:- &apos;TransactionDetails&apos;
Enter the Merchant alias as &apos;QBKSbB&apos;
Enter the Password as &apos;Password&apos;
Click on &apos;Signin&apos;
Wait for page load by waiting for element [name: dropbox]
Navigate to web page- &apos;https://info.payu.in/merchant/offerList&apos;
Added the cookie - Name: &apos;test_name&apos; Value: &apos;Test.MerchantPanel.Offers.TestOffers.test_VerifyValidOfferPaymentTypeCCAndDC&apos; Domain: &apos;.payu.in&apos; Expiry: &apos;Sun Nov 16 19:18:48 IST 2014&apos;
Wait for page load by waiting for element [link text: Create New Offer]
Get TestData Excel:-&apos;ProductTestData.xls&apos;, Sheet:- &apos;PaymentType&apos;
Get TestData Excel:-&apos;ProductTestData.xls&apos;, Sheet:- &apos;TransactionDetails&apos;
Get the WebElement with xPath://html/body/div[1]/table/tbody/tr//td[.=&apos;ValidOffer&apos;]/../td[1]
Get the WebElement with xPath://html/body/div[1]/table/tbody/tr//td[.=&apos;ValidOffer&apos;]/../td[2]
Get the WebElement with xPath://html/body/div[1]/table/tbody/tr//td[.=&apos;ValidOffer&apos;]/../td[3]
Get the WebElement with xPath://html/body/div[1]/table/tbody/tr//td[.=&apos;ValidOffer&apos;]/../td[4]
Get the WebElement with xPath://html/body/div[1]/table/tbody/tr//td[.=&apos;ValidOffer&apos;]/../td[5]
Get the WebElement with xPath://html/body/div[1]/table/tbody/tr//td[.=&apos;ValidOffer&apos;]/../td[6]
Get the WebElement with xPath://html/body/div[1]/table/tbody/tr//td[.=&apos;ValidOffer&apos;]/../td[7]
Get the WebElement with xPath://html/body/div[1]/table/tbody/tr//td[.=&apos;ValidOffer&apos;]/../td[8]
Get the WebElement with xPath://html/body/div[1]/table/tbody/tr//td[.=&apos;ValidOffer&apos;]/../td[9]
Get the WebElement with xPath://html/body/div[1]/table/tbody/tr//td[.=&apos;ValidOffer&apos;]/../td[10]
Get the WebElement with xPath://html/body/div[1]/table/tbody/tr//td[.=&apos;ValidOffer&apos;]/../td[11]
Get the WebElement with xPath://html/body/div[1]/table/tbody/tr//td[.=&apos;ValidOffer&apos;]/../td[12]
Get the WebElement with xPath://html/body/div[1]/table/tbody/tr//td[.=&apos;ValidOffer&apos;]/../td[13]
Get the WebElement with xPath://html/body/div[1]/table/tbody/tr//td[.=&apos;ValidOffer&apos;]/../td[14]
Get the WebElement with xPath://html/body/div[1]/table/tbody/tr//td[.=&apos;ValidOffer&apos;]/../td[1]
Get the WebElement with xPath://html/body/div[1]/table/tbody/tr//td[.=&apos;ValidOffer&apos;]/../td[2]
Get the WebElement with xPath://html/body/div[1]/table/tbody/tr//td[.=&apos;ValidOffer&apos;]/../td[3]
Get the WebElement with xPath://html/body/div[1]/table/tbody/tr//td[.=&apos;ValidOffer&apos;]/../td[4]
Get the WebElement with xPath://html/body/div[1]/table/tbody/tr//td[.=&apos;ValidOffer&apos;]/../td[5]
Get the WebElement with xPath://html/body/div[1]/table/tbody/tr//td[.=&apos;ValidOffer&apos;]/../td[6]
Get the WebElement with xPath://html/body/div[1]/table/tbody/tr//td[.=&apos;ValidOffer&apos;]/../td[7]
Get the WebElement with xPath://html/body/div[1]/table/tbody/tr//td[.=&apos;ValidOffer&apos;]/../td[8]
Get the WebElement with xPath://html/body/div[1]/table/tbody/tr//td[.=&apos;ValidOffer&apos;]/../td[9]
Get the WebElement with xPath://html/body/div[1]/table/tbody/tr//td[.=&apos;ValidOffer&apos;]/../td[10]
Get the WebElement with xPath://html/body/div[1]/table/tbody/tr//td[.=&apos;ValidOffer&apos;]/../td[11]
Get the WebElement with xPath://html/body/div[1]/table/tbody/tr//td[.=&apos;ValidOffer&apos;]/../td[12]
Get the WebElement with xPath://html/body/div[1]/table/tbody/tr//td[.=&apos;ValidOffer&apos;]/../td[13]
Get the WebElement with xPath://html/body/div[1]/table/tbody/tr//td[.=&apos;ValidOffer&apos;]/../td[14]
Get the WebElement with xPath://html/body/div[1]/table/tbody/tr//td[.=&apos;ValidOffer&apos;]/../td[1]
Get the WebElement with xPath://html/body/div[1]/table/tbody/tr//td[.=&apos;ValidOffer&apos;]/../td[2]
Get the WebElement with xPath://html/body/div[1]/table/tbody/tr//td[.=&apos;ValidOffer&apos;]/../td[3]
Get the WebElement with xPath://html/body/div[1]/table/tbody/tr//td[.=&apos;ValidOffer&apos;]/../td[4]
Get the WebElement with xPath://html/body/div[1]/table/tbody/tr//td[.=&apos;ValidOffer&apos;]/../td[5]
Get the WebElement with xPath://html/body/div[1]/table/tbody/tr//td[.=&apos;ValidOffer&apos;]/../td[6]
Get the WebElement with xPath://html/body/div[1]/table/tbody/tr//td[.=&apos;ValidOffer&apos;]/../td[7]
Get the WebElement with xPath://html/body/div[1]/table/tbody/tr//td[.=&apos;ValidOffer&apos;]/../td[8]
Get the WebElement with xPath://html/body/div[1]/table/tbody/tr//td[.=&apos;ValidOffer&apos;]/../td[9]
Get the WebElement with xPath://html/body/div[1]/table/tbody/tr//td[.=&apos;ValidOffer&apos;]/../td[10]
Get the WebElement with xPath://html/body/div[1]/table/tbody/tr//td[.=&apos;ValidOffer&apos;]/../td[11]
Get the WebElement with xPath://html/body/div[1]/table/tbody/tr//td[.=&apos;ValidOffer&apos;]/../td[12]
Get the WebElement with xPath://html/body/div[1]/table/tbody/tr//td[.=&apos;ValidOffer&apos;]/../td[13]
Get the WebElement with xPath://html/body/div[1]/table/tbody/tr//td[.=&apos;ValidOffer&apos;]/../td[14]
Get the WebElement with xPath://html/body/div[1]/table/tbody/tr//td[.=&apos;ValidOffer&apos;]/../td[1]
Get the WebElement with xPath://html/body/div[1]/table/tbody/tr//td[.=&apos;ValidOffer&apos;]/../td[2]
Get the WebElement with xPath://html/body/div[1]/table/tbody/tr//td[.=&apos;ValidOffer&apos;]/../td[3]
Get the WebElement with xPath://html/body/div[1]/table/tbody/tr//td[.=&apos;ValidOffer&apos;]/../td[4]
Get the WebElement with xPath://html/body/div[1]/table/tbody/tr//td[.=&apos;ValidOffer&apos;]/../td[5]
Get the WebElement with xPath://html/body/div[1]/table/tbody/tr//td[.=&apos;ValidOffer&apos;]/../td[6]
Get the WebElement with xPath://html/body/div[1]/table/tbody/tr//td[.=&apos;ValidOffer&apos;]/../td[7]
Get the WebElement with xPath://html/body/div[1]/table/tbody/tr//td[.=&apos;ValidOffer&apos;]/../td[8]
Get the WebElement with xPath://html/body/div[1]/table/tbody/tr//td[.=&apos;ValidOffer&apos;]/../td[9]
Get the WebElement with xPath://html/body/div[1]/table/tbody/tr//td[.=&apos;ValidOffer&apos;]/../td[10]
Get the WebElement with xPath://html/body/div[1]/table/tbody/tr//td[.=&apos;ValidOffer&apos;]/../td[11]
Get the WebElement with xPath://html/body/div[1]/table/tbody/tr//td[.=&apos;ValidOffer&apos;]/../td[12]
Get the WebElement with xPath://html/body/div[1]/table/tbody/tr//td[.=&apos;ValidOffer&apos;]/../td[13]
Get the WebElement with xPath://html/body/div[1]/table/tbody/tr//td[.=&apos;ValidOffer&apos;]/../td[14]
Get the WebElement with xPath://html/body/div[1]/table/tbody/tr//td[.=&apos;ValidOffer&apos;]/../td[1]
Get the WebElement with xPath://html/body/div[1]/table/tbody/tr//td[.=&apos;ValidOffer&apos;]/../td[2]
Get the WebElement with xPath://html/body/div[1]/table/tbody/tr//td[.=&apos;ValidOffer&apos;]/../td[3]
Get the WebElement with xPath://html/body/div[1]/table/tbody/tr//td[.=&apos;ValidOffer&apos;]/../td[4]
Get the WebElement with xPath://html/body/div[1]/table/tbody/tr//td[.=&apos;ValidOffer&apos;]/../td[5]
Get the WebElement with xPath://html/body/div[1]/table/tbody/tr//td[.=&apos;ValidOffer&apos;]/../td[6]
Get the WebElement with xPath://html/body/div[1]/table/tbody/tr//td[.=&apos;ValidOffer&apos;]/../td[7]
Get the WebElement with xPath://html/body/div[1]/table/tbody/tr//td[.=&apos;ValidOffer&apos;]/../td[8]
Get the WebElement with xPath://html/body/div[1]/table/tbody/tr//td[.=&apos;ValidOffer&apos;]/../td[9]
Get the WebElement with xPath://html/body/div[1]/table/tbody/tr//td[.=&apos;ValidOffer&apos;]/../td[10]
Get the WebElement with xPath://html/body/div[1]/table/tbody/tr//td[.=&apos;ValidOffer&apos;]/../td[11]
Get the WebElement with xPath://html/body/div[1]/table/tbody/tr//td[.=&apos;ValidOffer&apos;]/../td[12]
Get the WebElement with xPath://html/body/div[1]/table/tbody/tr//td[.=&apos;ValidOffer&apos;]/../td[13]
Get the WebElement with xPath://html/body/div[1]/table/tbody/tr//td[.=&apos;ValidOffer&apos;]/../td[14]
Navigate to web page- &apos;https://admin.payu.in/home&apos;
Added the cookie - Name: &apos;test_name&apos; Value: &apos;Test.MerchantPanel.Offers.TestOffers.test_VerifyValidOfferPaymentTypeCCAndDC&apos; Domain: &apos;.payu.in&apos; Expiry: &apos;Sun Nov 16 19:18:53 IST 2014&apos;
Wait for page load by waiting for element [link text: Admin Login]
Click on &apos;Admin Login link&apos;
Wait for page load by waiting for element [id: username]
Enter the User name as &apos;qc2&apos;
Enter the Password as &apos;Password2&apos;
Click on &apos;Submit Button&apos;
Wait for page load by waiting for element [link text: Test Transaction]
Navigate to web page- &apos;https://admin.payu.in/home&apos;
Added the cookie - Name: &apos;test_name&apos; Value: &apos;Test.MerchantPanel.Offers.TestOffers.test_VerifyValidOfferPaymentTypeCCAndDC&apos; Domain: &apos;.payu.in&apos; Expiry: &apos;Sun Nov 16 19:18:55 IST 2014&apos;
Wait for page load by waiting for element [link text: Test Transaction]
Click on &apos;Test Transaction Link&apos;
Wait for page load by waiting for element [name: amount]
Get TestData Excel:-&apos;ProductTestData.xls&apos;, Sheet:- &apos;PGInfo&apos;
Get TestData Excel:-&apos;ProductTestData.xls&apos;, Sheet:- &apos;SQL&apos;
Executing the query - &apos;select count(*) cnt from merchant_payment_type mpt where mpt.merchantid=&apos;5910&apos; and mpt.ibibo_code = &apos;MAST&apos; and mpt.pg_id = &apos;&apos; and mpt.active=1;&apos;
Connecting to OFFLINE db:-jdbc:mysql://10.50.23.45/payu
Connection succeeded
&lt;B&gt;Page URL&lt;/B&gt;:- https://admin.payu.in/testpay
&lt;B&gt;Screenshot&lt;/B&gt;:- &lt;a href=html/2014-11-15_19-18-58_Test.MerchantPanel.Offers.TestOffers.test_VerifyValidOfferPaymentTypeCCAndDC.png target=&apos;_blank&apos; &gt;2014-11-15_19-18-58_Test.MerchantPanel.Offers.TestOffers.test_VerifyValidOfferPaymentTypeCCAndDC.png&lt;/a&gt;
Payment type MAST with pg_gateway_id  is NOT present for merchantid 5910
Get TestData Excel:-&apos;ProductTestData.xls&apos;, Sheet:- &apos;SQL&apos;
Executing the query - &apos;select * from paymentgateway pg where pg.key = &apos;AXISPG&apos; and pg.isactive=1;&apos;
Connecting to OFFLINE db:-jdbc:mysql://10.50.23.45/payu
Connection succeeded
No data was returned for this query
</system-out>
  </testcase>
</testsuite>