<?xml version="1.0" encoding="UTF-8"?>
<testng-results skipped="0" failed="9" total="12" passed="3">
  <reporter-output>
    <line>
      <![CDATA[<font color='Black'>Read the configuration file:-C:\PayuAutomation\automation\Product\Parameters\Config.properties</font></br>]]>
    </line>
    <line>
      <![CDATA[<font color='Black'>Read the configuration file:-C:\PayuAutomation\automation\Product\Parameters\Config.properties</font></br>]]>
    </line>
    <line>
      <![CDATA[<font color='Black'>Read the configuration file:-C:\PayuAutomation\automation\Product\Parameters\Config.properties</font></br>]]>
    </line>
    <line>
      <![CDATA[<font color='Black'>Read the environment file:-C:\PayuAutomation\automation\Product\Parameters\PPReplicaRelease.properties</font></br>]]>
    </line>
    <line>
      <![CDATA[<font color='Black'>Read the environment file:-C:\PayuAutomation\automation\Product\Parameters\PPReplicaRelease.properties</font></br>]]>
    </line>
    <line>
      <![CDATA[<font color='Black'>Read the environment file:-C:\PayuAutomation\automation\Product\Parameters\PPReplicaRelease.properties</font></br>]]>
    </line>
    <line>
      <![CDATA[<font color='Black'>Test data sheet is:-C:\PayuAutomation\automation\Product\Parameters\ProductTestData.xls</font></br>]]>
    </line>
    <line>
      <![CDATA[<font color='Black'>Test data sheet is:-C:\PayuAutomation\automation\Product\Parameters\ProductTestData.xls</font></br>]]>
    </line>
    <line>
      <![CDATA[<font color='Black'>Checkout page is:-C:\PayuAutomation\automation\Product\Parameters\README_InputFile.txt</font></br>]]>
    </line>
    <line>
      <![CDATA[<font color='Black'>Results Directory is:-C:\PayuAutomation\automation\Product\test-output</font></br>]]>
    </line>
    <line>
      <![CDATA[<font color='Black'>Checkout page is:-C:\PayuAutomation\automation\Product\Parameters\README_InputFile.txt</font></br>]]>
    </line>
    <line>
      <![CDATA[<font color='Black'>Test data sheet is:-C:\PayuAutomation\automation\Product\Parameters\ProductTestData.xls</font></br>]]>
    </line>
    <line>
      <![CDATA[<font color='Black'>Checkout page is:-C:\PayuAutomation\automation\Product\Parameters\README_InputFile.txt</font></br>]]>
    </line>
    <line>
      <![CDATA[<font color='Black'>Results Directory is:-C:\PayuAutomation\automation\Product\test-output</font></br>]]>
    </line>
    <line>
      <![CDATA[<font color='Black'>Results Directory is:-C:\PayuAutomation\automation\Product\test-output</font></br>]]>
    </line>
    <line>
      <![CDATA[<font color='Green'><B>Test 'Test.AdminPanel.Payments.TestSeamlessStoreCard.testTransactionSavedSeamlessStoredcard' Started on '2014-11-11 11:56:58'</B></font></br>]]>
    </line>
    <line>
      <![CDATA[<font color='Green'><B>Test 'Test.AdminPanel.Payments.TestSeamlessStoreCard.SavedDebitCardTransaction' Started on '2014-11-11 11:56:58'</B></font></br>]]>
    </line>
    <line>
      <![CDATA[<font color='Green'><B>Test 'Test.AdminPanel.Payments.TestSeamlessStoreCard.Save_new_store_DCcard' Started on '2014-11-11 11:56:58'</B></font></br>]]>
    </line>
    <line>
      <![CDATA[<font color='Black'>Launching 'Firefox' browser</font></br>]]>
    </line>
    <line>
      <![CDATA[<font color='Black'>Launching 'Firefox' browser</font></br>]]>
    </line>
    <line>
      <![CDATA[<font color='Black'>Launching 'Firefox' browser</font></br>]]>
    </line>
    <line>
      <![CDATA[<font color='Black'>Get TestData Excel:-'ProductTestData.xls', Sheet:- 'PaymentType'</font></br>]]>
    </line>
    <line>
      <![CDATA[<font color='Black'>Get TestData Excel:-'ProductTestData.xls', Sheet:- 'TransactionDetails'</font></br>]]>
    </line>
    <line>
      <![CDATA[<font color='Black'>Navigate to web page- 'https://admin.payu.in/home'</font></br>]]>
    </line>
    <line>
      <![CDATA[<font color='Black'>Get TestData Excel:-'ProductTestData.xls', Sheet:- 'PaymentType'</font></br>]]>
    </line>
    <line>
      <![CDATA[<font color='Black'>Get TestData Excel:-'ProductTestData.xls', Sheet:- 'TransactionDetails'</font></br>]]>
    </line>
    <line>
      <![CDATA[<font color='Black'>Navigate to web page- 'https://admin.payu.in/home'</font></br>]]>
    </line>
    <line>
      <![CDATA[<font color='Black'>Added the cookie - Name: 'test_name' Value: 'Test.AdminPanel.Payments.TestSeamlessStoreCard.SavedDebitCardTransaction' Domain: '.payu.in' Expiry: 'Wed Nov 12 11:58:29 IST 2014'</font></br>]]>
    </line>
    <line>
      <![CDATA[<font color='Black'>Wait for page load by waiting for element [link text: Admin Login]</font></br>]]>
    </line>
    <line>
      <![CDATA[<font color='Black'>Click on 'Admin Login link'</font></br>]]>
    </line>
    <line>
      <![CDATA[<font color='Black'>Added the cookie - Name: 'test_name' Value: 'Test.AdminPanel.Payments.TestSeamlessStoreCard.Save_new_store_DCcard' Domain: '.payu.in' Expiry: 'Wed Nov 12 11:58:31 IST 2014'</font></br>]]>
    </line>
    <line>
      <![CDATA[<font color='Black'>Wait for page load by waiting for element [link text: Admin Login]</font></br>]]>
    </line>
    <line>
      <![CDATA[<font color='Black'>Click on 'Admin Login link'</font></br>]]>
    </line>
    <line>
      <![CDATA[<font color='Black'>Wait for page load by waiting for element [id: username]</font></br>]]>
    </line>
    <line>
      <![CDATA[<font color='Black'>Wait for page load by waiting for element [id: username]</font></br>]]>
    </line>
    <line>
      <![CDATA[<font color='Black'>Enter the User name as 'qc2'</font></br>]]>
    </line>
    <line>
      <![CDATA[<font color='Black'>Enter the User name as 'qc2'</font></br>]]>
    </line>
    <line>
      <![CDATA[<font color='Black'>Enter the Password as 'Password2'</font></br>]]>
    </line>
    <line>
      <![CDATA[<font color='Black'>Enter the Password as 'Password2'</font></br>]]>
    </line>
    <line>
      <![CDATA[<font color='Black'>Click on 'Submit Button'</font></br>]]>
    </line>
    <line>
      <![CDATA[<font color='Black'>Click on 'Submit Button'</font></br>]]>
    </line>
    <line>
      <![CDATA[<font color='Black'>Wait for page load by waiting for element [link text: Test Transaction]</font></br>]]>
    </line>
    <line>
      <![CDATA[<font color='Black'>Wait for page load by waiting for element [link text: Test Transaction]</font></br>]]>
    </line>
    <line>
      <![CDATA[<font color='Black'>Get TestData Excel:-'ProductTestData.xls', Sheet:- 'PaymentType'</font></br>]]>
    </line>
    <line>
      <![CDATA[<font color='Black'>Get TestData Excel:-'ProductTestData.xls', Sheet:- 'PaymentType'</font></br>]]>
    </line>
    <line>
      <![CDATA[<font color='Black'>Get TestData Excel:-'ProductTestData.xls', Sheet:- 'PGInfo'</font></br>]]>
    </line>
    <line>
      <![CDATA[<font color='Black'>Get TestData Excel:-'ProductTestData.xls', Sheet:- 'PGInfo'</font></br>]]>
    </line>
    <line>
      <![CDATA[<font color='Black'>Get TestData Excel:-'ProductTestData.xls', Sheet:- 'SQL'</font></br>]]>
    </line>
    <line>
      <![CDATA[<font color='Black'>Get TestData Excel:-'ProductTestData.xls', Sheet:- 'SQL'</font></br>]]>
    </line>
    <line>
      <![CDATA[<font color='Black'>Executing the query - 'select count(*) cnt from merchant_payment_type mpt where mpt.merchantid='5910' and mpt.ibibo_code = 'MAES' and mpt.pg_id = '' and mpt.active=1;'</font></br>]]>
    </line>
    <line>
      <![CDATA[<font color='Black'>Connecting to OFFLINE db:-jdbc:mysql://10.50.23.45/payu</font></br>]]>
    </line>
    <line>
      <![CDATA[<font color='Black'>Executing the query - 'select count(*) cnt from merchant_payment_type mpt where mpt.merchantid='5914' and mpt.ibibo_code = 'VISA' and mpt.pg_id = '38' and mpt.active=1;'</font></br>]]>
    </line>
    <line>
      <![CDATA[<font color='Black'>Connecting to OFFLINE db:-jdbc:mysql://10.50.23.45/payu</font></br>]]>
    </line>
    <line>
      <![CDATA[<font color='Black'>Connection succeeded</font></br>]]>
    </line>
    <line>
      <![CDATA[<font color='Black'>Connection succeeded</font></br>]]>
    </line>
    <line>
      <![CDATA[<font color='Green'>Verified that payment type VISA with pg_gateway_id 38 is present for merchantid 5914</font></br>]]>
    </line>
    <line>
      <![CDATA[<font color='Black'>Get TestData Excel:-'ProductTestData.xls', Sheet:- 'SQL'</font></br>]]>
    </line>
    <line>
      <![CDATA[<font color='Black'>Executing the query - 'select * from paymentgateway pg where pg.key = 'SBIPG' and pg.isactive=1;'</font></br>]]>
    </line>
    <line>
      <![CDATA[<font color='Black'>Connecting to OFFLINE db:-jdbc:mysql://10.50.23.45/payu</font></br>]]>
    </line>
    <line>
      <![CDATA[<font color='Black'>Connection succeeded</font></br>]]>
    </line>
    <line>
      <![CDATA[<font color='Black'>Gateway- SBIPG is down, marking that as up</font></br>]]>
    </line>
    <line>
      <![CDATA[<font color='Black'>Navigate to web page- 'https://admin.payu.in/home'</font></br>]]>
    </line>
    <line>
      <![CDATA[<font color='Black'>Added the cookie - Name: 'test_name' Value: 'Test.AdminPanel.Payments.TestSeamlessStoreCard.SavedDebitCardTransaction' Domain: '.payu.in' Expiry: 'Wed Nov 12 11:58:45 IST 2014'</font></br>]]>
    </line>
    <line>
      <![CDATA[<font color='Black'>Wait for page load by waiting for element [link text: Test Transaction]</font></br>]]>
    </line>
    <line>
      <![CDATA[<font color='Black'>Click on 'Click Edit Default Gateway Link'</font></br>]]>
    </line>
    <line>
      <![CDATA[<font color='Black'><B>Page URL</B>:- https://admin.payu.in/home</font></br>]]>
    </line>
    <line>
      <![CDATA[<font color='Black'><B>Screenshot</B>:- <a href=html/2014-11-11_11-58-43_Test.AdminPanel.Payments.TestSeamlessStoreCard.Save_new_store_DCcard.png target='_blank' >2014-11-11_11-58-43_Test.AdminPanel.Payments.TestSeamlessStoreCard.Save_new_store_DCcard.png</a></font></br>]]>
    </line>
    <line>
      <![CDATA[<font color='Red'>Payment type MAES with pg_gateway_id  is NOT present for merchantid 5910</font></br>]]>
    </line>
    <line>
      <![CDATA[<font color='Black'>Get TestData Excel:-'ProductTestData.xls', Sheet:- 'SQL'</font></br>]]>
    </line>
    <line>
      <![CDATA[<font color='Black'>Executing the query - 'select * from paymentgateway pg where pg.key = 'AXISPG' and pg.isactive=1;'</font></br>]]>
    </line>
    <line>
      <![CDATA[<font color='Black'>Connecting to OFFLINE db:-jdbc:mysql://10.50.23.45/payu</font></br>]]>
    </line>
    <line>
      <![CDATA[<font color='Black'>Connection succeeded</font></br>]]>
    </line>
    <line>
      <![CDATA[<font color='Orange'>No data was returned for this query</font></br>]]>
    </line>
    <line>
      <![CDATA[<font color='Black'><B>Page URL</B>:- https://admin.payu.in/home</font></br>]]>
    </line>
    <line>
      <![CDATA[<font color='Black'><B>Screenshot</B>:- <a href=html/2014-11-11_11-58-50_Test.AdminPanel.Payments.TestSeamlessStoreCard.Save_new_store_DCcard.png target='_blank' >2014-11-11_11-58-50_Test.AdminPanel.Payments.TestSeamlessStoreCard.Save_new_store_DCcard.png</a></font></br>]]>
    </line>
    <line>
      <![CDATA[<font color='Red'>java.lang.NullPointerException</font></br>]]>
    </line>
    <line>
      <![CDATA[<font color='Black'><B>Page URL</B>:- https://admin.payu.in/home</font></br>]]>
    </line>
    <line>
      <![CDATA[<font color='Black'><B>Screenshot</B>:- <a href=html/2014-11-11_11-58-52_Test.AdminPanel.Payments.TestSeamlessStoreCard.Save_new_store_DCcard.png target='_blank' >2014-11-11_11-58-52_Test.AdminPanel.Payments.TestSeamlessStoreCard.Save_new_store_DCcard.png</a></font></br>]]>
    </line>
    <line>
      <![CDATA[<font color='Red'>java.lang.NullPointerException</font></br>]]>
    </line>
    <line>
      <![CDATA[<font color='Black'>Close the current browser window</font></br>]]>
    </line>
    <line>
      <![CDATA[<font color='Black'>Quit the browser</font></br>]]>
    </line>
    <line>
      <![CDATA[<font color='Red'><B>Failure occured in test 'Test.AdminPanel.Payments.TestSeamlessStoreCard.Save_new_store_DCcard' Ended on '2014-11-11 11:58:52'</B></font></br>]]>
    </line>
    <line>
      <![CDATA[<font color='Black'>Wait for page load by waiting for element [xpath: //h2[.='Payment Gateway Global Defaults']]</font></br>]]>
    </line>
    <line>
      <![CDATA[<font color='Black'>Get the WebElement with xPath://label[@for='gatewayStatusUp' and text()='SBIPG']/following-sibling::input[@id='StatusUp']</font></br>]]>
    </line>
    <line>
      <![CDATA[<font color='Black'>Click on 'Mark the status of Gateway -SBIPG as UP.'</font></br>]]>
    </line>
    <line>
      <![CDATA[<font color='Black'>Navigate to web page- 'https://admin.payu.in/home'</font></br>]]>
    </line>
    <line>
      <![CDATA[<font color='Black'>Added the cookie - Name: 'test_name' Value: 'Test.AdminPanel.Payments.TestSeamlessStoreCard.SavedDebitCardTransaction' Domain: '.payu.in' Expiry: 'Wed Nov 12 11:59:06 IST 2014'</font></br>]]>
    </line>
    <line>
      <![CDATA[<font color='Black'>Wait for page load by waiting for element [link text: Test Transaction]</font></br>]]>
    </line>
    <line>
      <![CDATA[<font color='Black'>Click on 'Test Transaction Link'</font></br>]]>
    </line>
    <line>
      <![CDATA[<font color='Black'>Wait for page load by waiting for element [name: amount]</font></br>]]>
    </line>
    <line>
      <![CDATA[<font color='Black'>Get TestData Excel:-'ProductTestData.xls', Sheet:- 'TransactionDetails'</font></br>]]>
    </line>
    <line>
      <![CDATA[<font color='Black'>Click on 'Merchant Drop Down'</font></br>]]>
    </line>
    <line>
      <![CDATA[<font color='Black'>Get TestData Excel:-'ProductTestData.xls', Sheet:- 'PaymentType'</font></br>]]>
    </line>
    <line>
      <![CDATA[<font color='Black'>Get TestData Excel:-'ProductTestData.xls', Sheet:- 'TransactionDetails'</font></br>]]>
    </line>
    <line>
      <![CDATA[<font color='Black'>Navigate to web page- 'https://admin.payu.in/home'</font></br>]]>
    </line>
    <line>
      <![CDATA[<font color='Black'>Wait for '1' seconds</font></br>]]>
    </line>
    <line>
      <![CDATA[<font color='Black'>Enter the Search Merchant Key as ' - nevrb6'</font></br>]]>
    </line>
    <line>
      <![CDATA[<font color='Black'>Wait for '2' seconds</font></br>]]>
    </line>
    <line>
      <![CDATA[<font color='Black'>Get the WebElement with xPath://label/span[contains(text(),' - nevrb6')]</font></br>]]>
    </line>
    <line>
      <![CDATA[<font color='Black'>Click on 'Merchant'</font></br>]]>
    </line>
    <line>
      <![CDATA[<font color='Black'>Added the cookie - Name: 'test_name' Value: 'Test.AdminPanel.Payments.TestSeamlessStoreCard.testTransactionSavedSeamlessStoredcard' Domain: '.payu.in' Expiry: 'Wed Nov 12 11:59:23 IST 2014'</font></br>]]>
    </line>
    <line>
      <![CDATA[<font color='Black'>Wait for page load by waiting for element [link text: Admin Login]</font></br>]]>
    </line>
    <line>
      <![CDATA[<font color='Black'>Click on 'Admin Login link'</font></br>]]>
    </line>
    <line>
      <![CDATA[<font color='Black'>Enter the Amount as '1.50'</font></br>]]>
    </line>
    <line>
      <![CDATA[<font color='Black'>Enter the User Credentials as 'null:VISA6QQR'</font></br>]]>
    </line>
    <line>
      <![CDATA[<font color='Black'>Wait for page load by waiting for element [id: username]</font></br>]]>
    </line>
    <line>
      <![CDATA[<font color='Black'>Enter the User name as 'qc2'</font></br>]]>
    </line>
    <line>
      <![CDATA[<font color='Black'>Get TestData Excel:-'ProductTestData.xls', Sheet:- 'PaymentType'</font></br>]]>
    </line>
    <line>
      <![CDATA[<font color='Black'>Enter the PG Code as 'DC'</font></br>]]>
    </line>
    <line>
      <![CDATA[<font color='Black'>Enter the Ibibo Code as 'VISA'</font></br>]]>
    </line>
    <line>
      <![CDATA[<font color='Black'>Get TestData Excel:-'ProductTestData.xls', Sheet:- 'StoreCard'</font></br>]]>
    </line>
    <line>
      <![CDATA[<font color='Black'>Enter the Store CardName as 'testings1IUKYA'</font></br>]]>
    </line>
    <line>
      <![CDATA[<font color='Black'>Enter the Password as 'Password2'</font></br>]]>
    </line>
    <line>
      <![CDATA[<font color='Black'>Enter the SavedCard flag field as '1'</font></br>]]>
    </line>
    <line>
      <![CDATA[<font color='Black'>Click on 'Submit Button'</font></br>]]>
    </line>
    <line>
      <![CDATA[<font color='Black'>Get TestData Excel:-'ProductTestData.xls', Sheet:- 'CardDetails'</font></br>]]>
    </line>
    <line>
      <![CDATA[<font color='Black'>Enter the Name on Card as 'Test Card'</font></br>]]>
    </line>
    <line>
      <![CDATA[<font color='Black'>Enter the Card Number as '5123456789012346'</font></br>]]>
    </line>
    <line>
      <![CDATA[<font color='Black'>Enter the CVV as '123'</font></br>]]>
    </line>
    <line>
      <![CDATA[<font color='Black'>Enter the Expiry month as '05'</font></br>]]>
    </line>
    <line>
      <![CDATA[<font color='Black'>Enter the Expiry year as '2017'</font></br>]]>
    </line>
    <line>
      <![CDATA[<font color='Black'>Submit 'Transaction'</font></br>]]>
    </line>
    <line>
      <![CDATA[<font color='Black'>Wait for page load by waiting for element [link text: Test Transaction]</font></br>]]>
    </line>
    <line>
      <![CDATA[<font color='Black'>Get TestData Excel:-'ProductTestData.xls', Sheet:- 'PaymentType'</font></br>]]>
    </line>
    <line>
      <![CDATA[<font color='Black'>Get TestData Excel:-'ProductTestData.xls', Sheet:- 'PGInfo'</font></br>]]>
    </line>
    <line>
      <![CDATA[<font color='Black'>Get TestData Excel:-'ProductTestData.xls', Sheet:- 'SQL'</font></br>]]>
    </line>
    <line>
      <![CDATA[<font color='Black'>Executing the query - 'select count(*) cnt from merchant_payment_type mpt where mpt.merchantid='5912' and mpt.ibibo_code = 'MAST' and mpt.pg_id = '' and mpt.active=1;'</font></br>]]>
    </line>
    <line>
      <![CDATA[<font color='Black'>Connecting to OFFLINE db:-jdbc:mysql://10.50.23.45/payu</font></br>]]>
    </line>
    <line>
      <![CDATA[<font color='Black'>Connection succeeded</font></br>]]>
    </line>
    <line>
      <![CDATA[<font color='Black'><B>Page URL</B>:- https://admin.payu.in/home</font></br>]]>
    </line>
    <line>
      <![CDATA[<font color='Black'><B>Screenshot</B>:- <a href=html/2014-11-11_11-59-29_Test.AdminPanel.Payments.TestSeamlessStoreCard.testTransactionSavedSeamlessStoredcard.png target='_blank' >2014-11-11_11-59-29_Test.AdminPanel.Payments.TestSeamlessStoreCard.testTransactionSavedSeamlessStoredcard.png</a></font></br>]]>
    </line>
    <line>
      <![CDATA[<font color='Red'>Payment type MAST with pg_gateway_id  is NOT present for merchantid 5912</font></br>]]>
    </line>
    <line>
      <![CDATA[<font color='Black'>Get TestData Excel:-'ProductTestData.xls', Sheet:- 'SQL'</font></br>]]>
    </line>
    <line>
      <![CDATA[<font color='Black'>Executing the query - 'select * from paymentgateway pg where pg.key = 'HDFCPG' and pg.isactive=1;'</font></br>]]>
    </line>
    <line>
      <![CDATA[<font color='Black'>Connecting to OFFLINE db:-jdbc:mysql://10.50.23.45/payu</font></br>]]>
    </line>
    <line>
      <![CDATA[<font color='Black'>Connection succeeded</font></br>]]>
    </line>
    <line>
      <![CDATA[<font color='Orange'>No data was returned for this query</font></br>]]>
    </line>
    <line>
      <![CDATA[<font color='Black'><B>Page URL</B>:- https://admin.payu.in/home</font></br>]]>
    </line>
    <line>
      <![CDATA[<font color='Black'><B>Screenshot</B>:- <a href=html/2014-11-11_11-59-31_Test.AdminPanel.Payments.TestSeamlessStoreCard.testTransactionSavedSeamlessStoredcard.png target='_blank' >2014-11-11_11-59-31_Test.AdminPanel.Payments.TestSeamlessStoreCard.testTransactionSavedSeamlessStoredcard.png</a></font></br>]]>
    </line>
    <line>
      <![CDATA[<font color='Red'>java.lang.NullPointerException</font></br>]]>
    </line>
    <line>
      <![CDATA[<font color='Black'><B>Page URL</B>:- https://admin.payu.in/home</font></br>]]>
    </line>
    <line>
      <![CDATA[<font color='Black'><B>Screenshot</B>:- <a href=html/2014-11-11_11-59-32_Test.AdminPanel.Payments.TestSeamlessStoreCard.testTransactionSavedSeamlessStoredcard.png target='_blank' >2014-11-11_11-59-32_Test.AdminPanel.Payments.TestSeamlessStoreCard.testTransactionSavedSeamlessStoredcard.png</a></font></br>]]>
    </line>
    <line>
      <![CDATA[<font color='Red'>java.lang.NullPointerException</font></br>]]>
    </line>
    <line>
      <![CDATA[<font color='Black'>Close the current browser window</font></br>]]>
    </line>
    <line>
      <![CDATA[<font color='Black'>Quit the browser</font></br>]]>
    </line>
    <line>
      <![CDATA[<font color='Red'><B>Failure occured in test 'Test.AdminPanel.Payments.TestSeamlessStoreCard.testTransactionSavedSeamlessStoredcard' Ended on '2014-11-11 11:59:32'</B></font></br>]]>
    </line>
    <line>
      <![CDATA[<font color='Black'>Wait for '15' seconds</font></br>]]>
    </line>
    <line>
      <![CDATA[<font color='Black'>Wait for page load by waiting for element [tag name: pre]</font></br>]]>
    </line>
    <line>
      <![CDATA[<font color='Green'>Verified 'Count of Response Parameters' as :-'51'</font></br>]]>
    </line>
    <line>
      <![CDATA[<font color='Black'>Get TestData Excel:-'ProductTestData.xls', Sheet:- 'TestResponse'</font></br>]]>
    </line>
    <line>
      <![CDATA[<font color='Black'>Get TestData Excel:-'ProductTestData.xls', Sheet:- 'SQL'</font></br>]]>
    </line>
    <line>
      <![CDATA[<font color='Black'>Executing the query - 'select max(id) as mihpayid, merchantid, bank_ref_no as bank_ref_num, field9 as field9 from transaction where txnid = 'abd75e090b93c1b09ca9';'</font></br>]]>
    </line>
    <line>
      <![CDATA[<font color='Black'>Connecting to OFFLINE db:-jdbc:mysql://10.50.23.45/payu</font></br>]]>
    </line>
    <line>
      <![CDATA[<font color='Black'>Connection succeeded</font></br>]]>
    </line>
    <line>
      <![CDATA[<font color='Black'>Get TestData Excel:-'ProductTestData.xls', Sheet:- 'SQL'</font></br>]]>
    </line>
    <line>
      <![CDATA[<font color='Black'>Executing the query - 'select card_token from txn_info where payu_id='403993715510378684';'</font></br>]]>
    </line>
    <line>
      <![CDATA[<font color='Black'>Connecting to OFFLINE db:-jdbc:mysql://10.50.23.45/payu</font></br>]]>
    </line>
    <line>
      <![CDATA[<font color='Black'>Connection succeeded</font></br>]]>
    </line>
    <line>
      <![CDATA[<font color='Green'>Verified 'Response Param 'mihpayid'' as :-'403993715510378684'</font></br>]]>
    </line>
    <line>
      <![CDATA[<font color='Green'>Verified 'Response Param 'mode'' as :-'DC'</font></br>]]>
    </line>
    <line>
      <![CDATA[<font color='Green'>Verified 'Response Param 'status'' as :-'failure'</font></br>]]>
    </line>
    <line>
      <![CDATA[<font color='Green'>Verified 'Response Param 'unmappedstatus'' as :-'failed'</font></br>]]>
    </line>
    <line>
      <![CDATA[<font color='Green'>Verified 'Response Param 'key'' as :-'nevrb6'</font></br>]]>
    </line>
    <line>
      <![CDATA[<font color='Green'>Verified 'Response Param 'txnid'' as :-'abd75e090b93c1b09ca9'</font></br>]]>
    </line>
    <line>
      <![CDATA[<font color='Green'>Verified 'Response Param 'amount'' as :-'1.50'</font></br>]]>
    </line>
    <line>
      <![CDATA[<font color='Green'>Verified 'Response Param 'discount'' as :-'0.00'</font></br>]]>
    </line>
    <line>
      <![CDATA[<font color='Green'>Verified 'Response Param 'addedon'' as :-'2014-11-11 11:59:30'</font></br>]]>
    </line>
    <line>
      <![CDATA[<font color='Orange'>Skipping the verification of Response Param 'productinfo' as 'Product Info'</font></br>]]>
    </line>
    <line>
      <![CDATA[<font color='Orange'>Skipping the verification of Response Param 'firstname' as 'Payu-Admin'</font></br>]]>
    </line>
    <line>
      <![CDATA[<font color='Orange'>Skipping the verification of Response Param 'lastname' as ''</font></br>]]>
    </line>
    <line>
      <![CDATA[<font color='Orange'>Skipping the verification of Response Param 'address1' as ''</font></br>]]>
    </line>
    <line>
      <![CDATA[<font color='Orange'>Skipping the verification of Response Param 'address2' as ''</font></br>]]>
    </line>
    <line>
      <![CDATA[<font color='Orange'>Skipping the verification of Response Param 'city' as ''</font></br>]]>
    </line>
    <line>
      <![CDATA[<font color='Orange'>Skipping the verification of Response Param 'state' as ''</font></br>]]>
    </line>
    <line>
      <![CDATA[<font color='Orange'>Skipping the verification of Response Param 'country' as ''</font></br>]]>
    </line>
    <line>
      <![CDATA[<font color='Orange'>Skipping the verification of Response Param 'zipcode' as ''</font></br>]]>
    </line>
    <line>
      <![CDATA[<font color='Orange'>Skipping the verification of Response Param 'email' as 'test@example.com'</font></br>]]>
    </line>
    <line>
      <![CDATA[<font color='Orange'>Skipping the verification of Response Param 'phone' as '1234567890'</font></br>]]>
    </line>
    <line>
      <![CDATA[<font color='Orange'>Skipping the verification of Response Param 'udf1' as ''</font></br>]]>
    </line>
    <line>
      <![CDATA[<font color='Orange'>Skipping the verification of Response Param 'udf2' as ''</font></br>]]>
    </line>
    <line>
      <![CDATA[<font color='Orange'>Skipping the verification of Response Param 'udf3' as ''</font></br>]]>
    </line>
    <line>
      <![CDATA[<font color='Orange'>Skipping the verification of Response Param 'udf4' as ''</font></br>]]>
    </line>
    <line>
      <![CDATA[<font color='Orange'>Skipping the verification of Response Param 'udf5' as ''</font></br>]]>
    </line>
    <line>
      <![CDATA[<font color='Green'>Verified 'Response Param 'udf6'' as :-''</font></br>]]>
    </line>
    <line>
      <![CDATA[<font color='Green'>Verified 'Response Param 'udf7'' as :-''</font></br>]]>
    </line>
    <line>
      <![CDATA[<font color='Green'>Verified 'Response Param 'udf8'' as :-''</font></br>]]>
    </line>
    <line>
      <![CDATA[<font color='Green'>Verified 'Response Param 'udf9'' as :-''</font></br>]]>
    </line>
    <line>
      <![CDATA[<font color='Green'>Verified 'Response Param 'udf10'' as :-''</font></br>]]>
    </line>
    <line>
      <![CDATA[<font color='Orange'>Skipping the verification of Response Param 'hash' as '02efb126e8a4320fd09baecc169f33b8daa09be55eae9bc17e6a669a6f8d6692c5e8493e01aa149f0fc5f736562874880cac7c02c9ea51ff692783ab98f4e22b'</font></br>]]>
    </line>
    <line>
      <![CDATA[<font color='Orange'>Skipping the verification of Response Param 'field1' as '114111100852234'</font></br>]]>
    </line>
    <line>
      <![CDATA[<font color='Green'>Verified 'Response Param 'field2'' as :-''</font></br>]]>
    </line>
    <line>
      <![CDATA[<font color='Green'>Verified 'Response Param 'field3'' as :-''</font></br>]]>
    </line>
    <line>
      <![CDATA[<font color='Green'>Verified 'Response Param 'field4'' as :-''</font></br>]]>
    </line>
    <line>
      <![CDATA[<font color='Green'>Verified 'Response Param 'field5'' as :-'2'</font></br>]]>
    </line>
    <line>
      <![CDATA[<font color='Green'>Verified 'Response Param 'field6'' as :-'Authentication failed.Transaction cannot be authorized'</font></br>]]>
    </line>
    <line>
      <![CDATA[<font color='Green'>Verified 'Response Param 'field7'' as :-''</font></br>]]>
    </line>
    <line>
      <![CDATA[<font color='Green'>Verified 'Response Param 'field8'' as :-''</font></br>]]>
    </line>
    <line>
      <![CDATA[<font color='Orange'>Skipping the verification of Response Param 'field9' as 'Authentication failed.Transaction cannot be authorized'</font></br>]]>
    </line>
    <line>
      <![CDATA[<font color='Black'>Get TestData Excel:-'ProductTestData.xls', Sheet:- 'PGInfo'</font></br>]]>
    </line>
    <line>
      <![CDATA[<font color='Green'>Verified 'Response Param 'PG_TYPE'' as :-'SBIPG'</font></br>]]>
    </line>
    <line>
      <![CDATA[<font color='Green'>Verified 'Response Param 'bank_ref_num'' as :-''</font></br>]]>
    </line>
    <line>
      <![CDATA[<font color='Green'>Verified 'Response Param 'bankcode'' as :-'VISA'</font></br>]]>
    </line>
    <line>
      <![CDATA[<font color='Green'>Verified 'Response Param 'error'' as :-'E303'</font></br>]]>
    </line>
    <line>
      <![CDATA[<font color='Green'>Verified 'Response Param 'error_Message'' as :-'Card authentication failure'</font></br>]]>
    </line>
    <line>
      <![CDATA[<font color='Green'>Verified 'Response Param 'cardToken'' as :-'dc70838c7c5279a57d5a47b0eb360720b7b0dd3f'</font></br>]]>
    </line>
    <line>
      <![CDATA[<font color='Orange'>Skipping the verification of Response Param 'name_on_card' as 'Test Card'</font></br>]]>
    </line>
    <line>
      <![CDATA[<font color='Green'>Verified 'Response Param 'cardnum'' as :-'512345XXXXXX2346'</font></br>]]>
    </line>
    <line>
      <![CDATA[<font color='Green'>Verified 'Response Param 'cardhash'' as :-'This field is no longer supported in postback params.'</font></br>]]>
    </line>
    <line>
      <![CDATA[<font color='Green'>Verified 'Response Param 'net_amount_debit'' as :-'0.00'</font></br>]]>
    </line>
    <line>
      <![CDATA[<font color='Orange'>Skipping the verification of Response Param 'payment_source' as 'payu'</font></br>]]>
    </line>
    <line>
      <![CDATA[<font color='Green'>Verified Test Response</font></br>]]>
    </line>
    <line>
      <![CDATA[<font color='Black'>Get TestData Excel:-'ProductTestData.xls', Sheet:- 'PaymentType'</font></br>]]>
    </line>
    <line>
      <![CDATA[<font color='Black'>Get TestData Excel:-'ProductTestData.xls', Sheet:- 'PGInfo'</font></br>]]>
    </line>
    <line>
      <![CDATA[<font color='Black'>Get TestData Excel:-'ProductTestData.xls', Sheet:- 'SQL'</font></br>]]>
    </line>
    <line>
      <![CDATA[<font color='Black'>Executing the query - 'select count(*) cnt from merchant_payment_type mpt where mpt.merchantid='5914' and mpt.ibibo_code = 'VISA' and mpt.pg_id = '38' and mpt.active=1;'</font></br>]]>
    </line>
    <line>
      <![CDATA[<font color='Black'>Connecting to OFFLINE db:-jdbc:mysql://10.50.23.45/payu</font></br>]]>
    </line>
    <line>
      <![CDATA[<font color='Black'>Connection succeeded</font></br>]]>
    </line>
    <line>
      <![CDATA[<font color='Green'>Verified that payment type VISA with pg_gateway_id 38 is present for merchantid 5914</font></br>]]>
    </line>
    <line>
      <![CDATA[<font color='Black'>Get TestData Excel:-'ProductTestData.xls', Sheet:- 'SQL'</font></br>]]>
    </line>
    <line>
      <![CDATA[<font color='Black'>Executing the query - 'select * from paymentgateway pg where pg.key = 'SBIPG' and pg.isactive=1;'</font></br>]]>
    </line>
    <line>
      <![CDATA[<font color='Black'>Connecting to OFFLINE db:-jdbc:mysql://10.50.23.45/payu</font></br>]]>
    </line>
    <line>
      <![CDATA[<font color='Black'>Connection succeeded</font></br>]]>
    </line>
    <line>
      <![CDATA[<font color='Black'>Navigate to web page- 'https://admin.payu.in/home'</font></br>]]>
    </line>
    <line>
      <![CDATA[<font color='Black'>Added the cookie - Name: 'test_name' Value: 'Test.AdminPanel.Payments.TestSeamlessStoreCard.SavedDebitCardTransaction' Domain: '.payu.in' Expiry: 'Wed Nov 12 12:00:09 IST 2014'</font></br>]]>
    </line>
    <line>
      <![CDATA[<font color='Black'>Wait for page load by waiting for element [link text: Test Transaction]</font></br>]]>
    </line>
    <line>
      <![CDATA[<font color='Black'>Click on 'Test Transaction Link'</font></br>]]>
    </line>
    <line>
      <![CDATA[<font color='Black'>Wait for page load by waiting for element [name: amount]</font></br>]]>
    </line>
    <line>
      <![CDATA[<font color='Black'>Get TestData Excel:-'ProductTestData.xls', Sheet:- 'TransactionDetails'</font></br>]]>
    </line>
    <line>
      <![CDATA[<font color='Black'>Click on 'Merchant Drop Down'</font></br>]]>
    </line>
    <line>
      <![CDATA[<font color='Black'>Wait for '1' seconds</font></br>]]>
    </line>
    <line>
      <![CDATA[<font color='Black'>Enter the Search Merchant Key as ' - nevrb6'</font></br>]]>
    </line>
    <line>
      <![CDATA[<font color='Black'>Wait for '2' seconds</font></br>]]>
    </line>
    <line>
      <![CDATA[<font color='Black'>Get the WebElement with xPath://label/span[contains(text(),' - nevrb6')]</font></br>]]>
    </line>
    <line>
      <![CDATA[<font color='Black'>Click on 'Merchant'</font></br>]]>
    </line>
    <line>
      <![CDATA[<font color='Black'>Enter the Amount as '1.50'</font></br>]]>
    </line>
    <line>
      <![CDATA[<font color='Black'>Enter the User Credentials as 'null:VISA6QQR'</font></br>]]>
    </line>
    <line>
      <![CDATA[<font color='Black'>Submit 'Transaction'</font></br>]]>
    </line>
    <line>
      <![CDATA[<font color='Black'>Wait for page load by waiting for element [xpath: //p[@id='amountdiv']/span]</font></br>]]>
    </line>
    <line>
      <![CDATA[<font color='Black'>Click on 'Debit Card Tab'</font></br>]]>
    </line>
    <line>
      <![CDATA[<font color='Black'>Wait for '1' seconds</font></br>]]>
    </line>
    <line>
      <![CDATA[<font color='Black'>Get TestData Excel:-'ProductTestData.xls', Sheet:- 'StoreCard'</font></br>]]>
    </line>
    <line>
      <![CDATA[<font color='Black'>Click on 'Click Debit Card Dropdown'</font></br>]]>
    </line>
    <line>
      <![CDATA[<font color='Black'>Wait for '1' seconds</font></br>]]>
    </line>
    <line>
      <![CDATA[<font color='Black'>Click on 'Select testings1IUKYA'</font></br>]]>
    </line>
    <line>
      <![CDATA[<font color='Black'>Enter the CVV Number as '123'</font></br>]]>
    </line>
    <line>
      <![CDATA[<font color='Black'>Click on 'Pay Now'</font></br>]]>
    </line>
    <line>
      <![CDATA[<font color='Black'>Wait for '15' seconds</font></br>]]>
    </line>
    <line>
      <![CDATA[<font color='Black'>Wait for page load by waiting for element [tag name: pre]</font></br>]]>
    </line>
    <line>
      <![CDATA[<font color='Green'>Verified 'Count of Response Parameters' as :-'51'</font></br>]]>
    </line>
    <line>
      <![CDATA[<font color='Black'>Get TestData Excel:-'ProductTestData.xls', Sheet:- 'TestResponse'</font></br>]]>
    </line>
    <line>
      <![CDATA[<font color='Black'>Get TestData Excel:-'ProductTestData.xls', Sheet:- 'SQL'</font></br>]]>
    </line>
    <line>
      <![CDATA[<font color='Black'>Executing the query - 'select max(id) as mihpayid, merchantid, bank_ref_no as bank_ref_num, field9 as field9 from transaction where txnid = '35a59b83d55e1277ad71';'</font></br>]]>
    </line>
    <line>
      <![CDATA[<font color='Black'>Connecting to OFFLINE db:-jdbc:mysql://10.50.23.45/payu</font></br>]]>
    </line>
    <line>
      <![CDATA[<font color='Black'>Connection succeeded</font></br>]]>
    </line>
    <line>
      <![CDATA[<font color='Black'>Get TestData Excel:-'ProductTestData.xls', Sheet:- 'SQL'</font></br>]]>
    </line>
    <line>
      <![CDATA[<font color='Black'>Executing the query - 'select card_token from txn_info where payu_id='403993715510378694';'</font></br>]]>
    </line>
    <line>
      <![CDATA[<font color='Black'>Connecting to OFFLINE db:-jdbc:mysql://10.50.23.45/payu</font></br>]]>
    </line>
    <line>
      <![CDATA[<font color='Black'>Connection succeeded</font></br>]]>
    </line>
    <line>
      <![CDATA[<font color='Green'>Verified 'Response Param 'mihpayid'' as :-'403993715510378694'</font></br>]]>
    </line>
    <line>
      <![CDATA[<font color='Green'>Verified 'Response Param 'mode'' as :-'DC'</font></br>]]>
    </line>
    <line>
      <![CDATA[<font color='Green'>Verified 'Response Param 'status'' as :-'failure'</font></br>]]>
    </line>
    <line>
      <![CDATA[<font color='Green'>Verified 'Response Param 'unmappedstatus'' as :-'failed'</font></br>]]>
    </line>
    <line>
      <![CDATA[<font color='Green'>Verified 'Response Param 'key'' as :-'nevrb6'</font></br>]]>
    </line>
    <line>
      <![CDATA[<font color='Green'>Verified 'Response Param 'txnid'' as :-'35a59b83d55e1277ad71'</font></br>]]>
    </line>
    <line>
      <![CDATA[<font color='Green'>Verified 'Response Param 'amount'' as :-'1.50'</font></br>]]>
    </line>
    <line>
      <![CDATA[<font color='Green'>Verified 'Response Param 'discount'' as :-'0.00'</font></br>]]>
    </line>
    <line>
      <![CDATA[<font color='Green'>Verified 'Response Param 'addedon'' as :-'2014-11-11 12:00:14'</font></br>]]>
    </line>
    <line>
      <![CDATA[<font color='Orange'>Skipping the verification of Response Param 'productinfo' as 'Product Info'</font></br>]]>
    </line>
    <line>
      <![CDATA[<font color='Orange'>Skipping the verification of Response Param 'firstname' as 'Payu-Admin'</font></br>]]>
    </line>
    <line>
      <![CDATA[<font color='Orange'>Skipping the verification of Response Param 'lastname' as ''</font></br>]]>
    </line>
    <line>
      <![CDATA[<font color='Orange'>Skipping the verification of Response Param 'address1' as ''</font></br>]]>
    </line>
    <line>
      <![CDATA[<font color='Orange'>Skipping the verification of Response Param 'address2' as ''</font></br>]]>
    </line>
    <line>
      <![CDATA[<font color='Orange'>Skipping the verification of Response Param 'city' as ''</font></br>]]>
    </line>
    <line>
      <![CDATA[<font color='Orange'>Skipping the verification of Response Param 'state' as ''</font></br>]]>
    </line>
    <line>
      <![CDATA[<font color='Orange'>Skipping the verification of Response Param 'country' as ''</font></br>]]>
    </line>
    <line>
      <![CDATA[<font color='Orange'>Skipping the verification of Response Param 'zipcode' as ''</font></br>]]>
    </line>
    <line>
      <![CDATA[<font color='Orange'>Skipping the verification of Response Param 'email' as 'test@example.com'</font></br>]]>
    </line>
    <line>
      <![CDATA[<font color='Orange'>Skipping the verification of Response Param 'phone' as '1234567890'</font></br>]]>
    </line>
    <line>
      <![CDATA[<font color='Orange'>Skipping the verification of Response Param 'udf1' as ''</font></br>]]>
    </line>
    <line>
      <![CDATA[<font color='Orange'>Skipping the verification of Response Param 'udf2' as ''</font></br>]]>
    </line>
    <line>
      <![CDATA[<font color='Orange'>Skipping the verification of Response Param 'udf3' as ''</font></br>]]>
    </line>
    <line>
      <![CDATA[<font color='Orange'>Skipping the verification of Response Param 'udf4' as ''</font></br>]]>
    </line>
    <line>
      <![CDATA[<font color='Orange'>Skipping the verification of Response Param 'udf5' as ''</font></br>]]>
    </line>
    <line>
      <![CDATA[<font color='Green'>Verified 'Response Param 'udf6'' as :-''</font></br>]]>
    </line>
    <line>
      <![CDATA[<font color='Green'>Verified 'Response Param 'udf7'' as :-''</font></br>]]>
    </line>
    <line>
      <![CDATA[<font color='Green'>Verified 'Response Param 'udf8'' as :-''</font></br>]]>
    </line>
    <line>
      <![CDATA[<font color='Green'>Verified 'Response Param 'udf9'' as :-''</font></br>]]>
    </line>
    <line>
      <![CDATA[<font color='Green'>Verified 'Response Param 'udf10'' as :-''</font></br>]]>
    </line>
    <line>
      <![CDATA[<font color='Orange'>Skipping the verification of Response Param 'hash' as '1dc67a0bd1fd971b5ee976613228e2ebeef205b72c12c646881b3435dab8e93fdd9cf4ee77d9c7c731875cbd1903338845bd42448d6f0e9d457b3034c9b84e39'</font></br>]]>
    </line>
    <line>
      <![CDATA[<font color='Orange'>Skipping the verification of Response Param 'field1' as '114111100852607'</font></br>]]>
    </line>
    <line>
      <![CDATA[<font color='Green'>Verified 'Response Param 'field2'' as :-''</font></br>]]>
    </line>
    <line>
      <![CDATA[<font color='Green'>Verified 'Response Param 'field3'' as :-''</font></br>]]>
    </line>
    <line>
      <![CDATA[<font color='Green'>Verified 'Response Param 'field4'' as :-''</font></br>]]>
    </line>
    <line>
      <![CDATA[<font color='Green'>Verified 'Response Param 'field5'' as :-'2'</font></br>]]>
    </line>
    <line>
      <![CDATA[<font color='Green'>Verified 'Response Param 'field6'' as :-'Authentication failed.Transaction cannot be authorized'</font></br>]]>
    </line>
    <line>
      <![CDATA[<font color='Green'>Verified 'Response Param 'field7'' as :-''</font></br>]]>
    </line>
    <line>
      <![CDATA[<font color='Green'>Verified 'Response Param 'field8'' as :-''</font></br>]]>
    </line>
    <line>
      <![CDATA[<font color='Orange'>Skipping the verification of Response Param 'field9' as 'Authentication failed.Transaction cannot be authorized'</font></br>]]>
    </line>
    <line>
      <![CDATA[<font color='Black'>Get TestData Excel:-'ProductTestData.xls', Sheet:- 'PGInfo'</font></br>]]>
    </line>
    <line>
      <![CDATA[<font color='Green'>Verified 'Response Param 'PG_TYPE'' as :-'SBIPG'</font></br>]]>
    </line>
    <line>
      <![CDATA[<font color='Green'>Verified 'Response Param 'bank_ref_num'' as :-''</font></br>]]>
    </line>
    <line>
      <![CDATA[<font color='Green'>Verified 'Response Param 'bankcode'' as :-'VISA'</font></br>]]>
    </line>
    <line>
      <![CDATA[<font color='Green'>Verified 'Response Param 'error'' as :-'E303'</font></br>]]>
    </line>
    <line>
      <![CDATA[<font color='Green'>Verified 'Response Param 'error_Message'' as :-'Card authentication failure'</font></br>]]>
    </line>
    <line>
      <![CDATA[<font color='Green'>Verified 'Response Param 'cardToken'' as :-'dc70838c7c5279a57d5a47b0eb360720b7b0dd3f'</font></br>]]>
    </line>
    <line>
      <![CDATA[<font color='Orange'>Skipping the verification of Response Param 'name_on_card' as 'Test Card'</font></br>]]>
    </line>
    <line>
      <![CDATA[<font color='Green'>Verified 'Response Param 'cardnum'' as :-'512345XXXXXX2346'</font></br>]]>
    </line>
    <line>
      <![CDATA[<font color='Green'>Verified 'Response Param 'cardhash'' as :-'This field is no longer supported in postback params.'</font></br>]]>
    </line>
    <line>
      <![CDATA[<font color='Green'>Verified 'Response Param 'net_amount_debit'' as :-'0.00'</font></br>]]>
    </line>
    <line>
      <![CDATA[<font color='Orange'>Skipping the verification of Response Param 'payment_source' as 'payu'</font></br>]]>
    </line>
    <line>
      <![CDATA[<font color='Green'>Verified Test Response</font></br>]]>
    </line>
    <line>
      <![CDATA[<font color='Black'>Close the current browser window</font></br>]]>
    </line>
    <line>
      <![CDATA[<font color='Black'>Quit the browser</font></br>]]>
    </line>
    <line>
      <![CDATA[<font color='Green'><B>Test Passed 'Test.AdminPanel.Payments.TestSeamlessStoreCard.SavedDebitCardTransaction' Ended on '2014-11-11 12:00:50'</B></font></br>]]>
    </line>
    <line>
      <![CDATA[<font color='Black'>Read the configuration file:-C:\PayuAutomation\automation\Product\Parameters\Config.properties</font></br>]]>
    </line>
    <line>
      <![CDATA[<font color='Black'>Read the environment file:-C:\PayuAutomation\automation\Product\Parameters\PPReplicaRelease.properties</font></br>]]>
    </line>
    <line>
      <![CDATA[<font color='Black'>Test data sheet is:-C:\PayuAutomation\automation\Product\Parameters\ProductTestData.xls</font></br>]]>
    </line>
    <line>
      <![CDATA[<font color='Black'>Checkout page is:-C:\PayuAutomation\automation\Product\Parameters\README_InputFile.txt</font></br>]]>
    </line>
    <line>
      <![CDATA[<font color='Black'>Results Directory is:-C:\PayuAutomation\automation\Product\test-output</font></br>]]>
    </line>
    <line>
      <![CDATA[<font color='Green'><B>Test 'Test.AdminPanel.Payments.TestTransactionNB.test_NB_AXISNB' Started on '2014-11-11 12:00:51'</B></font></br>]]>
    </line>
    <line>
      <![CDATA[<font color='Black'>Launching 'Firefox' browser</font></br>]]>
    </line>
    <line>
      <![CDATA[<font color='Black'>Get TestData Excel:-'ProductTestData.xls', Sheet:- 'PaymentType'</font></br>]]>
    </line>
    <line>
      <![CDATA[<font color='Black'>Get TestData Excel:-'ProductTestData.xls', Sheet:- 'TransactionDetails'</font></br>]]>
    </line>
    <line>
      <![CDATA[<font color='Black'>Navigate to web page- 'https://admin.payu.in/home'</font></br>]]>
    </line>
    <line>
      <![CDATA[<font color='Black'>Added the cookie - Name: 'test_name' Value: 'Test.AdminPanel.Payments.TestTransactionNB.test_NB_AXISNB' Domain: '.payu.in' Expiry: 'Wed Nov 12 12:01:14 IST 2014'</font></br>]]>
    </line>
    <line>
      <![CDATA[<font color='Black'>Wait for page load by waiting for element [link text: Admin Login]</font></br>]]>
    </line>
    <line>
      <![CDATA[<font color='Black'>Click on 'Admin Login link'</font></br>]]>
    </line>
    <line>
      <![CDATA[<font color='Black'>Wait for page load by waiting for element [id: username]</font></br>]]>
    </line>
    <line>
      <![CDATA[<font color='Black'>Enter the User name as 'qc2'</font></br>]]>
    </line>
    <line>
      <![CDATA[<font color='Black'>Enter the Password as 'Password2'</font></br>]]>
    </line>
    <line>
      <![CDATA[<font color='Black'>Click on 'Submit Button'</font></br>]]>
    </line>
    <line>
      <![CDATA[<font color='Black'>Wait for page load by waiting for element [link text: Test Transaction]</font></br>]]>
    </line>
    <line>
      <![CDATA[<font color='Black'>Navigate to web page- 'https://admin.payu.in/home'</font></br>]]>
    </line>
    <line>
      <![CDATA[<font color='Black'>Added the cookie - Name: 'test_name' Value: 'Test.AdminPanel.Payments.TestTransactionNB.test_NB_AXISNB' Domain: '.payu.in' Expiry: 'Wed Nov 12 12:01:17 IST 2014'</font></br>]]>
    </line>
    <line>
      <![CDATA[<font color='Black'>Wait for page load by waiting for element [link text: Test Transaction]</font></br>]]>
    </line>
    <line>
      <![CDATA[<font color='Black'>Click on 'Test Transaction Link'</font></br>]]>
    </line>
    <line>
      <![CDATA[<font color='Black'>Wait for page load by waiting for element [name: amount]</font></br>]]>
    </line>
    <line>
      <![CDATA[<font color='Black'>Get TestData Excel:-'ProductTestData.xls', Sheet:- 'PGInfo'</font></br>]]>
    </line>
    <line>
      <![CDATA[<font color='Black'>Get TestData Excel:-'ProductTestData.xls', Sheet:- 'SQL'</font></br>]]>
    </line>
    <line>
      <![CDATA[<font color='Black'>Executing the query - 'select count(*) cnt from merchant_payment_type mpt where mpt.merchantid='5912' and mpt.ibibo_code = 'AXIB' and mpt.pg_id = '23' and mpt.active=1;'</font></br>]]>
    </line>
    <line>
      <![CDATA[<font color='Black'>Connecting to OFFLINE db:-jdbc:mysql://10.50.23.45/payu</font></br>]]>
    </line>
    <line>
      <![CDATA[<font color='Black'>Connection succeeded</font></br>]]>
    </line>
    <line>
      <![CDATA[<font color='Green'>Verified that payment type AXIB with pg_gateway_id 23 is present for merchantid 5912</font></br>]]>
    </line>
    <line>
      <![CDATA[<font color='Black'>Get TestData Excel:-'ProductTestData.xls', Sheet:- 'SQL'</font></br>]]>
    </line>
    <line>
      <![CDATA[<font color='Black'>Executing the query - 'select * from paymentgateway pg where pg.key = 'AXISNB' and pg.isactive=1;'</font></br>]]>
    </line>
    <line>
      <![CDATA[<font color='Black'>Connecting to OFFLINE db:-jdbc:mysql://10.50.23.45/payu</font></br>]]>
    </line>
    <line>
      <![CDATA[<font color='Black'>Connection succeeded</font></br>]]>
    </line>
    <line>
      <![CDATA[<font color='Black'>Get TestData Excel:-'ProductTestData.xls', Sheet:- 'TransactionDetails'</font></br>]]>
    </line>
    <line>
      <![CDATA[<font color='Black'>Click on 'Merchant Drop Down'</font></br>]]>
    </line>
    <line>
      <![CDATA[<font color='Black'>Wait for '1' seconds</font></br>]]>
    </line>
    <line>
      <![CDATA[<font color='Black'>Enter the Search Merchant Key as ' - YAcQGY'</font></br>]]>
    </line>
    <line>
      <![CDATA[<font color='Black'>Wait for '2' seconds</font></br>]]>
    </line>
    <line>
      <![CDATA[<font color='Black'>Get the WebElement with xPath://label/span[contains(text(),' - YAcQGY')]</font></br>]]>
    </line>
    <line>
      <![CDATA[<font color='Black'>Click on 'Merchant'</font></br>]]>
    </line>
    <line>
      <![CDATA[<font color='Black'>Enter the Amount as '3.00'</font></br>]]>
    </line>
    <line>
      <![CDATA[<font color='Black'>Submit 'Transaction'</font></br>]]>
    </line>
    <line>
      <![CDATA[<font color='Black'>Wait for page load by waiting for element [xpath: //p[@id='amountdiv']/span]</font></br>]]>
    </line>
    <line>
      <![CDATA[<font color='Black'>Get TestData Excel:-'ProductTestData.xls', Sheet:- 'SQL'</font></br>]]>
    </line>
    <line>
      <![CDATA[<font color='Black'>Executing the query - 'select * from paymentgateway pg where pg.key = 'AXISNB' and pg.isactive=1;'</font></br>]]>
    </line>
    <line>
      <![CDATA[<font color='Black'>Connecting to OFFLINE db:-jdbc:mysql://10.50.23.45/payu</font></br>]]>
    </line>
    <line>
      <![CDATA[<font color='Black'>Connection succeeded</font></br>]]>
    </line>
    <line>
      <![CDATA[<font color='Black'>Click on 'Net Banking Tab'</font></br>]]>
    </line>
    <line>
      <![CDATA[<font color='Black'>Wait for page load by waiting for element [id: netbanking_select]</font></br>]]>
    </line>
    <line>
      <![CDATA[<font color='Black'>Select the Bank Name - AXIS Bank NetBanking dropdown text 'AXIS Bank NetBanking'</font></br>]]>
    </line>
    <line>
      <![CDATA[<font color='Black'>Wait for '1' seconds</font></br>]]>
    </line>
    <line>
      <![CDATA[<font color='Black'>Click on 'Pay Now'</font></br>]]>
    </line>
    <line>
      <![CDATA[<font color='Black'>Wait for '10' seconds</font></br>]]>
    </line>
    <line>
      <![CDATA[<font color='Black'>Get TestData Excel:-'ProductTestData.xls', Sheet:- 'BankRedirect'</font></br>]]>
    </line>
    <line>
      <![CDATA[<font color='Green'>Verified 'Browser URL' as :-'https://www.axisbank.co.in/bankaway/(s(yprr5giotssi1da2m15nirba))/web/l001/retail/jsp/ebpp/retshoppingmallsignon.aspx?requestid=38923520'</font></br>]]>
    </line>
    <line>
      <![CDATA[<font color='Black'>Wait for '5' seconds</font></br>]]>
    </line>
    <line>
      <![CDATA[<font color='Black'>Close the current browser window</font></br>]]>
    </line>
    <line>
      <![CDATA[<font color='Black'>Quit the browser</font></br>]]>
    </line>
    <line>
      <![CDATA[<font color='Green'><B>Test Passed 'Test.AdminPanel.Payments.TestTransactionNB.test_NB_AXISNB' Ended on '2014-11-11 12:01:43'</B></font></br>]]>
    </line>
    <line>
      <![CDATA[<font color='Black'>Read the configuration file:-C:\PayuAutomation\automation\Product\Parameters\Config.properties</font></br>]]>
    </line>
    <line>
      <![CDATA[<font color='Black'>Read the environment file:-C:\PayuAutomation\automation\Product\Parameters\PPReplicaRelease.properties</font></br>]]>
    </line>
    <line>
      <![CDATA[<font color='Black'>Test data sheet is:-C:\PayuAutomation\automation\Product\Parameters\ProductTestData.xls</font></br>]]>
    </line>
    <line>
      <![CDATA[<font color='Black'>Checkout page is:-C:\PayuAutomation\automation\Product\Parameters\README_InputFile.txt</font></br>]]>
    </line>
    <line>
      <![CDATA[<font color='Black'>Results Directory is:-C:\PayuAutomation\automation\Product\test-output</font></br>]]>
    </line>
    <line>
      <![CDATA[<font color='Green'><B>Test 'Test.AdminPanel.Payments.TestTransactionSeamlessNB.test_Seamless_NB_AXISNB' Started on '2014-11-11 12:01:44'</B></font></br>]]>
    </line>
    <line>
      <![CDATA[<font color='Black'>Launching 'Firefox' browser</font></br>]]>
    </line>
    <line>
      <![CDATA[<font color='Black'>Get TestData Excel:-'ProductTestData.xls', Sheet:- 'PaymentType'</font></br>]]>
    </line>
    <line>
      <![CDATA[<font color='Black'>Get TestData Excel:-'ProductTestData.xls', Sheet:- 'TransactionDetails'</font></br>]]>
    </line>
    <line>
      <![CDATA[<font color='Black'>Navigate to web page- 'https://admin.payu.in/home'</font></br>]]>
    </line>
    <line>
      <![CDATA[<font color='Black'>Added the cookie - Name: 'test_name' Value: 'Test.AdminPanel.Payments.TestTransactionSeamlessNB.test_Seamless_NB_AXISNB' Domain: '.payu.in' Expiry: 'Wed Nov 12 12:01:59 IST 2014'</font></br>]]>
    </line>
    <line>
      <![CDATA[<font color='Black'>Wait for page load by waiting for element [link text: Admin Login]</font></br>]]>
    </line>
    <line>
      <![CDATA[<font color='Black'>Click on 'Admin Login link'</font></br>]]>
    </line>
    <line>
      <![CDATA[<font color='Black'>Wait for page load by waiting for element [id: username]</font></br>]]>
    </line>
    <line>
      <![CDATA[<font color='Black'>Enter the User name as 'qc2'</font></br>]]>
    </line>
    <line>
      <![CDATA[<font color='Black'>Enter the Password as 'Password2'</font></br>]]>
    </line>
    <line>
      <![CDATA[<font color='Black'>Click on 'Submit Button'</font></br>]]>
    </line>
    <line>
      <![CDATA[<font color='Black'>Wait for page load by waiting for element [link text: Test Transaction]</font></br>]]>
    </line>
    <line>
      <![CDATA[<font color='Black'>Navigate to web page- 'https://admin.payu.in/home'</font></br>]]>
    </line>
    <line>
      <![CDATA[<font color='Black'>Added the cookie - Name: 'test_name' Value: 'Test.AdminPanel.Payments.TestTransactionSeamlessNB.test_Seamless_NB_AXISNB' Domain: '.payu.in' Expiry: 'Wed Nov 12 12:02:02 IST 2014'</font></br>]]>
    </line>
    <line>
      <![CDATA[<font color='Black'>Wait for page load by waiting for element [link text: Test Transaction]</font></br>]]>
    </line>
    <line>
      <![CDATA[<font color='Black'>Click on 'Test Transaction Link'</font></br>]]>
    </line>
    <line>
      <![CDATA[<font color='Black'>Wait for page load by waiting for element [name: amount]</font></br>]]>
    </line>
    <line>
      <![CDATA[<font color='Black'>Get TestData Excel:-'ProductTestData.xls', Sheet:- 'PGInfo'</font></br>]]>
    </line>
    <line>
      <![CDATA[<font color='Black'>Get TestData Excel:-'ProductTestData.xls', Sheet:- 'SQL'</font></br>]]>
    </line>
    <line>
      <![CDATA[<font color='Black'>Executing the query - 'select count(*) cnt from merchant_payment_type mpt where mpt.merchantid='5912' and mpt.ibibo_code = 'AXIB' and mpt.pg_id = '23' and mpt.active=1;'</font></br>]]>
    </line>
    <line>
      <![CDATA[<font color='Black'>Connecting to OFFLINE db:-jdbc:mysql://10.50.23.45/payu</font></br>]]>
    </line>
    <line>
      <![CDATA[<font color='Black'>Connection succeeded</font></br>]]>
    </line>
    <line>
      <![CDATA[<font color='Green'>Verified that payment type AXIB with pg_gateway_id 23 is present for merchantid 5912</font></br>]]>
    </line>
    <line>
      <![CDATA[<font color='Black'>Get TestData Excel:-'ProductTestData.xls', Sheet:- 'SQL'</font></br>]]>
    </line>
    <line>
      <![CDATA[<font color='Black'>Executing the query - 'select * from paymentgateway pg where pg.key = 'AXISNB' and pg.isactive=1;'</font></br>]]>
    </line>
    <line>
      <![CDATA[<font color='Black'>Connecting to OFFLINE db:-jdbc:mysql://10.50.23.45/payu</font></br>]]>
    </line>
    <line>
      <![CDATA[<font color='Black'>Connection succeeded</font></br>]]>
    </line>
    <line>
      <![CDATA[<font color='Black'>Get TestData Excel:-'ProductTestData.xls', Sheet:- 'TransactionDetails'</font></br>]]>
    </line>
    <line>
      <![CDATA[<font color='Black'>Click on 'Merchant Drop Down'</font></br>]]>
    </line>
    <line>
      <![CDATA[<font color='Black'>Wait for '1' seconds</font></br>]]>
    </line>
    <line>
      <![CDATA[<font color='Black'>Enter the Search Merchant Key as ' - YAcQGY'</font></br>]]>
    </line>
    <line>
      <![CDATA[<font color='Black'>Wait for '2' seconds</font></br>]]>
    </line>
    <line>
      <![CDATA[<font color='Black'>Get the WebElement with xPath://label/span[contains(text(),' - YAcQGY')]</font></br>]]>
    </line>
    <line>
      <![CDATA[<font color='Black'>Click on 'Merchant'</font></br>]]>
    </line>
    <line>
      <![CDATA[<font color='Black'>Enter the Amount as '3.00'</font></br>]]>
    </line>
    <line>
      <![CDATA[<font color='Black'>Get TestData Excel:-'ProductTestData.xls', Sheet:- 'PaymentType'</font></br>]]>
    </line>
    <line>
      <![CDATA[<font color='Black'>Enter the PG Code as 'NB'</font></br>]]>
    </line>
    <line>
      <![CDATA[<font color='Black'>Enter the Ibibo Code as 'AXIB'</font></br>]]>
    </line>
    <line>
      <![CDATA[<font color='Black'>Submit 'Transaction'</font></br>]]>
    </line>
    <line>
      <![CDATA[<font color='Black'>Wait for '10' seconds</font></br>]]>
    </line>
    <line>
      <![CDATA[<font color='Black'>Get TestData Excel:-'ProductTestData.xls', Sheet:- 'BankRedirect'</font></br>]]>
    </line>
    <line>
      <![CDATA[<font color='Green'>Verified 'Browser URL' as :-'https://www.axisbank.co.in/bankaway/(s(bysqn345uxbrkxikd2zqnq2v))/web/l001/retail/jsp/ebpp/retshoppingmallsignon.aspx?requestid=30428952'</font></br>]]>
    </line>
    <line>
      <![CDATA[<font color='Black'>Wait for '5' seconds</font></br>]]>
    </line>
    <line>
      <![CDATA[<font color='Black'>Close the current browser window</font></br>]]>
    </line>
    <line>
      <![CDATA[<font color='Black'>Quit the browser</font></br>]]>
    </line>
    <line>
      <![CDATA[<font color='Green'><B>Test Passed 'Test.AdminPanel.Payments.TestTransactionSeamlessNB.test_Seamless_NB_AXISNB' Ended on '2014-11-11 12:02:38'</B></font></br>]]>
    </line>
    <line>
      <![CDATA[<font color='Black'>Read the configuration file:-C:\PayuAutomation\automation\Product\Parameters\Config.properties</font></br>]]>
    </line>
    <line>
      <![CDATA[<font color='Black'>Read the environment file:-C:\PayuAutomation\automation\Product\Parameters\PPReplicaRelease.properties</font></br>]]>
    </line>
    <line>
      <![CDATA[<font color='Black'>Test data sheet is:-C:\PayuAutomation\automation\Product\Parameters\ProductTestData.xls</font></br>]]>
    </line>
    <line>
      <![CDATA[<font color='Black'>Checkout page is:-C:\PayuAutomation\automation\Product\Parameters\README_InputFile.txt</font></br>]]>
    </line>
    <line>
      <![CDATA[<font color='Black'>Results Directory is:-C:\PayuAutomation\automation\Product\test-output</font></br>]]>
    </line>
    <line>
      <![CDATA[<font color='Green'><B>Test 'Test.AdminPanel.Payments.TestSeamlessRSA.test_CC_RSA' Started on '2014-11-11 12:02:38'</B></font></br>]]>
    </line>
    <line>
      <![CDATA[<font color='Black'>Launching 'Firefox' browser</font></br>]]>
    </line>
    <line>
      <![CDATA[<font color='Black'>Get TestData Excel:-'ProductTestData.xls', Sheet:- 'PaymentType'</font></br>]]>
    </line>
    <line>
      <![CDATA[<font color='Black'>Get TestData Excel:-'ProductTestData.xls', Sheet:- 'TransactionDetails'</font></br>]]>
    </line>
    <line>
      <![CDATA[<font color='Black'>Navigate to web page- 'https://admin.payu.in/home'</font></br>]]>
    </line>
    <line>
      <![CDATA[<font color='Black'>Added the cookie - Name: 'test_name' Value: 'Test.AdminPanel.Payments.TestSeamlessRSA.test_CC_RSA' Domain: '.payu.in' Expiry: 'Wed Nov 12 12:02:59 IST 2014'</font></br>]]>
    </line>
    <line>
      <![CDATA[<font color='Black'>Wait for page load by waiting for element [link text: Admin Login]</font></br>]]>
    </line>
    <line>
      <![CDATA[<font color='Black'>Click on 'Admin Login link'</font></br>]]>
    </line>
    <line>
      <![CDATA[<font color='Black'>Wait for page load by waiting for element [id: username]</font></br>]]>
    </line>
    <line>
      <![CDATA[<font color='Black'>Enter the User name as 'qc2'</font></br>]]>
    </line>
    <line>
      <![CDATA[<font color='Black'>Enter the Password as 'Password2'</font></br>]]>
    </line>
    <line>
      <![CDATA[<font color='Black'>Click on 'Submit Button'</font></br>]]>
    </line>
    <line>
      <![CDATA[<font color='Black'>Wait for page load by waiting for element [link text: Test Transaction]</font></br>]]>
    </line>
    <line>
      <![CDATA[<font color='Black'>Navigate to web page- 'https://admin.payu.in/home'</font></br>]]>
    </line>
    <line>
      <![CDATA[<font color='Black'>Added the cookie - Name: 'test_name' Value: 'Test.AdminPanel.Payments.TestSeamlessRSA.test_CC_RSA' Domain: '.payu.in' Expiry: 'Wed Nov 12 12:03:01 IST 2014'</font></br>]]>
    </line>
    <line>
      <![CDATA[<font color='Black'>Wait for page load by waiting for element [link text: Test Transaction]</font></br>]]>
    </line>
    <line>
      <![CDATA[<font color='Black'>Click on 'Test Transaction Link'</font></br>]]>
    </line>
    <line>
      <![CDATA[<font color='Black'>Wait for page load by waiting for element [name: amount]</font></br>]]>
    </line>
    <line>
      <![CDATA[<font color='Black'>Get TestData Excel:-'ProductTestData.xls', Sheet:- 'PGInfo'</font></br>]]>
    </line>
    <line>
      <![CDATA[<font color='Black'>Get TestData Excel:-'ProductTestData.xls', Sheet:- 'SQL'</font></br>]]>
    </line>
    <line>
      <![CDATA[<font color='Black'>Executing the query - 'select count(*) cnt from merchant_payment_type mpt where mpt.merchantid='5910' and mpt.ibibo_code = 'CC' and mpt.pg_id = '' and mpt.active=1;'</font></br>]]>
    </line>
    <line>
      <![CDATA[<font color='Black'>Connecting to OFFLINE db:-jdbc:mysql://10.50.23.45/payu</font></br>]]>
    </line>
    <line>
      <![CDATA[<font color='Black'>Connection succeeded</font></br>]]>
    </line>
    <line>
      <![CDATA[<font color='Black'><B>Page URL</B>:- https://admin.payu.in/testpay</font></br>]]>
    </line>
    <line>
      <![CDATA[<font color='Black'><B>Screenshot</B>:- <a href=html/2014-11-11_12-03-04_Test.AdminPanel.Payments.TestSeamlessRSA.test_CC_RSA.png target='_blank' >2014-11-11_12-03-04_Test.AdminPanel.Payments.TestSeamlessRSA.test_CC_RSA.png</a></font></br>]]>
    </line>
    <line>
      <![CDATA[<font color='Red'>Payment type CC with pg_gateway_id  is NOT present for merchantid 5910</font></br>]]>
    </line>
    <line>
      <![CDATA[<font color='Black'>Get TestData Excel:-'ProductTestData.xls', Sheet:- 'TransactionDetails'</font></br>]]>
    </line>
    <line>
      <![CDATA[<font color='Black'>Click on 'Merchant Drop Down'</font></br>]]>
    </line>
    <line>
      <![CDATA[<font color='Black'>Wait for '1' seconds</font></br>]]>
    </line>
    <line>
      <![CDATA[<font color='Black'>Enter the Search Merchant Key as ' - QBKSbB'</font></br>]]>
    </line>
    <line>
      <![CDATA[<font color='Black'>Wait for '2' seconds</font></br>]]>
    </line>
    <line>
      <![CDATA[<font color='Black'>Get the WebElement with xPath://label/span[contains(text(),' - QBKSbB')]</font></br>]]>
    </line>
    <line>
      <![CDATA[<font color='Black'>Click on 'Merchant'</font></br>]]>
    </line>
    <line>
      <![CDATA[<font color='Black'>Enter the Amount as '1.00'</font></br>]]>
    </line>
    <line>
      <![CDATA[<font color='Black'>Enter the Email as 'payu.testing@gmail.com'</font></br>]]>
    </line>
    <line>
      <![CDATA[<font color='Black'>Enter the First Name as 'TestingFirst'</font></br>]]>
    </line>
    <line>
      <![CDATA[<font color='Black'>Enter the Public Key as 'publickey1234'</font></br>]]>
    </line>
    <line>
      <![CDATA[<font color='Black'>Get TestData Excel:-'ProductTestData.xls', Sheet:- 'PaymentType'</font></br>]]>
    </line>
    <line>
      <![CDATA[<font color='Black'>Enter the PG Code as 'CC'</font></br>]]>
    </line>
    <line>
      <![CDATA[<font color='Black'>Enter the Ibibo Code as 'CC'</font></br>]]>
    </line>
    <line>
      <![CDATA[<font color='Black'>Get TestData Excel:-'ProductTestData.xls', Sheet:- 'CardDetails'</font></br>]]>
    </line>
    <line>
      <![CDATA[<font color='Black'>Enter the Name on Card as 'Test Card'</font></br>]]>
    </line>
    <line>
      <![CDATA[<font color='Black'>Enter the Card Number as '5123456789012346'</font></br>]]>
    </line>
    <line>
      <![CDATA[<font color='Black'>Enter the CVV as '123'</font></br>]]>
    </line>
    <line>
      <![CDATA[<font color='Black'>Enter the Expiry month as '05'</font></br>]]>
    </line>
    <line>
      <![CDATA[<font color='Black'>Enter the Expiry year as '2017'</font></br>]]>
    </line>
    <line>
      <![CDATA[<font color='Black'>Click on 'Transaction'</font></br>]]>
    </line>
    <line>
      <![CDATA[<font color='Black'>Wait for '15' seconds</font></br>]]>
    </line>
    <line>
      <![CDATA[<font color='Black'>Wait for page load by waiting for element [tag name: pre]</font></br>]]>
    </line>
    <line>
      <![CDATA[<font color='Green'>Verified 'Processing Page URL for Seamless RSA' as :-'https://secure.payu.in/_seamless_payment'</font></br>]]>
    </line>
    <line>
      <![CDATA[<font color='Green'>Verified 'Count of Response Parameters' as :-'50'</font></br>]]>
    </line>
    <line>
      <![CDATA[<font color='Black'>Get TestData Excel:-'ProductTestData.xls', Sheet:- 'TestResponse'</font></br>]]>
    </line>
    <line>
      <![CDATA[<font color='Black'>Get TestData Excel:-'ProductTestData.xls', Sheet:- 'SQL'</font></br>]]>
    </line>
    <line>
      <![CDATA[<font color='Black'>Executing the query - 'select max(id) as mihpayid, merchantid, bank_ref_no as bank_ref_num, field9 as field9 from transaction where txnid = '2e0bba17b102e3aca625';'</font></br>]]>
    </line>
    <line>
      <![CDATA[<font color='Black'>Connecting to OFFLINE db:-jdbc:mysql://10.50.23.45/payu</font></br>]]>
    </line>
    <line>
      <![CDATA[<font color='Black'>Connection succeeded</font></br>]]>
    </line>
    <line>
      <![CDATA[<font color='Black'>Get TestData Excel:-'ProductTestData.xls', Sheet:- 'SQL'</font></br>]]>
    </line>
    <line>
      <![CDATA[<font color='Black'>Executing the query - 'select card_token from txn_info where payu_id='403993715510378720';'</font></br>]]>
    </line>
    <line>
      <![CDATA[<font color='Black'>Connecting to OFFLINE db:-jdbc:mysql://10.50.23.45/payu</font></br>]]>
    </line>
    <line>
      <![CDATA[<font color='Black'>Connection succeeded</font></br>]]>
    </line>
    <line>
      <![CDATA[<font color='Green'>Verified 'Response Param 'amount'' as :-'1.00'</font></br>]]>
    </line>
    <line>
      <![CDATA[<font color='Black'>Get TestData Excel:-'ProductTestData.xls', Sheet:- 'PGInfo'</font></br>]]>
    </line>
    <line>
      <![CDATA[<font color='Red'>Expected 'Response Param 'PG_TYPE'' was :-''. But actual is 'AXISPG'</font></br>]]>
    </line>
    <line>
      <![CDATA[<font color='Green'>Verified 'Response Param 'mode'' as :-'CC'</font></br>]]>
    </line>
    <line>
      <![CDATA[<font color='Orange'>Skipping the verification of Response Param 'phone' as '1234567890'</font></br>]]>
    </line>
    <line>
      <![CDATA[<font color='Orange'>Skipping the verification of Response Param 'productinfo' as 'Product Info'</font></br>]]>
    </line>
    <line>
      <![CDATA[<font color='Green'>Verified 'Response Param 'discount'' as :-'0.00'</font></br>]]>
    </line>
    <line>
      <![CDATA[<font color='Green'>Verified 'Response Param 'addedon'' as :-'2014-11-11 12:03:15'</font></br>]]>
    </line>
    <line>
      <![CDATA[<font color='Green'>Verified 'Response Param 'unmappedstatus'' as :-'captured'</font></br>]]>
    </line>
    <line>
      <![CDATA[<font color='Green'>Verified 'Response Param 'mihpayid'' as :-'403993715510378720'</font></br>]]>
    </line>
    <line>
      <![CDATA[<font color='Orange'>Skipping the verification of Response Param 'address2' as ''</font></br>]]>
    </line>
    <line>
      <![CDATA[<font color='Orange'>Skipping the verification of Response Param 'address1' as ''</font></br>]]>
    </line>
    <line>
      <![CDATA[<font color='Orange'>Skipping the verification of Response Param 'city' as ''</font></br>]]>
    </line>
    <line>
      <![CDATA[<font color='Green'>Verified 'Response Param 'key'' as :-'QBKSbB'</font></br>]]>
    </line>
    <line>
      <![CDATA[<font color='Green'>Verified 'Response Param 'bank_ref_num'' as :-'2000201087'</font></br>]]>
    </line>
    <line>
      <![CDATA[<font color='Green'>Verified 'Response Param 'txnid'' as :-'2e0bba17b102e3aca625'</font></br>]]>
    </line>
    <line>
      <![CDATA[<font color='Green'>Verified 'Response Param 'email'' as :-'payu.testing@gmail.com'</font></br>]]>
    </line>
    <line>
      <![CDATA[<font color='Green'>Verified 'Response Param 'bankcode'' as :-'CC'</font></br>]]>
    </line>
    <line>
      <![CDATA[<font color='Green'>Verified 'Response Param 'error'' as :-'E000'</font></br>]]>
    </line>
    <line>
      <![CDATA[<font color='Green'>Verified 'Response Param 'error_Message'' as :-'No Error'</font></br>]]>
    </line>
    <line>
      <![CDATA[<font color='Orange'>Skipping the verification of Response Param 'udf1' as ''</font></br>]]>
    </line>
    <line>
      <![CDATA[<font color='Orange'>Skipping the verification of Response Param 'udf2' as ''</font></br>]]>
    </line>
    <line>
      <![CDATA[<font color='Orange'>Skipping the verification of Response Param 'udf3' as ''</font></br>]]>
    </line>
    <line>
      <![CDATA[<font color='Orange'>Skipping the verification of Response Param 'udf4' as ''</font></br>]]>
    </line>
    <line>
      <![CDATA[<font color='Orange'>Skipping the verification of Response Param 'udf5' as ''</font></br>]]>
    </line>
    <line>
      <![CDATA[<font color='Green'>Verified 'Response Param 'udf6'' as :-''</font></br>]]>
    </line>
    <line>
      <![CDATA[<font color='Green'>Verified 'Response Param 'udf7'' as :-''</font></br>]]>
    </line>
    <line>
      <![CDATA[<font color='Green'>Verified 'Response Param 'udf8'' as :-''</font></br>]]>
    </line>
    <line>
      <![CDATA[<font color='Green'>Verified 'Response Param 'udf9'' as :-''</font></br>]]>
    </line>
    <line>
      <![CDATA[<font color='Green'>Verified 'Response Param 'udf10'' as :-''</font></br>]]>
    </line>
    <line>
      <![CDATA[<font color='Green'>Verified 'Response Param 'status'' as :-'success'</font></br>]]>
    </line>
    <line>
      <![CDATA[<font color='Green'>Verified 'Response Param 'cardhash'' as :-'This field is no longer supported in postback params.'</font></br>]]>
    </line>
    <line>
      <![CDATA[<font color='Green'>Verified 'Response Param 'cardnum'' as :-'512345XXXXXX2346'</font></br>]]>
    </line>
    <line>
      <![CDATA[<font color='Orange'>Skipping the verification of Response Param 'lastname' as ''</font></br>]]>
    </line>
    <line>
      <![CDATA[<font color='Orange'>Skipping the verification of Response Param 'field1' as '2000201087'</font></br>]]>
    </line>
    <line>
      <![CDATA[<font color='Orange'>Skipping the verification of Response Param 'field2' as '431517516647'</font></br>]]>
    </line>
    <line>
      <![CDATA[<font color='Orange'>Skipping the verification of Response Param 'field3' as '20141111'</font></br>]]>
    </line>
    <line>
      <![CDATA[<font color='Green'>Verified 'Response Param 'field4'' as :-'MC'</font></br>]]>
    </line>
    <line>
      <![CDATA[<font color='Orange'>Skipping the verification of Response Param 'field5' as '516647'</font></br>]]>
    </line>
    <line>
      <![CDATA[<font color='Green'>Verified 'Response Param 'field6'' as :-'00'</font></br>]]>
    </line>
    <line>
      <![CDATA[<font color='Green'>Verified 'Response Param 'field7'' as :-'0'</font></br>]]>
    </line>
    <line>
      <![CDATA[<font color='Green'>Verified 'Response Param 'field8'' as :-'3DS'</font></br>]]>
    </line>
    <line>
      <![CDATA[<font color='Orange'>Skipping the verification of Response Param 'field9' as 'Successful Verification of Secure Hash:  -- Approved -- Transaction Successful -- Unable to be determined--E219'</font></br>]]>
    </line>
    <line>
      <![CDATA[<font color='Orange'>Skipping the verification of Response Param 'country' as ''</font></br>]]>
    </line>
    <line>
      <![CDATA[<font color='Orange'>Skipping the verification of Response Param 'hash' as 'b82f5aecf37ecdbcf3ee8ebe085997b86e2c2ec0486a6d7893b84123d68c88f9e70d329fc4fe6f899652dc3d09670b0212d4774386a6cd25727bf61e9708de1c'</font></br>]]>
    </line>
    <line>
      <![CDATA[<font color='Green'>Verified 'Response Param 'firstname'' as :-'TestingFirst'</font></br>]]>
    </line>
    <line>
      <![CDATA[<font color='Orange'>Skipping the verification of Response Param 'zipcode' as ''</font></br>]]>
    </line>
    <line>
      <![CDATA[<font color='Orange'>Skipping the verification of Response Param 'state' as ''</font></br>]]>
    </line>
    <line>
      <![CDATA[<font color='Orange'>Skipping the verification of Response Param 'name_on_card' as 'Test Card'</font></br>]]>
    </line>
    <line>
      <![CDATA[<font color='Green'>Verified 'Response Param 'net_amount_debit'' as :-'1'</font></br>]]>
    </line>
    <line>
      <![CDATA[<font color='Orange'>Skipping the verification of Response Param 'payment_source' as 'payu'</font></br>]]>
    </line>
    <line>
      <![CDATA[<font color='Black'><B>Page URL</B>:- https://admin.payu.in/test_response</font></br>]]>
    </line>
    <line>
      <![CDATA[<font color='Black'><B>Screenshot</B>:- <a href=html/2014-11-11_12-03-58_Test.AdminPanel.Payments.TestSeamlessRSA.test_CC_RSA.png target='_blank' >2014-11-11_12-03-58_Test.AdminPanel.Payments.TestSeamlessRSA.test_CC_RSA.png</a></font></br>]]>
    </line>
    <line>
      <![CDATA[<font color='Red'>Failed to verify Test Response</font></br>]]>
    </line>
    <line>
      <![CDATA[<font color='Black'><B>Page URL</B>:- https://admin.payu.in/test_response</font></br>]]>
    </line>
    <line>
      <![CDATA[<font color='Black'><B>Screenshot</B>:- <a href=html/2014-11-11_12-03-59_Test.AdminPanel.Payments.TestSeamlessRSA.test_CC_RSA.png target='_blank' >2014-11-11_12-03-59_Test.AdminPanel.Payments.TestSeamlessRSA.test_CC_RSA.png</a></font></br>]]>
    </line>
    <line>
      <![CDATA[<font color='Red'>java.lang.AssertionError: expected [true] but found [false]</font></br>]]>
    </line>
    <line>
      <![CDATA[<font color='Black'>Close the current browser window</font></br>]]>
    </line>
    <line>
      <![CDATA[<font color='Black'>Quit the browser</font></br>]]>
    </line>
    <line>
      <![CDATA[<font color='Red'><B>Failure occured in test 'Test.AdminPanel.Payments.TestSeamlessRSA.test_CC_RSA' Ended on '2014-11-11 12:03:59'</B></font></br>]]>
    </line>
    <line>
      <![CDATA[<font color='Black'>Read the configuration file:-C:\PayuAutomation\automation\Product\Parameters\Config.properties</font></br>]]>
    </line>
    <line>
      <![CDATA[<font color='Black'>Read the environment file:-C:\PayuAutomation\automation\Product\Parameters\PPReplicaRelease.properties</font></br>]]>
    </line>
    <line>
      <![CDATA[<font color='Black'>Test data sheet is:-C:\PayuAutomation\automation\Product\Parameters\ProductTestData.xls</font></br>]]>
    </line>
    <line>
      <![CDATA[<font color='Black'>Checkout page is:-C:\PayuAutomation\automation\Product\Parameters\README_InputFile.txt</font></br>]]>
    </line>
    <line>
      <![CDATA[<font color='Black'>Results Directory is:-C:\PayuAutomation\automation\Product\test-output</font></br>]]>
    </line>
    <line>
      <![CDATA[<font color='Green'><B>Test 'Test.AdminPanel.Payments.TestTransactionDC.test_DC_HDFC2' Started on '2014-11-11 12:04:00'</B></font></br>]]>
    </line>
    <line>
      <![CDATA[<font color='Black'>Launching 'Firefox' browser</font></br>]]>
    </line>
    <line>
      <![CDATA[<font color='Black'>Get TestData Excel:-'ProductTestData.xls', Sheet:- 'PaymentType'</font></br>]]>
    </line>
    <line>
      <![CDATA[<font color='Black'>Get TestData Excel:-'ProductTestData.xls', Sheet:- 'TransactionDetails'</font></br>]]>
    </line>
    <line>
      <![CDATA[<font color='Black'>Navigate to web page- 'https://admin.payu.in/home'</font></br>]]>
    </line>
    <line>
      <![CDATA[<font color='Black'>Added the cookie - Name: 'test_name' Value: 'Test.AdminPanel.Payments.TestTransactionDC.test_DC_HDFC2' Domain: '.payu.in' Expiry: 'Wed Nov 12 12:04:10 IST 2014'</font></br>]]>
    </line>
    <line>
      <![CDATA[<font color='Black'>Wait for page load by waiting for element [link text: Admin Login]</font></br>]]>
    </line>
    <line>
      <![CDATA[<font color='Black'>Click on 'Admin Login link'</font></br>]]>
    </line>
    <line>
      <![CDATA[<font color='Black'>Wait for page load by waiting for element [id: username]</font></br>]]>
    </line>
    <line>
      <![CDATA[<font color='Black'>Enter the User name as 'qc2'</font></br>]]>
    </line>
    <line>
      <![CDATA[<font color='Black'>Enter the Password as 'Password2'</font></br>]]>
    </line>
    <line>
      <![CDATA[<font color='Black'>Click on 'Submit Button'</font></br>]]>
    </line>
    <line>
      <![CDATA[<font color='Black'>Wait for page load by waiting for element [link text: Test Transaction]</font></br>]]>
    </line>
    <line>
      <![CDATA[<font color='Black'>Navigate to web page- 'https://admin.payu.in/home'</font></br>]]>
    </line>
    <line>
      <![CDATA[<font color='Black'>Added the cookie - Name: 'test_name' Value: 'Test.AdminPanel.Payments.TestTransactionDC.test_DC_HDFC2' Domain: '.payu.in' Expiry: 'Wed Nov 12 12:04:11 IST 2014'</font></br>]]>
    </line>
    <line>
      <![CDATA[<font color='Black'>Wait for page load by waiting for element [link text: Test Transaction]</font></br>]]>
    </line>
    <line>
      <![CDATA[<font color='Black'>Click on 'Test Transaction Link'</font></br>]]>
    </line>
    <line>
      <![CDATA[<font color='Black'>Wait for page load by waiting for element [name: amount]</font></br>]]>
    </line>
    <line>
      <![CDATA[<font color='Black'>Get TestData Excel:-'ProductTestData.xls', Sheet:- 'PGInfo'</font></br>]]>
    </line>
    <line>
      <![CDATA[<font color='Black'>Get TestData Excel:-'ProductTestData.xls', Sheet:- 'SQL'</font></br>]]>
    </line>
    <line>
      <![CDATA[<font color='Black'>Executing the query - 'select count(*) cnt from merchant_payment_type mpt where mpt.merchantid='5912' and mpt.ibibo_code = 'MAST' and mpt.pg_id = '' and mpt.active=1;'</font></br>]]>
    </line>
    <line>
      <![CDATA[<font color='Black'>Connecting to OFFLINE db:-jdbc:mysql://10.50.23.45/payu</font></br>]]>
    </line>
    <line>
      <![CDATA[<font color='Black'>Connection succeeded</font></br>]]>
    </line>
    <line>
      <![CDATA[<font color='Black'><B>Page URL</B>:- https://admin.payu.in/testpay</font></br>]]>
    </line>
    <line>
      <![CDATA[<font color='Black'><B>Screenshot</B>:- <a href=html/2014-11-11_12-04-13_Test.AdminPanel.Payments.TestTransactionDC.test_DC_HDFC2.png target='_blank' >2014-11-11_12-04-13_Test.AdminPanel.Payments.TestTransactionDC.test_DC_HDFC2.png</a></font></br>]]>
    </line>
    <line>
      <![CDATA[<font color='Red'>Payment type MAST with pg_gateway_id  is NOT present for merchantid 5912</font></br>]]>
    </line>
    <line>
      <![CDATA[<font color='Black'>Get TestData Excel:-'ProductTestData.xls', Sheet:- 'SQL'</font></br>]]>
    </line>
    <line>
[...]
            </line>
            <line>
              <![CDATA[<font color='Black'>Get the WebElement with xPath://html/body/div[1]/table/tbody/tr//td[.='ValidOffer']/../td[2]</font></br>]]>
            </line>
            <line>
              <![CDATA[<font color='Black'>Get the WebElement with xPath://html/body/div[1]/table/tbody/tr//td[.='ValidOffer']/../td[3]</font></br>]]>
            </line>
            <line>
              <![CDATA[<font color='Black'>Get the WebElement with xPath://html/body/div[1]/table/tbody/tr//td[.='ValidOffer']/../td[4]</font></br>]]>
            </line>
            <line>
              <![CDATA[<font color='Black'>Get the WebElement with xPath://html/body/div[1]/table/tbody/tr//td[.='ValidOffer']/../td[5]</font></br>]]>
            </line>
            <line>
              <![CDATA[<font color='Black'>Get the WebElement with xPath://html/body/div[1]/table/tbody/tr//td[.='ValidOffer']/../td[6]</font></br>]]>
            </line>
            <line>
              <![CDATA[<font color='Black'>Get the WebElement with xPath://html/body/div[1]/table/tbody/tr//td[.='ValidOffer']/../td[7]</font></br>]]>
            </line>
            <line>
              <![CDATA[<font color='Black'>Get the WebElement with xPath://html/body/div[1]/table/tbody/tr//td[.='ValidOffer']/../td[8]</font></br>]]>
            </line>
            <line>
              <![CDATA[<font color='Black'>Get the WebElement with xPath://html/body/div[1]/table/tbody/tr//td[.='ValidOffer']/../td[9]</font></br>]]>
            </line>
            <line>
              <![CDATA[<font color='Black'>Get the WebElement with xPath://html/body/div[1]/table/tbody/tr//td[.='ValidOffer']/../td[10]</font></br>]]>
            </line>
            <line>
              <![CDATA[<font color='Black'>Get the WebElement with xPath://html/body/div[1]/table/tbody/tr//td[.='ValidOffer']/../td[11]</font></br>]]>
            </line>
            <line>
              <![CDATA[<font color='Black'>Get the WebElement with xPath://html/body/div[1]/table/tbody/tr//td[.='ValidOffer']/../td[12]</font></br>]]>
            </line>
            <line>
              <![CDATA[<font color='Black'>Get the WebElement with xPath://html/body/div[1]/table/tbody/tr//td[.='ValidOffer']/../td[13]</font></br>]]>
            </line>
            <line>
              <![CDATA[<font color='Black'>Get the WebElement with xPath://html/body/div[1]/table/tbody/tr//td[.='ValidOffer']/../td[14]</font></br>]]>
            </line>
            <line>
              <![CDATA[<font color='Black'>Get the WebElement with xPath://html/body/div[1]/table/tbody/tr//td[.='ValidOffer']/../td[1]</font></br>]]>
            </line>
            <line>
              <![CDATA[<font color='Black'>Get the WebElement with xPath://html/body/div[1]/table/tbody/tr//td[.='ValidOffer']/../td[2]</font></br>]]>
            </line>
            <line>
              <![CDATA[<font color='Black'>Get the WebElement with xPath://html/body/div[1]/table/tbody/tr//td[.='ValidOffer']/../td[3]</font></br>]]>
            </line>
            <line>
              <![CDATA[<font color='Black'>Get the WebElement with xPath://html/body/div[1]/table/tbody/tr//td[.='ValidOffer']/../td[4]</font></br>]]>
            </line>
            <line>
              <![CDATA[<font color='Black'>Get the WebElement with xPath://html/body/div[1]/table/tbody/tr//td[.='ValidOffer']/../td[5]</font></br>]]>
            </line>
            <line>
              <![CDATA[<font color='Black'>Get the WebElement with xPath://html/body/div[1]/table/tbody/tr//td[.='ValidOffer']/../td[6]</font></br>]]>
            </line>
            <line>
              <![CDATA[<font color='Black'>Get the WebElement with xPath://html/body/div[1]/table/tbody/tr//td[.='ValidOffer']/../td[7]</font></br>]]>
            </line>
            <line>
              <![CDATA[<font color='Black'>Get the WebElement with xPath://html/body/div[1]/table/tbody/tr//td[.='ValidOffer']/../td[8]</font></br>]]>
            </line>
            <line>
              <![CDATA[<font color='Black'>Get the WebElement with xPath://html/body/div[1]/table/tbody/tr//td[.='ValidOffer']/../td[9]</font></br>]]>
            </line>
            <line>
              <![CDATA[<font color='Black'>Get the WebElement with xPath://html/body/div[1]/table/tbody/tr//td[.='ValidOffer']/../td[10]</font></br>]]>
            </line>
            <line>
              <![CDATA[<font color='Black'>Get the WebElement with xPath://html/body/div[1]/table/tbody/tr//td[.='ValidOffer']/../td[11]</font></br>]]>
            </line>
            <line>
              <![CDATA[<font color='Black'>Get the WebElement with xPath://html/body/div[1]/table/tbody/tr//td[.='ValidOffer']/../td[12]</font></br>]]>
            </line>
            <line>
              <![CDATA[<font color='Black'>Get the WebElement with xPath://html/body/div[1]/table/tbody/tr//td[.='ValidOffer']/../td[13]</font></br>]]>
            </line>
            <line>
              <![CDATA[<font color='Black'>Get the WebElement with xPath://html/body/div[1]/table/tbody/tr//td[.='ValidOffer']/../td[14]</font></br>]]>
            </line>
            <line>
              <![CDATA[<font color='Black'>Get the WebElement with xPath://html/body/div[1]/table/tbody/tr//td[.='ValidOffer']/../td[1]</font></br>]]>
            </line>
            <line>
              <![CDATA[<font color='Black'>Get the WebElement with xPath://html/body/div[1]/table/tbody/tr//td[.='ValidOffer']/../td[2]</font></br>]]>
            </line>
            <line>
              <![CDATA[<font color='Black'>Get the WebElement with xPath://html/body/div[1]/table/tbody/tr//td[.='ValidOffer']/../td[3]</font></br>]]>
            </line>
            <line>
              <![CDATA[<font color='Black'>Get the WebElement with xPath://html/body/div[1]/table/tbody/tr//td[.='ValidOffer']/../td[4]</font></br>]]>
            </line>
            <line>
              <![CDATA[<font color='Black'>Get the WebElement with xPath://html/body/div[1]/table/tbody/tr//td[.='ValidOffer']/../td[5]</font></br>]]>
            </line>
            <line>
              <![CDATA[<font color='Black'>Get the WebElement with xPath://html/body/div[1]/table/tbody/tr//td[.='ValidOffer']/../td[6]</font></br>]]>
            </line>
            <line>
              <![CDATA[<font color='Black'>Get the WebElement with xPath://html/body/div[1]/table/tbody/tr//td[.='ValidOffer']/../td[7]</font></br>]]>
            </line>
            <line>
              <![CDATA[<font color='Black'>Get the WebElement with xPath://html/body/div[1]/table/tbody/tr//td[.='ValidOffer']/../td[8]</font></br>]]>
            </line>
            <line>
              <![CDATA[<font color='Black'>Get the WebElement with xPath://html/body/div[1]/table/tbody/tr//td[.='ValidOffer']/../td[9]</font></br>]]>
            </line>
            <line>
              <![CDATA[<font color='Black'>Get the WebElement with xPath://html/body/div[1]/table/tbody/tr//td[.='ValidOffer']/../td[10]</font></br>]]>
            </line>
            <line>
              <![CDATA[<font color='Black'>Get the WebElement with xPath://html/body/div[1]/table/tbody/tr//td[.='ValidOffer']/../td[11]</font></br>]]>
            </line>
            <line>
              <![CDATA[<font color='Black'>Get the WebElement with xPath://html/body/div[1]/table/tbody/tr//td[.='ValidOffer']/../td[12]</font></br>]]>
            </line>
            <line>
              <![CDATA[<font color='Black'>Get the WebElement with xPath://html/body/div[1]/table/tbody/tr//td[.='ValidOffer']/../td[13]</font></br>]]>
            </line>
            <line>
              <![CDATA[<font color='Black'>Get the WebElement with xPath://html/body/div[1]/table/tbody/tr//td[.='ValidOffer']/../td[14]</font></br>]]>
            </line>
            <line>
              <![CDATA[<font color='Black'>Get the WebElement with xPath://html/body/div[1]/table/tbody/tr//td[.='ValidOffer']/../td[1]</font></br>]]>
            </line>
            <line>
              <![CDATA[<font color='Black'>Get the WebElement with xPath://html/body/div[1]/table/tbody/tr//td[.='ValidOffer']/../td[2]</font></br>]]>
            </line>
            <line>
              <![CDATA[<font color='Black'>Get the WebElement with xPath://html/body/div[1]/table/tbody/tr//td[.='ValidOffer']/../td[3]</font></br>]]>
            </line>
            <line>
              <![CDATA[<font color='Black'>Get the WebElement with xPath://html/body/div[1]/table/tbody/tr//td[.='ValidOffer']/../td[4]</font></br>]]>
            </line>
            <line>
              <![CDATA[<font color='Black'>Get the WebElement with xPath://html/body/div[1]/table/tbody/tr//td[.='ValidOffer']/../td[5]</font></br>]]>
            </line>
            <line>
              <![CDATA[<font color='Black'>Get the WebElement with xPath://html/body/div[1]/table/tbody/tr//td[.='ValidOffer']/../td[6]</font></br>]]>
            </line>
            <line>
              <![CDATA[<font color='Black'>Get the WebElement with xPath://html/body/div[1]/table/tbody/tr//td[.='ValidOffer']/../td[7]</font></br>]]>
            </line>
            <line>
              <![CDATA[<font color='Black'>Get the WebElement with xPath://html/body/div[1]/table/tbody/tr//td[.='ValidOffer']/../td[8]</font></br>]]>
            </line>
            <line>
              <![CDATA[<font color='Black'>Get the WebElement with xPath://html/body/div[1]/table/tbody/tr//td[.='ValidOffer']/../td[9]</font></br>]]>
            </line>
            <line>
              <![CDATA[<font color='Black'>Get the WebElement with xPath://html/body/div[1]/table/tbody/tr//td[.='ValidOffer']/../td[10]</font></br>]]>
            </line>
            <line>
              <![CDATA[<font color='Black'>Get the WebElement with xPath://html/body/div[1]/table/tbody/tr//td[.='ValidOffer']/../td[11]</font></br>]]>
            </line>
            <line>
              <![CDATA[<font color='Black'>Get the WebElement with xPath://html/body/div[1]/table/tbody/tr//td[.='ValidOffer']/../td[12]</font></br>]]>
            </line>
            <line>
              <![CDATA[<font color='Black'>Get the WebElement with xPath://html/body/div[1]/table/tbody/tr//td[.='ValidOffer']/../td[13]</font></br>]]>
            </line>
            <line>
              <![CDATA[<font color='Black'>Get the WebElement with xPath://html/body/div[1]/table/tbody/tr//td[.='ValidOffer']/../td[14]</font></br>]]>
            </line>
            <line>
              <![CDATA[<font color='Black'>Get the WebElement with xPath://html/body/div[1]/table/tbody/tr//td[.='ValidOffer']/../td[1]</font></br>]]>
            </line>
            <line>
              <![CDATA[<font color='Black'>Get the WebElement with xPath://html/body/div[1]/table/tbody/tr//td[.='ValidOffer']/../td[2]</font></br>]]>
            </line>
            <line>
              <![CDATA[<font color='Black'>Get the WebElement with xPath://html/body/div[1]/table/tbody/tr//td[.='ValidOffer']/../td[3]</font></br>]]>
            </line>
            <line>
              <![CDATA[<font color='Black'>Get the WebElement with xPath://html/body/div[1]/table/tbody/tr//td[.='ValidOffer']/../td[4]</font></br>]]>
            </line>
            <line>
              <![CDATA[<font color='Black'>Get the WebElement with xPath://html/body/div[1]/table/tbody/tr//td[.='ValidOffer']/../td[5]</font></br>]]>
            </line>
            <line>
              <![CDATA[<font color='Black'>Get the WebElement with xPath://html/body/div[1]/table/tbody/tr//td[.='ValidOffer']/../td[6]</font></br>]]>
            </line>
            <line>
              <![CDATA[<font color='Black'>Get the WebElement with xPath://html/body/div[1]/table/tbody/tr//td[.='ValidOffer']/../td[7]</font></br>]]>
            </line>
            <line>
              <![CDATA[<font color='Black'>Get the WebElement with xPath://html/body/div[1]/table/tbody/tr//td[.='ValidOffer']/../td[8]</font></br>]]>
            </line>
            <line>
              <![CDATA[<font color='Black'>Get the WebElement with xPath://html/body/div[1]/table/tbody/tr//td[.='ValidOffer']/../td[9]</font></br>]]>
            </line>
            <line>
              <![CDATA[<font color='Black'>Get the WebElement with xPath://html/body/div[1]/table/tbody/tr//td[.='ValidOffer']/../td[10]</font></br>]]>
            </line>
            <line>
              <![CDATA[<font color='Black'>Get the WebElement with xPath://html/body/div[1]/table/tbody/tr//td[.='ValidOffer']/../td[11]</font></br>]]>
            </line>
            <line>
              <![CDATA[<font color='Black'>Get the WebElement with xPath://html/body/div[1]/table/tbody/tr//td[.='ValidOffer']/../td[12]</font></br>]]>
            </line>
            <line>
              <![CDATA[<font color='Black'>Get the WebElement with xPath://html/body/div[1]/table/tbody/tr//td[.='ValidOffer']/../td[13]</font></br>]]>
            </line>
            <line>
              <![CDATA[<font color='Black'>Get the WebElement with xPath://html/body/div[1]/table/tbody/tr//td[.='ValidOffer']/../td[14]</font></br>]]>
            </line>
            <line>
              <![CDATA[<font color='Black'>Navigate to web page- 'https://admin.payu.in/home'</font></br>]]>
            </line>
            <line>
              <![CDATA[<font color='Black'>Added the cookie - Name: 'test_name' Value: 'Test.MerchantPanel.Offers.TestOffers.test_VerifyValidOfferPaymentTypeCCAndDC' Domain: '.payu.in' Expiry: 'Wed Nov 12 12:08:12 IST 2014'</font></br>]]>
            </line>
            <line>
              <![CDATA[<font color='Black'>Wait for page load by waiting for element [link text: Admin Login]</font></br>]]>
            </line>
            <line>
              <![CDATA[<font color='Black'>Click on 'Admin Login link'</font></br>]]>
            </line>
            <line>
              <![CDATA[<font color='Black'>Wait for page load by waiting for element [id: username]</font></br>]]>
            </line>
            <line>
              <![CDATA[<font color='Black'>Enter the User name as 'qc2'</font></br>]]>
            </line>
            <line>
              <![CDATA[<font color='Black'>Enter the Password as 'Password2'</font></br>]]>
            </line>
            <line>
              <![CDATA[<font color='Black'>Click on 'Submit Button'</font></br>]]>
            </line>
            <line>
              <![CDATA[<font color='Black'>Wait for page load by waiting for element [link text: Test Transaction]</font></br>]]>
            </line>
            <line>
              <![CDATA[<font color='Black'>Navigate to web page- 'https://admin.payu.in/home'</font></br>]]>
            </line>
            <line>
              <![CDATA[<font color='Black'>Added the cookie - Name: 'test_name' Value: 'Test.MerchantPanel.Offers.TestOffers.test_VerifyValidOfferPaymentTypeCCAndDC' Domain: '.payu.in' Expiry: 'Wed Nov 12 12:08:14 IST 2014'</font></br>]]>
            </line>
            <line>
              <![CDATA[<font color='Black'>Wait for page load by waiting for element [link text: Test Transaction]</font></br>]]>
            </line>
            <line>
              <![CDATA[<font color='Black'>Click on 'Test Transaction Link'</font></br>]]>
            </line>
            <line>
              <![CDATA[<font color='Black'>Wait for page load by waiting for element [name: amount]</font></br>]]>
            </line>
            <line>
              <![CDATA[<font color='Black'>Get TestData Excel:-'ProductTestData.xls', Sheet:- 'PGInfo'</font></br>]]>
            </line>
            <line>
              <![CDATA[<font color='Black'>Get TestData Excel:-'ProductTestData.xls', Sheet:- 'SQL'</font></br>]]>
            </line>
            <line>
              <![CDATA[<font color='Black'>Executing the query - 'select count(*) cnt from merchant_payment_type mpt where mpt.merchantid='5910' and mpt.ibibo_code = 'MAST' and mpt.pg_id = '' and mpt.active=1;'</font></br>]]>
            </line>
            <line>
              <![CDATA[<font color='Black'>Connecting to OFFLINE db:-jdbc:mysql://10.50.23.45/payu</font></br>]]>
            </line>
            <line>
              <![CDATA[<font color='Black'>Connection succeeded</font></br>]]>
            </line>
            <line>
              <![CDATA[<font color='Black'><B>Page URL</B>:- https://admin.payu.in/testpay</font></br>]]>
            </line>
            <line>
              <![CDATA[<font color='Black'><B>Screenshot</B>:- <a href=html/2014-11-11_12-08-15_Test.MerchantPanel.Offers.TestOffers.test_VerifyValidOfferPaymentTypeCCAndDC.png target='_blank' >2014-11-11_12-08-15_Test.MerchantPanel.Offers.TestOffers.test_VerifyValidOfferPaymentTypeCCAndDC.png</a></font></br>]]>
            </line>
            <line>
              <![CDATA[<font color='Red'>Payment type MAST with pg_gateway_id  is NOT present for merchantid 5910</font></br>]]>
            </line>
            <line>
              <![CDATA[<font color='Black'>Get TestData Excel:-'ProductTestData.xls', Sheet:- 'SQL'</font></br>]]>
            </line>
            <line>
              <![CDATA[<font color='Black'>Executing the query - 'select * from paymentgateway pg where pg.key = 'AXISPG' and pg.isactive=1;'</font></br>]]>
            </line>
            <line>
              <![CDATA[<font color='Black'>Connecting to OFFLINE db:-jdbc:mysql://10.50.23.45/payu</font></br>]]>
            </line>
            <line>
              <![CDATA[<font color='Black'>Connection succeeded</font></br>]]>
            </line>
            <line>
              <![CDATA[<font color='Orange'>No data was returned for this query</font></br>]]>
            </line>
          </reporter-output>
        </test-method> <!-- test_VerifyValidOfferPaymentTypeCCAndDC -->
        <test-method status="PASS" signature="tearDown(org.testng.ITestResult)[pri:0, instance:Test.MerchantPanel.Offers.TestOffers@42d80b78]" name="tearDown" is-config="true" duration-ms="1225" started-at="2014-11-11T12:08:17Z" finished-at="2014-11-11T12:08:18Z">
          <params>
            <param index="0">
              <value>
                <![CDATA[[TestResult name=test_VerifyValidOfferPaymentTypeCCAndDC status=FAILURE method=TestOffers.test_VerifyValidOfferPaymentTypeCCAndDC(Utils.Config)[pri:0, instance:Test.MerchantPanel.Offers.TestOffers@42d80b78] output=<font color='Black'>Navigate to web page- 'https://www.payu.in/index'</font></br>]]]>
              </value>
            </param>
          </params>
          <reporter-output>
            <line>
              <![CDATA[<font color='Black'><B>Page URL</B>:- https://admin.payu.in/testpay</font></br>]]>
            </line>
            <line>
              <![CDATA[<font color='Black'><B>Screenshot</B>:- <a href=html/2014-11-11_12-08-17_Test.MerchantPanel.Offers.TestOffers.test_VerifyValidOfferPaymentTypeCCAndDC.png target='_blank' >2014-11-11_12-08-17_Test.MerchantPanel.Offers.TestOffers.test_VerifyValidOfferPaymentTypeCCAndDC.png</a></font></br>]]>
            </line>
            <line>
              <![CDATA[<font color='Red'>java.lang.NullPointerException</font></br>]]>
            </line>
            <line>
              <![CDATA[<font color='Black'>Close the current browser window</font></br>]]>
            </line>
            <line>
              <![CDATA[<font color='Black'>Quit the browser</font></br>]]>
            </line>
            <line>
              <![CDATA[<font color='Red'><B>Failure occured in test 'Test.MerchantPanel.Offers.TestOffers.test_VerifyValidOfferPaymentTypeCCAndDC' Ended on '2014-11-11 12:08:17'</B></font></br>]]>
            </line>
          </reporter-output>
        </test-method> <!-- tearDown -->
      </class> <!-- Test.MerchantPanel.Offers.TestOffers -->
    </test> <!-- Offers with additional charges -->
  </suite> <!-- Product Automation -->
</testng-results>
