<?xml version="1.0" encoding="UTF-8"?>
<testng-results skipped="0" failed="0" total="1" passed="1">
  <reporter-output>
    <line>
      <![CDATA[<font color='Black'>Read the configuration file:-C:\PayuAutomation\automation\Product\Parameters\Config.properties</font></br>]]>
    </line>
    <line>
      <![CDATA[<font color='Black'>Read the environment file:-C:\PayuAutomation\automation\Product\Parameters\PPReplicaRelease.properties</font></br>]]>
    </line>
    <line>
      <![CDATA[<font color='Black'>Test data sheet is:-C:\PayuAutomation\automation\Product\Parameters\ProductTestData.xls</font></br>]]>
    </line>
    <line>
      <![CDATA[<font color='Black'>Checkout page is:-C:\PayuAutomation\automation\Product\Parameters\README_InputFile.txt</font></br>]]>
    </line>
    <line>
      <![CDATA[<font color='Black'>Results Directory is:-C:\PayuAutomation\automation\Product\test-output</font></br>]]>
    </line>
    <line>
      <![CDATA[<font color='Green'><B>Test 'Test.AdminPanel.Filters.TestBlackListing.blackListedPhoneNoGlobal' Started on '2014-11-11 14:25:41'</B></font></br>]]>
    </line>
    <line>
      <![CDATA[<font color='Black'>Launching 'firefox' browser</font></br>]]>
    </line>
    <line>
      <![CDATA[<font color='Black'>Wait for '2' seconds</font></br>]]>
    </line>
    <line>
      <![CDATA[<font color='Black'>Get TestData Excel:-'ProductTestData.xls', Sheet:- 'PaymentType'</font></br>]]>
    </line>
    <line>
      <![CDATA[<font color='Black'>Get TestData Excel:-'ProductTestData.xls', Sheet:- 'TransactionDetails'</font></br>]]>
    </line>
    <line>
      <![CDATA[<font color='Black'>Navigate to web page- 'https://admin.payu.in/home'</font></br>]]>
    </line>
    <line>
      <![CDATA[<font color='Black'>Added the cookie - Name: 'test_name' Value: 'Test.AdminPanel.Filters.TestBlackListing.blackListedPhoneNoGlobal' Domain: '.payu.in' Expiry: 'Wed Nov 12 14:25:54 IST 2014'</font></br>]]>
    </line>
    <line>
      <![CDATA[<font color='Black'>Wait for page load by waiting for element [link text: Admin Login]</font></br>]]>
    </line>
    <line>
      <![CDATA[<font color='Black'>Click on 'Admin Login link'</font></br>]]>
    </line>
    <line>
      <![CDATA[<font color='Black'>Wait for page load by waiting for element [id: username]</font></br>]]>
    </line>
    <line>
      <![CDATA[<font color='Black'>Enter the User name as 'qc2'</font></br>]]>
    </line>
    <line>
      <![CDATA[<font color='Black'>Enter the Password as 'Password2'</font></br>]]>
    </line>
    <line>
      <![CDATA[<font color='Black'>Click on 'Submit Button'</font></br>]]>
    </line>
    <line>
      <![CDATA[<font color='Black'>Wait for page load by waiting for element [link text: Test Transaction]</font></br>]]>
    </line>
    <line>
      <![CDATA[<font color='Black'>Navigate to web page- 'https://admin.payu.in/home'</font></br>]]>
    </line>
    <line>
      <![CDATA[<font color='Black'>Added the cookie - Name: 'test_name' Value: 'Test.AdminPanel.Filters.TestBlackListing.blackListedPhoneNoGlobal' Domain: '.payu.in' Expiry: 'Wed Nov 12 14:25:57 IST 2014'</font></br>]]>
    </line>
    <line>
      <![CDATA[<font color='Black'>Wait for page load by waiting for element [link text: Test Transaction]</font></br>]]>
    </line>
    <line>
      <![CDATA[<font color='Black'>Click on 'Test Transaction Link'</font></br>]]>
    </line>
    <line>
      <![CDATA[<font color='Black'>Wait for page load by waiting for element [name: amount]</font></br>]]>
    </line>
    <line>
      <![CDATA[<font color='Black'>Get TestData Excel:-'ProductTestData.xls', Sheet:- 'SQL'</font></br>]]>
    </line>
    <line>
      <![CDATA[<font color='Black'>Executing the query - 'SELECT * FROM filter WHERE id=132;'</font></br>]]>
    </line>
    <line>
      <![CDATA[<font color='Black'>Connecting to OFFLINE db:-jdbc:mysql://10.50.23.45/payu</font></br>]]>
    </line>
    <line>
      <![CDATA[<font color='Black'>Connection succeeded</font></br>]]>
    </line>
    <line>
      <![CDATA[<font color='Black'>Get TestData Excel:-'ProductTestData.xls', Sheet:- 'TransactionDetails'</font></br>]]>
    </line>
    <line>
      <![CDATA[<font color='Black'>Click on 'Merchant Drop Down'</font></br>]]>
    </line>
    <line>
      <![CDATA[<font color='Black'>Wait for '1' seconds</font></br>]]>
    </line>
    <line>
      <![CDATA[<font color='Black'>Enter the Search Merchant Key as ' - c3l7Yw'</font></br>]]>
    </line>
    <line>
      <![CDATA[<font color='Black'>Wait for '2' seconds</font></br>]]>
    </line>
    <line>
      <![CDATA[<font color='Black'>Get the WebElement with xPath://label/span[contains(text(),' - c3l7Yw')]</font></br>]]>
    </line>
    <line>
      <![CDATA[<font color='Black'>Click on 'Merchant'</font></br>]]>
    </line>
    <line>
      <![CDATA[<font color='Black'>Enter the Amount as '10.00'</font></br>]]>
    </line>
    <line>
      <![CDATA[<font color='Black'>Enter the Phone as '9000000001'</font></br>]]>
    </line>
    <line>
      <![CDATA[<font color='Black'>Submit 'Transaction'</font></br>]]>
    </line>
    <line>
      <![CDATA[<font color='Black'>Wait for page load by waiting for element [xpath: //p[@id='amountdiv']/span]</font></br>]]>
    </line>
    <line>
      <![CDATA[<font color='Black'>Click on 'Credit Card Tab'</font></br>]]>
    </line>
    <line>
      <![CDATA[<font color='Black'>Wait for page load by waiting for element [id: cname_on_card]</font></br>]]>
    </line>
    <line>
      <![CDATA[<font color='Black'>Get TestData Excel:-'ProductTestData.xls', Sheet:- 'CardDetails'</font></br>]]>
    </line>
    <line>
      <![CDATA[<font color='Black'>Enter the Name on Card as 'Test Card'</font></br>]]>
    </line>
    <line>
      <![CDATA[<font color='Black'>Enter the Card Number as '5'</font></br>]]>
    </line>
    <line>
      <![CDATA[<font color='Black'>Enter the Card Number as '1'</font></br>]]>
    </line>
    <line>
      <![CDATA[<font color='Black'>Enter the Card Number as '2'</font></br>]]>
    </line>
    <line>
      <![CDATA[<font color='Black'>Enter the Card Number as '3'</font></br>]]>
    </line>
    <line>
      <![CDATA[<font color='Black'>Enter the Card Number as '4'</font></br>]]>
    </line>
    <line>
      <![CDATA[<font color='Black'>Enter the Card Number as '5'</font></br>]]>
    </line>
    <line>
      <![CDATA[<font color='Black'>Enter the Card Number as '6'</font></br>]]>
    </line>
    <line>
      <![CDATA[<font color='Black'>Enter the Card Number as '7'</font></br>]]>
    </line>
    <line>
      <![CDATA[<font color='Black'>Enter the Card Number as '8'</font></br>]]>
    </line>
    <line>
      <![CDATA[<font color='Black'>Enter the Card Number as '9'</font></br>]]>
    </line>
    <line>
      <![CDATA[<font color='Black'>Enter the Card Number as '0'</font></br>]]>
    </line>
    <line>
      <![CDATA[<font color='Black'>Enter the Card Number as '1'</font></br>]]>
    </line>
    <line>
      <![CDATA[<font color='Black'>Enter the Card Number as '2'</font></br>]]>
    </line>
    <line>
      <![CDATA[<font color='Black'>Enter the Card Number as '3'</font></br>]]>
    </line>
    <line>
      <![CDATA[<font color='Black'>Enter the Card Number as '4'</font></br>]]>
    </line>
    <line>
      <![CDATA[<font color='Black'>Enter the Card Number as '6'</font></br>]]>
    </line>
    <line>
      <![CDATA[<font color='Black'>Enter the CVV as '123'</font></br>]]>
    </line>
    <line>
      <![CDATA[<font color='Black'>Select the Expiry month dropdown value '05'</font></br>]]>
    </line>
    <line>
      <![CDATA[<font color='Black'>Select the Expiry year dropdown value '2017'</font></br>]]>
    </line>
    <line>
      <![CDATA[<font color='Black'>Click on 'Pay Now'</font></br>]]>
    </line>
    <line>
      <![CDATA[<font color='Black'>Wait for '15' seconds</font></br>]]>
    </line>
    <line>
      <![CDATA[<font color='Black'>Wait for page load by waiting for element [tag name: pre]</font></br>]]>
    </line>
    <line>
      <![CDATA[<font color='Black'>Get TestData Excel:-'ProductTestData.xls', Sheet:- 'TransactionDetails'</font></br>]]>
    </line>
    <line>
      <![CDATA[<font color='Black'>Get TestData Excel:-'ProductTestData.xls', Sheet:- 'PaymentType'</font></br>]]>
    </line>
    <line>
      <![CDATA[<font color='Green'>Verified 'Count of Response Parameters' as :-'50'</font></br>]]>
    </line>
    <line>
      <![CDATA[<font color='Black'>Get TestData Excel:-'ProductTestData.xls', Sheet:- 'TestResponse'</font></br>]]>
    </line>
    <line>
      <![CDATA[<font color='Black'>Get TestData Excel:-'ProductTestData.xls', Sheet:- 'SQL'</font></br>]]>
    </line>
    <line>
      <![CDATA[<font color='Black'>Executing the query - 'select max(id) as mihpayid, merchantid, bank_ref_no as bank_ref_num, field9 as field9 from transaction where txnid = 'fb425584a4e2a52b27fb';'</font></br>]]>
    </line>
    <line>
      <![CDATA[<font color='Black'>Connecting to OFFLINE db:-jdbc:mysql://10.50.23.45/payu</font></br>]]>
    </line>
    <line>
      <![CDATA[<font color='Black'>Connection succeeded</font></br>]]>
    </line>
    <line>
      <![CDATA[<font color='Black'>Get TestData Excel:-'ProductTestData.xls', Sheet:- 'SQL'</font></br>]]>
    </line>
    <line>
      <![CDATA[<font color='Black'>Executing the query - 'select card_token from txn_info where payu_id='403993715510380026';'</font></br>]]>
    </line>
    <line>
      <![CDATA[<font color='Black'>Connecting to OFFLINE db:-jdbc:mysql://10.50.23.45/payu</font></br>]]>
    </line>
    <line>
      <![CDATA[<font color='Black'>Connection succeeded</font></br>]]>
    </line>
    <line>
      <![CDATA[<font color='Green'>Verified 'Response Param 'amount'' as :-'10.00'</font></br>]]>
    </line>
    <line>
      <![CDATA[<font color='Black'>Get TestData Excel:-'ProductTestData.xls', Sheet:- 'PGInfo'</font></br>]]>
    </line>
    <line>
      <![CDATA[<font color='Green'>Verified 'Response Param 'mode'' as :-'CC'</font></br>]]>
    </line>
    <line>
      <![CDATA[<font color='Green'>Verified 'Response Param 'phone'' as :-'9000000001'</font></br>]]>
    </line>
    <line>
      <![CDATA[<font color='Orange'>Skipping the verification of Response Param 'productinfo' as 'Product Info'</font></br>]]>
    </line>
    <line>
      <![CDATA[<font color='Orange'>Skipping the verification of Response Param 'discount' as '0.00'</font></br>]]>
    </line>
    <line>
      <![CDATA[<font color='Green'>Verified 'Response Param 'addedon'' as :-'2014-11-11 14:26:08'</font></br>]]>
    </line>
    <line>
      <![CDATA[<font color='Green'>Verified 'Response Param 'unmappedstatus'' as :-'failed'</font></br>]]>
    </line>
    <line>
      <![CDATA[<font color='Green'>Verified 'Response Param 'mihpayid'' as :-'403993715510380026'</font></br>]]>
    </line>
    <line>
      <![CDATA[<font color='Orange'>Skipping the verification of Response Param 'address2' as ''</font></br>]]>
    </line>
    <line>
      <![CDATA[<font color='Orange'>Skipping the verification of Response Param 'address1' as ''</font></br>]]>
    </line>
    <line>
      <![CDATA[<font color='Orange'>Skipping the verification of Response Param 'city' as ''</font></br>]]>
    </line>
    <line>
      <![CDATA[<font color='Green'>Verified 'Response Param 'key'' as :-'c3l7Yw'</font></br>]]>
    </line>
    <line>
      <![CDATA[<font color='Green'>Verified 'Response Param 'bank_ref_num'' as :-''</font></br>]]>
    </line>
    <line>
      <![CDATA[<font color='Green'>Verified 'Response Param 'txnid'' as :-'fb425584a4e2a52b27fb'</font></br>]]>
    </line>
    <line>
      <![CDATA[<font color='Orange'>Skipping the verification of Response Param 'email' as 'test@example.com'</font></br>]]>
    </line>
    <line>
      <![CDATA[<font color='Green'>Verified 'Response Param 'bankcode'' as :-'CC'</font></br>]]>
    </line>
    <line>
      <![CDATA[<font color='Green'>Verified 'Response Param 'error'' as :-'E307'</font></br>]]>
    </line>
    <line>
      <![CDATA[<font color='Green'>Verified 'Response Param 'error_Message'' as :-'Bank denied transaction due to risk'</font></br>]]>
    </line>
    <line>
      <![CDATA[<font color='Orange'>Skipping the verification of Response Param 'udf1' as ''</font></br>]]>
    </line>
    <line>
      <![CDATA[<font color='Orange'>Skipping the verification of Response Param 'udf2' as ''</font></br>]]>
    </line>
    <line>
      <![CDATA[<font color='Orange'>Skipping the verification of Response Param 'udf3' as ''</font></br>]]>
    </line>
    <line>
      <![CDATA[<font color='Orange'>Skipping the verification of Response Param 'udf4' as ''</font></br>]]>
    </line>
    <line>
      <![CDATA[<font color='Orange'>Skipping the verification of Response Param 'udf5' as ''</font></br>]]>
    </line>
    <line>
      <![CDATA[<font color='Green'>Verified 'Response Param 'udf6'' as :-''</font></br>]]>
    </line>
    <line>
      <![CDATA[<font color='Green'>Verified 'Response Param 'udf7'' as :-''</font></br>]]>
    </line>
    <line>
      <![CDATA[<font color='Green'>Verified 'Response Param 'udf8'' as :-''</font></br>]]>
    </line>
    <line>
      <![CDATA[<font color='Green'>Verified 'Response Param 'udf9'' as :-''</font></br>]]>
    </line>
    <line>
      <![CDATA[<font color='Green'>Verified 'Response Param 'udf10'' as :-''</font></br>]]>
    </line>
    <line>
      <![CDATA[<font color='Green'>Verified 'Response Param 'status'' as :-'failure'</font></br>]]>
    </line>
    <line>
      <![CDATA[<font color='Green'>Verified 'Response Param 'cardhash'' as :-'This field is no longer supported in postback params.'</font></br>]]>
    </line>
    <line>
      <![CDATA[<font color='Orange'>Skipping the verification of Response Param 'cardnum' as '512345XXXXXX2346'</font></br>]]>
    </line>
    <line>
      <![CDATA[<font color='Orange'>Skipping the verification of Response Param 'lastname' as ''</font></br>]]>
    </line>
    <line>
      <![CDATA[<font color='Orange'>Skipping the verification of Response Param 'field1' as ''</font></br>]]>
    </line>
    <line>
      <![CDATA[<font color='Orange'>Skipping the verification of Response Param 'field2' as ''</font></br>]]>
    </line>
    <line>
      <![CDATA[<font color='Orange'>Skipping the verification of Response Param 'field3' as ''</font></br>]]>
    </line>
    <line>
      <![CDATA[<font color='Orange'>Skipping the verification of Response Param 'field4' as ''</font></br>]]>
    </line>
    <line>
      <![CDATA[<font color='Orange'>Skipping the verification of Response Param 'field5' as ''</font></br>]]>
    </line>
    <line>
      <![CDATA[<font color='Orange'>Skipping the verification of Response Param 'field6' as ''</font></br>]]>
    </line>
    <line>
      <![CDATA[<font color='Orange'>Skipping the verification of Response Param 'field7' as ''</font></br>]]>
    </line>
    <line>
      <![CDATA[<font color='Orange'>Skipping the verification of Response Param 'field8' as ''</font></br>]]>
    </line>
    <line>
      <![CDATA[<font color='Orange'>Skipping the verification of Response Param 'field9' as 'Transaction denied due to blacklisted parameters.'</font></br>]]>
    </line>
    <line>
      <![CDATA[<font color='Orange'>Skipping the verification of Response Param 'country' as ''</font></br>]]>
    </line>
    <line>
      <![CDATA[<font color='Orange'>Skipping the verification of Response Param 'hash' as 'fa824e11dd9bf2110dd4aef5f91f761e1b2729c96c0ac56770130202813e9553176596b99f3edc73717a493ef8203b6e56aa816fe0a705cb90da530cf8176850'</font></br>]]>
    </line>
    <line>
      <![CDATA[<font color='Orange'>Skipping the verification of Response Param 'firstname' as 'Payu-Admin'</font></br>]]>
    </line>
    <line>
      <![CDATA[<font color='Orange'>Skipping the verification of Response Param 'zipcode' as ''</font></br>]]>
    </line>
    <line>
      <![CDATA[<font color='Orange'>Skipping the verification of Response Param 'state' as ''</font></br>]]>
    </line>
    <line>
      <![CDATA[<font color='Orange'>Skipping the verification of Response Param 'name_on_card' as 'Test Card'</font></br>]]>
    </line>
    <line>
      <![CDATA[<font color='Green'>Verified 'Response Param 'net_amount_debit'' as :-'0.00'</font></br>]]>
    </line>
    <line>
      <![CDATA[<font color='Orange'>Skipping the verification of Response Param 'payment_source' as 'payu'</font></br>]]>
    </line>
    <line>
      <![CDATA[<font color='Black'><B>Page URL</B>:- https://admin.payu.in/test_response</font></br>]]>
    </line>
    <line>
      <![CDATA[<font color='Black'><B>Screenshot</B>:- <a href=html/2014-11-11_14-26-55_Test.AdminPanel.Filters.TestBlackListing.blackListedPhoneNoGlobal.png target='_blank' >2014-11-11_14-26-55_Test.AdminPanel.Filters.TestBlackListing.blackListedPhoneNoGlobal.png</a></font></br>]]>
    </line>
    <line>
      <![CDATA[<font color='Black'>Get TestData Excel:-'ProductTestData.xls', Sheet:- 'SQL'</font></br>]]>
    </line>
    <line>
      <![CDATA[<font color='Black'>Executing the query - 'SELECT * FROM filterLog WHERE txnid='403993715510380026';'</font></br>]]>
    </line>
    <line>
      <![CDATA[<font color='Black'>Connecting to OFFLINE db:-jdbc:mysql://10.50.23.45/payu</font></br>]]>
    </line>
    <line>
      <![CDATA[<font color='Black'>Connection succeeded</font></br>]]>
    </line>
    <line>
      <![CDATA[Filter Rule was Executed and an entry has been created in the DB]]>
    </line>
    <line>
      <![CDATA[<font color='Black'>Close the current browser window</font></br>]]>
    </line>
    <line>
      <![CDATA[<font color='Black'>Quit the browser</font></br>]]>
    </line>
  </reporter-output>
  <suite name="Product Automation" duration-ms="79423" started-at="2014-11-11T08:55:41Z" finished-at="2014-11-11T08:57:01Z">
    <groups>
      <group name="1">
        <method signature="TestBlackListing.blackListedPhoneNoGlobal(Utils.Config)[pri:0, instance:Test.AdminPanel.Filters.TestBlackListing@66d2e7d9]" name="blackListedPhoneNoGlobal" class="Test.AdminPanel.Filters.TestBlackListing"/>
      </group> <!-- 1 -->
    </groups>
    <test name="SeamlessStoreCard" duration-ms="79423" started-at="2014-11-11T08:55:41Z" finished-at="2014-11-11T08:57:01Z">
      <class name="Test.AdminPanel.Filters.TestBlackListing">
        <test-method status="PASS" signature="InitializeParameters(java.lang.String, java.lang.String, java.lang.String)[pri:0, instance:Test.AdminPanel.Filters.TestBlackListing@66d2e7d9]" name="InitializeParameters" is-config="true" duration-ms="16" started-at="2014-11-11T14:25:41Z" finished-at="2014-11-11T14:25:41Z">
          <params>
            <param index="0">
              <value is-null="true"/>
            </param>
            <param index="1">
              <value is-null="true"/>
            </param>
            <param index="2">
              <value is-null="true"/>
            </param>
          </params>
          <reporter-output>
          </reporter-output>
        </test-method> <!-- InitializeParameters -->
        <test-method status="PASS" signature="blackListedPhoneNoGlobal(Utils.Config)[pri:0, instance:Test.AdminPanel.Filters.TestBlackListing@66d2e7d9]" name="blackListedPhoneNoGlobal" duration-ms="71488" started-at="2014-11-11T14:25:49Z" description=" Verify that a phone Number gets blacklisted for global scope" data-provider="GetTestConfig" finished-at="2014-11-11T14:27:00Z">
          <params>
            <param index="0">
              <value>
                <![CDATA[Utils.Config@68878f6d]]>
              </value>
            </param>
          </params>
          <reporter-output>
            <line>
              <![CDATA[<font color='Black'>Wait for '2' seconds</font></br>]]>
            </line>
            <line>
              <![CDATA[<font color='Black'>Get TestData Excel:-'ProductTestData.xls', Sheet:- 'PaymentType'</font></br>]]>
            </line>
            <line>
              <![CDATA[<font color='Black'>Get TestData Excel:-'ProductTestData.xls', Sheet:- 'TransactionDetails'</font></br>]]>
            </line>
            <line>
              <![CDATA[<font color='Black'>Navigate to web page- 'https://admin.payu.in/home'</font></br>]]>
            </line>
            <line>
              <![CDATA[<font color='Black'>Added the cookie - Name: 'test_name' Value: 'Test.AdminPanel.Filters.TestBlackListing.blackListedPhoneNoGlobal' Domain: '.payu.in' Expiry: 'Wed Nov 12 14:25:54 IST 2014'</font></br>]]>
            </line>
            <line>
              <![CDATA[<font color='Black'>Wait for page load by waiting for element [link text: Admin Login]</font></br>]]>
            </line>
            <line>
              <![CDATA[<font color='Black'>Click on 'Admin Login link'</font></br>]]>
            </line>
            <line>
              <![CDATA[<font color='Black'>Wait for page load by waiting for element [id: username]</font></br>]]>
            </line>
            <line>
              <![CDATA[<font color='Black'>Enter the User name as 'qc2'</font></br>]]>
            </line>
            <line>
              <![CDATA[<font color='Black'>Enter the Password as 'Password2'</font></br>]]>
            </line>
            <line>
              <![CDATA[<font color='Black'>Click on 'Submit Button'</font></br>]]>
            </line>
            <line>
              <![CDATA[<font color='Black'>Wait for page load by waiting for element [link text: Test Transaction]</font></br>]]>
            </line>
            <line>
              <![CDATA[<font color='Black'>Navigate to web page- 'https://admin.payu.in/home'</font></br>]]>
            </line>
            <line>
              <![CDATA[<font color='Black'>Added the cookie - Name: 'test_name' Value: 'Test.AdminPanel.Filters.TestBlackListing.blackListedPhoneNoGlobal' Domain: '.payu.in' Expiry: 'Wed Nov 12 14:25:57 IST 2014'</font></br>]]>
            </line>
            <line>
              <![CDATA[<font color='Black'>Wait for page load by waiting for element [link text: Test Transaction]</font></br>]]>
            </line>
            <line>
              <![CDATA[<font color='Black'>Click on 'Test Transaction Link'</font></br>]]>
            </line>
            <line>
              <![CDATA[<font color='Black'>Wait for page load by waiting for element [name: amount]</font></br>]]>
            </line>
            <line>
              <![CDATA[<font color='Black'>Get TestData Excel:-'ProductTestData.xls', Sheet:- 'SQL'</font></br>]]>
            </line>
            <line>
              <![CDATA[<font color='Black'>Executing the query - 'SELECT * FROM filter WHERE id=132;'</font></br>]]>
            </line>
            <line>
              <![CDATA[<font color='Black'>Connecting to OFFLINE db:-jdbc:mysql://10.50.23.45/payu</font></br>]]>
            </line>
            <line>
              <![CDATA[<font color='Black'>Connection succeeded</font></br>]]>
            </line>
            <line>
              <![CDATA[<font color='Black'>Get TestData Excel:-'ProductTestData.xls', Sheet:- 'TransactionDetails'</font></br>]]>
            </line>
            <line>
              <![CDATA[<font color='Black'>Click on 'Merchant Drop Down'</font></br>]]>
            </line>
            <line>
              <![CDATA[<font color='Black'>Wait for '1' seconds</font></br>]]>
            </line>
            <line>
              <![CDATA[<font color='Black'>Enter the Search Merchant Key as ' - c3l7Yw'</font></br>]]>
            </line>
            <line>
              <![CDATA[<font color='Black'>Wait for '2' seconds</font></br>]]>
            </line>
            <line>
              <![CDATA[<font color='Black'>Get the WebElement with xPath://label/span[contains(text(),' - c3l7Yw')]</font></br>]]>
            </line>
            <line>
              <![CDATA[<font color='Black'>Click on 'Merchant'</font></br>]]>
            </line>
            <line>
              <![CDATA[<font color='Black'>Enter the Amount as '10.00'</font></br>]]>
            </line>
            <line>
              <![CDATA[<font color='Black'>Enter the Phone as '9000000001'</font></br>]]>
            </line>
            <line>
              <![CDATA[<font color='Black'>Submit 'Transaction'</font></br>]]>
            </line>
            <line>
              <![CDATA[<font color='Black'>Wait for page load by waiting for element [xpath: //p[@id='amountdiv']/span]</font></br>]]>
            </line>
            <line>
              <![CDATA[<font color='Black'>Click on 'Credit Card Tab'</font></br>]]>
            </line>
            <line>
              <![CDATA[<font color='Black'>Wait for page load by waiting for element [id: cname_on_card]</font></br>]]>
            </line>
            <line>
              <![CDATA[<font color='Black'>Get TestData Excel:-'ProductTestData.xls', Sheet:- 'CardDetails'</font></br>]]>
            </line>
            <line>
              <![CDATA[<font color='Black'>Enter the Name on Card as 'Test Card'</font></br>]]>
            </line>
            <line>
              <![CDATA[<font color='Black'>Enter the Card Number as '5'</font></br>]]>
            </line>
            <line>
              <![CDATA[<font color='Black'>Enter the Card Number as '1'</font></br>]]>
            </line>
            <line>
              <![CDATA[<font color='Black'>Enter the Card Number as '2'</font></br>]]>
            </line>
            <line>
              <![CDATA[<font color='Black'>Enter the Card Number as '3'</font></br>]]>
            </line>
            <line>
              <![CDATA[<font color='Black'>Enter the Card Number as '4'</font></br>]]>
            </line>
            <line>
              <![CDATA[<font color='Black'>Enter the Card Number as '5'</font></br>]]>
            </line>
            <line>
              <![CDATA[<font color='Black'>Enter the Card Number as '6'</font></br>]]>
            </line>
            <line>
              <![CDATA[<font color='Black'>Enter the Card Number as '7'</font></br>]]>
            </line>
            <line>
              <![CDATA[<font color='Black'>Enter the Card Number as '8'</font></br>]]>
            </line>
            <line>
              <![CDATA[<font color='Black'>Enter the Card Number as '9'</font></br>]]>
            </line>
            <line>
              <![CDATA[<font color='Black'>Enter the Card Number as '0'</font></br>]]>
            </line>
            <line>
              <![CDATA[<font color='Black'>Enter the Card Number as '1'</font></br>]]>
            </line>
            <line>
              <![CDATA[<font color='Black'>Enter the Card Number as '2'</font></br>]]>
            </line>
            <line>
              <![CDATA[<font color='Black'>Enter the Card Number as '3'</font></br>]]>
            </line>
            <line>
              <![CDATA[<font color='Black'>Enter the Card Number as '4'</font></br>]]>
            </line>
            <line>
              <![CDATA[<font color='Black'>Enter the Card Number as '6'</font></br>]]>
            </line>
            <line>
              <![CDATA[<font color='Black'>Enter the CVV as '123'</font></br>]]>
            </line>
            <line>
              <![CDATA[<font color='Black'>Select the Expiry month dropdown value '05'</font></br>]]>
            </line>
            <line>
              <![CDATA[<font color='Black'>Select the Expiry year dropdown value '2017'</font></br>]]>
            </line>
            <line>
              <![CDATA[<font color='Black'>Click on 'Pay Now'</font></br>]]>
            </line>
            <line>
              <![CDATA[<font color='Black'>Wait for '15' seconds</font></br>]]>
            </line>
            <line>
              <![CDATA[<font color='Black'>Wait for page load by waiting for element [tag name: pre]</font></br>]]>
            </line>
            <line>
              <![CDATA[<font color='Black'>Get TestData Excel:-'ProductTestData.xls', Sheet:- 'TransactionDetails'</font></br>]]>
            </line>
            <line>
              <![CDATA[<font color='Black'>Get TestData Excel:-'ProductTestData.xls', Sheet:- 'PaymentType'</font></br>]]>
            </line>
            <line>
              <![CDATA[<font color='Green'>Verified 'Count of Response Parameters' as :-'50'</font></br>]]>
            </line>
            <line>
              <![CDATA[<font color='Black'>Get TestData Excel:-'ProductTestData.xls', Sheet:- 'TestResponse'</font></br>]]>
            </line>
            <line>
              <![CDATA[<font color='Black'>Get TestData Excel:-'ProductTestData.xls', Sheet:- 'SQL'</font></br>]]>
            </line>
            <line>
              <![CDATA[<font color='Black'>Executing the query - 'select max(id) as mihpayid, merchantid, bank_ref_no as bank_ref_num, field9 as field9 from transaction where txnid = 'fb425584a4e2a52b27fb';'</font></br>]]>
            </line>
            <line>
              <![CDATA[<font color='Black'>Connecting to OFFLINE db:-jdbc:mysql://10.50.23.45/payu</font></br>]]>
            </line>
            <line>
              <![CDATA[<font color='Black'>Connection succeeded</font></br>]]>
            </line>
            <line>
              <![CDATA[<font color='Black'>Get TestData Excel:-'ProductTestData.xls', Sheet:- 'SQL'</font></br>]]>
            </line>
            <line>
              <![CDATA[<font color='Black'>Executing the query - 'select card_token from txn_info where payu_id='403993715510380026';'</font></br>]]>
            </line>
            <line>
              <![CDATA[<font color='Black'>Connecting to OFFLINE db:-jdbc:mysql://10.50.23.45/payu</font></br>]]>
            </line>
            <line>
              <![CDATA[<font color='Black'>Connection succeeded</font></br>]]>
            </line>
            <line>
              <![CDATA[<font color='Green'>Verified 'Response Param 'amount'' as :-'10.00'</font></br>]]>
            </line>
            <line>
              <![CDATA[<font color='Black'>Get TestData Excel:-'ProductTestData.xls', Sheet:- 'PGInfo'</font></br>]]>
            </line>
            <line>
              <![CDATA[<font color='Green'>Verified 'Response Param 'mode'' as :-'CC'</font></br>]]>
            </line>
            <line>
              <![CDATA[<font color='Green'>Verified 'Response Param 'phone'' as :-'9000000001'</font></br>]]>
            </line>
            <line>
              <![CDATA[<font color='Orange'>Skipping the verification of Response Param 'productinfo' as 'Product Info'</font></br>]]>
            </line>
            <line>
              <![CDATA[<font color='Orange'>Skipping the verification of Response Param 'discount' as '0.00'</font></br>]]>
            </line>
            <line>
              <![CDATA[<font color='Green'>Verified 'Response Param 'addedon'' as :-'2014-11-11 14:26:08'</font></br>]]>
            </line>
            <line>
              <![CDATA[<font color='Green'>Verified 'Response Param 'unmappedstatus'' as :-'failed'</font></br>]]>
            </line>
            <line>
              <![CDATA[<font color='Green'>Verified 'Response Param 'mihpayid'' as :-'403993715510380026'</font></br>]]>
            </line>
            <line>
              <![CDATA[<font color='Orange'>Skipping the verification of Response Param 'address2' as ''</font></br>]]>
            </line>
            <line>
              <![CDATA[<font color='Orange'>Skipping the verification of Response Param 'address1' as ''</font></br>]]>
            </line>
            <line>
              <![CDATA[<font color='Orange'>Skipping the verification of Response Param 'city' as ''</font></br>]]>
            </line>
            <line>
              <![CDATA[<font color='Green'>Verified 'Response Param 'key'' as :-'c3l7Yw'</font></br>]]>
            </line>
            <line>
              <![CDATA[<font color='Green'>Verified 'Response Param 'bank_ref_num'' as :-''</font></br>]]>
            </line>
            <line>
              <![CDATA[<font color='Green'>Verified 'Response Param 'txnid'' as :-'fb425584a4e2a52b27fb'</font></br>]]>
            </line>
            <line>
              <![CDATA[<font color='Orange'>Skipping the verification of Response Param 'email' as 'test@example.com'</font></br>]]>
            </line>
            <line>
              <![CDATA[<font color='Green'>Verified 'Response Param 'bankcode'' as :-'CC'</font></br>]]>
            </line>
            <line>
              <![CDATA[<font color='Green'>Verified 'Response Param 'error'' as :-'E307'</font></br>]]>
            </line>
            <line>
              <![CDATA[<font color='Green'>Verified 'Response Param 'error_Message'' as :-'Bank denied transaction due to risk'</font></br>]]>
            </line>
            <line>
              <![CDATA[<font color='Orange'>Skipping the verification of Response Param 'udf1' as ''</font></br>]]>
            </line>
            <line>
              <![CDATA[<font color='Orange'>Skipping the verification of Response Param 'udf2' as ''</font></br>]]>
            </line>
            <line>
              <![CDATA[<font color='Orange'>Skipping the verification of Response Param 'udf3' as ''</font></br>]]>
            </line>
            <line>
              <![CDATA[<font color='Orange'>Skipping the verification of Response Param 'udf4' as ''</font></br>]]>
            </line>
            <line>
              <![CDATA[<font color='Orange'>Skipping the verification of Response Param 'udf5' as ''</font></br>]]>
            </line>
            <line>
              <![CDATA[<font color='Green'>Verified 'Response Param 'udf6'' as :-''</font></br>]]>
            </line>
            <line>
              <![CDATA[<font color='Green'>Verified 'Response Param 'udf7'' as :-''</font></br>]]>
            </line>
            <line>
              <![CDATA[<font color='Green'>Verified 'Response Param 'udf8'' as :-''</font></br>]]>
            </line>
            <line>
              <![CDATA[<font color='Green'>Verified 'Response Param 'udf9'' as :-''</font></br>]]>
            </line>
            <line>
              <![CDATA[<font color='Green'>Verified 'Response Param 'udf10'' as :-''</font></br>]]>
            </line>
            <line>
              <![CDATA[<font color='Green'>Verified 'Response Param 'status'' as :-'failure'</font></br>]]>
            </line>
            <line>
              <![CDATA[<font color='Green'>Verified 'Response Param 'cardhash'' as :-'This field is no longer supported in postback params.'</font></br>]]>
            </line>
            <line>
              <![CDATA[<font color='Orange'>Skipping the verification of Response Param 'cardnum' as '512345XXXXXX2346'</font></br>]]>
            </line>
            <line>
              <![CDATA[<font color='Orange'>Skipping the verification of Response Param 'lastname' as ''</font></br>]]>
            </line>
            <line>
              <![CDATA[<font color='Orange'>Skipping the verification of Response Param 'field1' as ''</font></br>]]>
            </line>
            <line>
              <![CDATA[<font color='Orange'>Skipping the verification of Response Param 'field2' as ''</font></br>]]>
            </line>
            <line>
              <![CDATA[<font color='Orange'>Skipping the verification of Response Param 'field3' as ''</font></br>]]>
            </line>
            <line>
              <![CDATA[<font color='Orange'>Skipping the verification of Response Param 'field4' as ''</font></br>]]>
            </line>
            <line>
              <![CDATA[<font color='Orange'>Skipping the verification of Response Param 'field5' as ''</font></br>]]>
            </line>
            <line>
              <![CDATA[<font color='Orange'>Skipping the verification of Response Param 'field6' as ''</font></br>]]>
            </line>
            <line>
              <![CDATA[<font color='Orange'>Skipping the verification of Response Param 'field7' as ''</font></br>]]>
            </line>
            <line>
              <![CDATA[<font color='Orange'>Skipping the verification of Response Param 'field8' as ''</font></br>]]>
            </line>
            <line>
              <![CDATA[<font color='Orange'>Skipping the verification of Response Param 'field9' as 'Transaction denied due to blacklisted parameters.'</font></br>]]>
            </line>
            <line>
              <![CDATA[<font color='Orange'>Skipping the verification of Response Param 'country' as ''</font></br>]]>
            </line>
            <line>
              <![CDATA[<font color='Orange'>Skipping the verification of Response Param 'hash' as 'fa824e11dd9bf2110dd4aef5f91f761e1b2729c96c0ac56770130202813e9553176596b99f3edc73717a493ef8203b6e56aa816fe0a705cb90da530cf8176850'</font></br>]]>
            </line>
            <line>
              <![CDATA[<font color='Orange'>Skipping the verification of Response Param 'firstname' as 'Payu-Admin'</font></br>]]>
            </line>
            <line>
              <![CDATA[<font color='Orange'>Skipping the verification of Response Param 'zipcode' as ''</font></br>]]>
            </line>
            <line>
              <![CDATA[<font color='Orange'>Skipping the verification of Response Param 'state' as ''</font></br>]]>
            </line>
            <line>
              <![CDATA[<font color='Orange'>Skipping the verification of Response Param 'name_on_card' as 'Test Card'</font></br>]]>
            </line>
            <line>
              <![CDATA[<font color='Green'>Verified 'Response Param 'net_amount_debit'' as :-'0.00'</font></br>]]>
            </line>
            <line>
              <![CDATA[<font color='Orange'>Skipping the verification of Response Param 'payment_source' as 'payu'</font></br>]]>
            </line>
            <line>
              <![CDATA[<font color='Black'><B>Page URL</B>:- https://admin.payu.in/test_response</font></br>]]>
            </line>
            <line>
              <![CDATA[<font color='Black'><B>Screenshot</B>:- <a href=html/2014-11-11_14-26-55_Test.AdminPanel.Filters.TestBlackListing.blackListedPhoneNoGlobal.png target='_blank' >2014-11-11_14-26-55_Test.AdminPanel.Filters.TestBlackListing.blackListedPhoneNoGlobal.png</a></font></br>]]>
            </line>
            <line>
              <![CDATA[<font color='Black'>Get TestData Excel:-'ProductTestData.xls', Sheet:- 'SQL'</font></br>]]>
            </line>
            <line>
              <![CDATA[<font color='Black'>Executing the query - 'SELECT * FROM filterLog WHERE txnid='403993715510380026';'</font></br>]]>
            </line>
            <line>
              <![CDATA[<font color='Black'>Connecting to OFFLINE db:-jdbc:mysql://10.50.23.45/payu</font></br>]]>
            </line>
            <line>
              <![CDATA[<font color='Black'>Connection succeeded</font></br>]]>
            </line>
            <line>
              <![CDATA[Filter Rule was Executed and an entry has been created in the DB]]>
            </line>
          </reporter-output>
        </test-method> <!-- blackListedPhoneNoGlobal -->
        <test-method status="PASS" signature="init()[pri:0, instance:Test.AdminPanel.Filters.TestBlackListing@66d2e7d9]" name="init" is-config="true" duration-ms="0" started-at="2014-11-11T14:25:49Z" finished-at="2014-11-11T14:25:49Z">
          <reporter-output>
          </reporter-output>
        </test-method> <!-- init -->
        <test-method status="PASS" signature="tearDown(org.testng.ITestResult)[pri:0, instance:Test.AdminPanel.Filters.TestBlackListing@66d2e7d9]" name="tearDown" is-config="true" duration-ms="218" started-at="2014-11-11T14:27:01Z" finished-at="2014-11-11T14:27:01Z">
          <params>
            <param index="0">
              <value>
                <![CDATA[[TestResult name=blackListedPhoneNoGlobal status=SUCCESS method=TestBlackListing.blackListedPhoneNoGlobal(Utils.Config)[pri:0, instance:Test.AdminPanel.Filters.TestBlackListing@66d2e7d9] output=<font color='Black'>Wait for '2' seconds</font></br>]]]>
              </value>
            </param>
          </params>
          <reporter-output>
            <line>
              <![CDATA[<font color='Black'>Close the current browser window</font></br>]]>
            </line>
            <line>
              <![CDATA[<font color='Black'>Quit the browser</font></br>]]>
            </line>
          </reporter-output>
        </test-method> <!-- tearDown -->
        <test-method status="FAIL" signature="tearDown()[pri:0, instance:Test.AdminPanel.Filters.TestBlackListing@66d2e7d9]" name="tearDown" is-config="true" duration-ms="0" started-at="2014-11-11T14:27:01Z" finished-at="2014-11-11T14:27:01Z">
          <exception class="java.lang.AssertionError">
            <message>
              <![CDATA[The following asserts failed:
<font color='Red'>Expected 'Response Param 'PG_TYPE'' was :-''. But actual is 'HDFCPG'</font></br>This is generated by soft asset, <font color='Red'>Failed to verify Test Response</font></br>This is generated by soft asset, <font color='Red'><B>Failure occured in test 'Test.AdminPanel.Filters.TestBlackListing.blackListedPhoneNoGlobal' Ended on '2014-11-11 14:27:01'</B></font></br>This is generated by soft asset]]>
            </message>
            <full-stacktrace>
              <![CDATA[java.lang.AssertionError: The following asserts failed:
<font color='Red'>Expected 'Response Param 'PG_TYPE'' was :-''. But actual is 'HDFCPG'</font></br>This is generated by soft asset, <font color='Red'>Failed to verify Test Response</font></br>This is generated by soft asset, <font color='Red'><B>Failure occured in test 'Test.AdminPanel.Filters.TestBlackListing.blackListedPhoneNoGlobal' Ended on '2014-11-11 14:27:01'</B></font></br>This is generated by soft asset
	at org.testng.asserts.SoftAssert.assertAll(SoftAssert.java:38)
	at Utils.TestBase.tearDown(TestBase.java:132)
	at sun.reflect.NativeMethodAccessorImpl.invoke0(Native Method)
	at sun.reflect.NativeMethodAccessorImpl.invoke(NativeMethodAccessorImpl.java:62)
	at sun.reflect.DelegatingMethodAccessorImpl.invoke(DelegatingMethodAccessorImpl.java:43)
	at java.lang.reflect.Method.invoke(Method.java:483)
	at org.testng.internal.MethodInvocationHelper.invokeMethod(MethodInvocationHelper.java:84)
	at org.testng.internal.Invoker.invokeConfigurationMethod(Invoker.java:564)
	at org.testng.internal.Invoker.invokeConfigurations(Invoker.java:213)
	at org.testng.internal.Invoker.invokeConfigurations(Invoker.java:138)
	at org.testng.TestRunner.afterRun(TestRunner.java:1014)
	at org.testng.TestRunner.run(TestRunner.java:621)
	at org.testng.SuiteRunner.runTest(SuiteRunner.java:334)
	at org.testng.SuiteRunner.runSequentially(SuiteRunner.java:329)
	at org.testng.SuiteRunner.privateRun(SuiteRunner.java:291)
	at org.testng.SuiteRunner.run(SuiteRunner.java:240)
	at org.testng.SuiteRunnerWorker.runSuite(SuiteRunnerWorker.java:52)
	at org.testng.SuiteRunnerWorker.run(SuiteRunnerWorker.java:86)
	at org.testng.TestNG.runSuitesSequentially(TestNG.java:1224)
	at org.testng.TestNG.runSuitesLocally(TestNG.java:1149)
	at org.testng.TestNG.run(TestNG.java:1057)
	at org.apache.maven.surefire.testng.TestNGExecutor.run(TestNGExecutor.java:74)
	at org.apache.maven.surefire.testng.TestNGXmlTestSuite.execute(TestNGXmlTestSuite.java:92)
	at org.apache.maven.surefire.Surefire.run(Surefire.java:180)
	at sun.reflect.NativeMethodAccessorImpl.invoke0(Native Method)
	at sun.reflect.NativeMethodAccessorImpl.invoke(NativeMethodAccessorImpl.java:62)
	at sun.reflect.DelegatingMethodAccessorImpl.invoke(DelegatingMethodAccessorImpl.java:43)
	at java.lang.reflect.Method.invoke(Method.java:483)
	at org.apache.maven.surefire.booter.SurefireBooter.runSuitesInProcess(SurefireBooter.java:350)
	at org.apache.maven.surefire.booter.SurefireBooter.main(SurefireBooter.java:1021)
]]>
            </full-stacktrace>
          </exception> <!-- java.lang.AssertionError -->
          <reporter-output>
          </reporter-output>
        </test-method> <!-- tearDown -->
      </class> <!-- Test.AdminPanel.Filters.TestBlackListing -->
    </test> <!-- SeamlessStoreCard -->
  </suite> <!-- Product Automation -->
</testng-results>
